cuda will be used for training the PaiNN model
Current loss 5455.52001953125 Current batch 0/1047 (0.00%)
Current loss 10.693953514099121 Current batch 100/1047 (9.55%)
Current loss 1.9227423667907715 Current batch 200/1047 (19.10%)
Current loss 1.386590600013733 Current batch 300/1047 (28.65%)
Current loss 0.8846116662025452 Current batch 400/1047 (38.20%)
Current loss 2.0811033248901367 Current batch 500/1047 (47.76%)
Current loss 0.8174137473106384 Current batch 600/1047 (57.31%)
Current loss 0.47824805974960327 Current batch 700/1047 (66.86%)
Current loss 2.043736219406128 Current batch 800/1047 (76.41%)
Current loss 0.4213188886642456 Current batch 900/1047 (85.96%)
Current loss 0.4605817198753357 Current batch 1000/1047 (95.51%)
Validation set size: 262
### End of the epoch : Validation loss for 0 is 0.7090667486190796
Current loss 0.35515257716178894 Current batch 0/1047 (0.00%)
Current loss 0.5612128376960754 Current batch 100/1047 (9.55%)
Current loss 0.30491355061531067 Current batch 200/1047 (19.10%)
Current loss 0.5069394111633301 Current batch 300/1047 (28.65%)
Current loss 1.016279935836792 Current batch 400/1047 (38.20%)
Current loss 0.37688568234443665 Current batch 500/1047 (47.76%)
Current loss 0.4276123642921448 Current batch 600/1047 (57.31%)
Current loss 0.891821026802063 Current batch 700/1047 (66.86%)
Current loss 0.5113988518714905 Current batch 800/1047 (76.41%)
Current loss 0.518312394618988 Current batch 900/1047 (85.96%)
Current loss 0.5324498414993286 Current batch 1000/1047 (95.51%)
Validation set size: 262
### End of the epoch : Validation loss for 1 is 0.6510776281356812
Current loss 0.5288195013999939 Current batch 0/1047 (0.00%)
Current loss 0.4994749426841736 Current batch 100/1047 (9.55%)
Current loss 0.5679739117622375 Current batch 200/1047 (19.10%)
Current loss 0.37870246171951294 Current batch 300/1047 (28.65%)
Current loss 0.3309360444545746 Current batch 400/1047 (38.20%)
Current loss 1.6313302516937256 Current batch 500/1047 (47.76%)
Current loss 0.25780966877937317 Current batch 600/1047 (57.31%)
Current loss 0.38681507110595703 Current batch 700/1047 (66.86%)
Current loss 0.9029796123504639 Current batch 800/1047 (76.41%)
Current loss 0.3891172707080841 Current batch 900/1047 (85.96%)
Current loss 1.9935340881347656 Current batch 1000/1047 (95.51%)
Validation set size: 262
### End of the epoch : Validation loss for 2 is 0.4521801173686981
Current loss 0.2412281334400177 Current batch 0/1047 (0.00%)
Current loss 2.3055295944213867 Current batch 100/1047 (9.55%)
Current loss 0.2592698037624359 Current batch 200/1047 (19.10%)
Current loss 0.3149246275424957 Current batch 300/1047 (28.65%)
Current loss 0.17338310182094574 Current batch 400/1047 (38.20%)
Current loss 1.6130934953689575 Current batch 500/1047 (47.76%)
Current loss 0.3968448042869568 Current batch 600/1047 (57.31%)
Current loss 0.45912647247314453 Current batch 700/1047 (66.86%)
Current loss 0.7488746643066406 Current batch 800/1047 (76.41%)
Current loss 0.3794609010219574 Current batch 900/1047 (85.96%)
Current loss 0.3337315320968628 Current batch 1000/1047 (95.51%)
Validation set size: 262
### End of the epoch : Validation loss for 3 is 0.666282057762146
Current loss 0.44618159532546997 Current batch 0/1047 (0.00%)
Current loss 4.396538734436035 Current batch 100/1047 (9.55%)
Current loss 0.23596683144569397 Current batch 200/1047 (19.10%)
Current loss 0.5148702263832092 Current batch 300/1047 (28.65%)
Current loss 0.38338127732276917 Current batch 400/1047 (38.20%)
Current loss 0.23692043125629425 Current batch 500/1047 (47.76%)
Current loss 0.23264430463314056 Current batch 600/1047 (57.31%)
Current loss 0.6745356321334839 Current batch 700/1047 (66.86%)
Current loss 0.15488561987876892 Current batch 800/1047 (76.41%)
Current loss 2.0742790699005127 Current batch 900/1047 (85.96%)
Current loss 0.18869544565677643 Current batch 1000/1047 (95.51%)
Validation set size: 262
### End of the epoch : Validation loss for 4 is 1.144906759262085
Current loss 0.9577692747116089 Current batch 0/1047 (0.00%)
Current loss 1.0867514610290527 Current batch 100/1047 (9.55%)
Current loss 0.4698544144630432 Current batch 200/1047 (19.10%)
Current loss 0.2870238423347473 Current batch 300/1047 (28.65%)
Current loss 0.5673661828041077 Current batch 400/1047 (38.20%)
Current loss 0.3373401463031769 Current batch 500/1047 (47.76%)
Current loss 0.3534669876098633 Current batch 600/1047 (57.31%)
Current loss 0.22345757484436035 Current batch 700/1047 (66.86%)
Current loss 0.40190398693084717 Current batch 800/1047 (76.41%)
Current loss 0.3388526141643524 Current batch 900/1047 (85.96%)
Current loss 0.362745463848114 Current batch 1000/1047 (95.51%)
Validation set size: 262
### End of the epoch : Validation loss for 5 is 1.1066378355026245
Current loss 1.4373153448104858 Current batch 0/1047 (0.00%)
Current loss 0.7791258096694946 Current batch 100/1047 (9.55%)
Current loss 0.6202702522277832 Current batch 200/1047 (19.10%)
Current loss 0.292379230260849 Current batch 300/1047 (28.65%)
Current loss 0.2520487606525421 Current batch 400/1047 (38.20%)
Current loss 0.4792938828468323 Current batch 500/1047 (47.76%)
Current loss 0.16814269125461578 Current batch 600/1047 (57.31%)
Current loss 1.1737678050994873 Current batch 700/1047 (66.86%)
Current loss 0.22448478639125824 Current batch 800/1047 (76.41%)
Current loss 0.43636298179626465 Current batch 900/1047 (85.96%)
Current loss 0.23203963041305542 Current batch 1000/1047 (95.51%)
Validation set size: 262
### End of the epoch : Validation loss for 6 is 0.36332961916923523
Current loss 0.29984068870544434 Current batch 0/1047 (0.00%)
Current loss 1.4807589054107666 Current batch 100/1047 (9.55%)
Current loss 0.19388438761234283 Current batch 200/1047 (19.10%)
Current loss 0.32600176334381104 Current batch 300/1047 (28.65%)
Current loss 0.2644531726837158 Current batch 400/1047 (38.20%)
Current loss 0.2619308531284332 Current batch 500/1047 (47.76%)
Current loss 1.0076745748519897 Current batch 600/1047 (57.31%)
Current loss 0.258463591337204 Current batch 700/1047 (66.86%)
Current loss 0.2375146448612213 Current batch 800/1047 (76.41%)
Current loss 0.3137848973274231 Current batch 900/1047 (85.96%)
Current loss 0.2621121108531952 Current batch 1000/1047 (95.51%)
Validation set size: 262
### End of the epoch : Validation loss for 7 is 0.3878302276134491
Current loss 0.35137465596199036 Current batch 0/1047 (0.00%)
Current loss 0.2223948985338211 Current batch 100/1047 (9.55%)
Current loss 0.2190220206975937 Current batch 200/1047 (19.10%)
Current loss 0.3090968132019043 Current batch 300/1047 (28.65%)
Current loss 0.2984480559825897 Current batch 400/1047 (38.20%)
Current loss 0.18351337313652039 Current batch 500/1047 (47.76%)
Current loss 0.13634496927261353 Current batch 600/1047 (57.31%)
Current loss 0.2727208137512207 Current batch 700/1047 (66.86%)
Current loss 0.4941423833370209 Current batch 800/1047 (76.41%)
Current loss 0.21672511100769043 Current batch 900/1047 (85.96%)
Current loss 0.2543257772922516 Current batch 1000/1047 (95.51%)
Validation set size: 262
### End of the epoch : Validation loss for 8 is 1.0047200918197632
Current loss 0.4160182476043701 Current batch 0/1047 (0.00%)
Current loss 0.9111925959587097 Current batch 100/1047 (9.55%)
Current loss 0.17828376591205597 Current batch 200/1047 (19.10%)
Current loss 0.2623624801635742 Current batch 300/1047 (28.65%)
Current loss 0.7386492490768433 Current batch 400/1047 (38.20%)
Current loss 0.6496244072914124 Current batch 500/1047 (47.76%)
Current loss 0.2228495329618454 Current batch 600/1047 (57.31%)
Current loss 0.21818965673446655 Current batch 700/1047 (66.86%)
Current loss 0.1787531077861786 Current batch 800/1047 (76.41%)
Current loss 0.3260118067264557 Current batch 900/1047 (85.96%)
Current loss 17.52250099182129 Current batch 1000/1047 (95.51%)
Validation set size: 262
### End of the epoch : Validation loss for 9 is 0.31747663021087646
Current loss 0.23806579411029816 Current batch 0/1047 (0.00%)
Current loss 0.2694324851036072 Current batch 100/1047 (9.55%)
Current loss 0.17449618875980377 Current batch 200/1047 (19.10%)
Current loss 4.078540325164795 Current batch 300/1047 (28.65%)
Current loss 0.14795896410942078 Current batch 400/1047 (38.20%)
Current loss 0.5376495122909546 Current batch 500/1047 (47.76%)
Current loss 0.217594176530838 Current batch 600/1047 (57.31%)
Current loss 0.2395058125257492 Current batch 700/1047 (66.86%)
Current loss 1.0408449172973633 Current batch 800/1047 (76.41%)
Current loss 0.18908332288265228 Current batch 900/1047 (85.96%)
Current loss 0.2595684230327606 Current batch 1000/1047 (95.51%)
Validation set size: 262
### End of the epoch : Validation loss for 10 is 0.4893580675125122
Current loss 0.4245126247406006 Current batch 0/1047 (0.00%)
Current loss 0.3026938736438751 Current batch 100/1047 (9.55%)
Current loss 0.28860506415367126 Current batch 200/1047 (19.10%)
Current loss 0.8882503509521484 Current batch 300/1047 (28.65%)
Current loss 0.8045634031295776 Current batch 400/1047 (38.20%)
Current loss 0.3859722316265106 Current batch 500/1047 (47.76%)
Current loss 0.12118858098983765 Current batch 600/1047 (57.31%)
Current loss 0.9858512878417969 Current batch 700/1047 (66.86%)
Current loss 0.2942182719707489 Current batch 800/1047 (76.41%)
Current loss 0.4728279113769531 Current batch 900/1047 (85.96%)
Current loss 0.218252494931221 Current batch 1000/1047 (95.51%)
Validation set size: 262
### End of the epoch : Validation loss for 11 is 0.29172182083129883
Current loss 0.18799540400505066 Current batch 0/1047 (0.00%)
Current loss 0.15026862919330597 Current batch 100/1047 (9.55%)
Current loss 0.39156219363212585 Current batch 200/1047 (19.10%)
Current loss 0.1567750871181488 Current batch 300/1047 (28.65%)
Current loss 0.27893394231796265 Current batch 400/1047 (38.20%)
Current loss 0.7763037085533142 Current batch 500/1047 (47.76%)
Current loss 0.15070265531539917 Current batch 600/1047 (57.31%)
Current loss 0.353455126285553 Current batch 700/1047 (66.86%)
Current loss 0.27572324872016907 Current batch 800/1047 (76.41%)
Current loss 0.5123158097267151 Current batch 900/1047 (85.96%)
Current loss 0.2087935209274292 Current batch 1000/1047 (95.51%)
Validation set size: 262
### End of the epoch : Validation loss for 12 is 0.43397071957588196
Current loss 0.3692755699157715 Current batch 0/1047 (0.00%)
Current loss 0.2668495774269104 Current batch 100/1047 (9.55%)
Current loss 0.21850554645061493 Current batch 200/1047 (19.10%)
Current loss 0.6548721194267273 Current batch 300/1047 (28.65%)
Current loss 0.2127467542886734 Current batch 400/1047 (38.20%)
Current loss 0.603720486164093 Current batch 500/1047 (47.76%)
Current loss 0.4288384020328522 Current batch 600/1047 (57.31%)
Current loss 0.360217422246933 Current batch 700/1047 (66.86%)
Current loss 0.2138216197490692 Current batch 800/1047 (76.41%)
Current loss 1.6973156929016113 Current batch 900/1047 (85.96%)
Current loss 0.44868597388267517 Current batch 1000/1047 (95.51%)
Validation set size: 262
### End of the epoch : Validation loss for 13 is 0.37096765637397766
Current loss 0.2423226535320282 Current batch 0/1047 (0.00%)
Current loss 0.19015558063983917 Current batch 100/1047 (9.55%)
Current loss 0.4181574881076813 Current batch 200/1047 (19.10%)
Current loss 0.401977002620697 Current batch 300/1047 (28.65%)
Current loss 0.11320999264717102 Current batch 400/1047 (38.20%)
Current loss 2.1251578330993652 Current batch 500/1047 (47.76%)
Current loss 0.2571582496166229 Current batch 600/1047 (57.31%)
Current loss 0.2997891902923584 Current batch 700/1047 (66.86%)
Current loss 0.11666484922170639 Current batch 800/1047 (76.41%)
Current loss 0.12787465751171112 Current batch 900/1047 (85.96%)
Current loss 0.21314206719398499 Current batch 1000/1047 (95.51%)
Validation set size: 262
### End of the epoch : Validation loss for 14 is 0.4019494354724884
Current loss 0.46153953671455383 Current batch 0/1047 (0.00%)
Current loss 0.2891775965690613 Current batch 100/1047 (9.55%)
Current loss 0.28292375802993774 Current batch 200/1047 (19.10%)
Current loss 0.30968883633613586 Current batch 300/1047 (28.65%)
Current loss 0.21190951764583588 Current batch 400/1047 (38.20%)
Current loss 0.2118910402059555 Current batch 500/1047 (47.76%)
Current loss 0.2761766314506531 Current batch 600/1047 (57.31%)
Current loss 0.32968223094940186 Current batch 700/1047 (66.86%)
Current loss 0.25377407670021057 Current batch 800/1047 (76.41%)
Current loss 1.7178969383239746 Current batch 900/1047 (85.96%)
Current loss 0.2110358029603958 Current batch 1000/1047 (95.51%)
Validation set size: 262
### End of the epoch : Validation loss for 15 is 0.8830550909042358
Current loss 0.7173151969909668 Current batch 0/1047 (0.00%)
Current loss 0.18155603110790253 Current batch 100/1047 (9.55%)
Current loss 0.27479761838912964 Current batch 200/1047 (19.10%)
Current loss 6.220118045806885 Current batch 300/1047 (28.65%)
Current loss 0.2710103392601013 Current batch 400/1047 (38.20%)
Current loss 0.415393590927124 Current batch 500/1047 (47.76%)
Current loss 0.4167299270629883 Current batch 600/1047 (57.31%)
Current loss 0.21386483311653137 Current batch 700/1047 (66.86%)
Current loss 0.2057112604379654 Current batch 800/1047 (76.41%)
Current loss 0.23730716109275818 Current batch 900/1047 (85.96%)
Current loss 0.24408133327960968 Current batch 1000/1047 (95.51%)
Validation set size: 262
### End of the epoch : Validation loss for 16 is 0.28466784954071045
Current loss 0.1976465880870819 Current batch 0/1047 (0.00%)
Current loss 0.39262855052948 Current batch 100/1047 (9.55%)
Current loss 0.22780904173851013 Current batch 200/1047 (19.10%)
Current loss 1.46493661403656 Current batch 300/1047 (28.65%)
Current loss 0.37296125292778015 Current batch 400/1047 (38.20%)
Current loss 0.2219351977109909 Current batch 500/1047 (47.76%)
Current loss 0.10275289416313171 Current batch 600/1047 (57.31%)
Current loss 0.20279881358146667 Current batch 700/1047 (66.86%)
Current loss 0.30048397183418274 Current batch 800/1047 (76.41%)
Current loss 0.19818274676799774 Current batch 900/1047 (85.96%)
Current loss 0.22629840672016144 Current batch 1000/1047 (95.51%)
Validation set size: 262
### End of the epoch : Validation loss for 17 is 0.3225664496421814
Current loss 0.2348332554101944 Current batch 0/1047 (0.00%)
Current loss 0.194193035364151 Current batch 100/1047 (9.55%)
Current loss 0.3449561595916748 Current batch 200/1047 (19.10%)
Current loss 0.14507874846458435 Current batch 300/1047 (28.65%)
Current loss 1.1357775926589966 Current batch 400/1047 (38.20%)
Current loss 0.46267518401145935 Current batch 500/1047 (47.76%)
Current loss 0.17619851231575012 Current batch 600/1047 (57.31%)
Current loss 0.14891012012958527 Current batch 700/1047 (66.86%)
Current loss 0.18477380275726318 Current batch 800/1047 (76.41%)
Current loss 4.024017333984375 Current batch 900/1047 (85.96%)
Current loss 0.1497112214565277 Current batch 1000/1047 (95.51%)
Validation set size: 262
### End of the epoch : Validation loss for 18 is 0.3139972984790802
Current loss 0.23974473774433136 Current batch 0/1047 (0.00%)
Current loss 0.26161524653434753 Current batch 100/1047 (9.55%)
Current loss 0.28836554288864136 Current batch 200/1047 (19.10%)
Current loss 0.3147517442703247 Current batch 300/1047 (28.65%)
Current loss 0.21710900962352753 Current batch 400/1047 (38.20%)
Current loss 0.163949117064476 Current batch 500/1047 (47.76%)
Current loss 0.2037026286125183 Current batch 600/1047 (57.31%)
Current loss 0.22312159836292267 Current batch 700/1047 (66.86%)
Current loss 1.6383193731307983 Current batch 800/1047 (76.41%)
Current loss 0.19646307826042175 Current batch 900/1047 (85.96%)
Current loss 0.5013923048973083 Current batch 1000/1047 (95.51%)
Validation set size: 262
### End of the epoch : Validation loss for 19 is 0.49827083945274353
Current loss 0.37364661693573 Current batch 0/1047 (0.00%)
Current loss 0.798961877822876 Current batch 100/1047 (9.55%)
Current loss 0.1831323653459549 Current batch 200/1047 (19.10%)
Current loss 0.18677610158920288 Current batch 300/1047 (28.65%)
Current loss 0.36737653613090515 Current batch 400/1047 (38.20%)
Current loss 0.16594943404197693 Current batch 500/1047 (47.76%)
Current loss 0.18878890573978424 Current batch 600/1047 (57.31%)
Current loss 0.26741889119148254 Current batch 700/1047 (66.86%)
Current loss 0.20193733274936676 Current batch 800/1047 (76.41%)
Current loss 0.20448027551174164 Current batch 900/1047 (85.96%)
Current loss 0.14432857930660248 Current batch 1000/1047 (95.51%)
Validation set size: 262
### End of the epoch : Validation loss for 20 is 1.320458173751831
Current loss 1.0201410055160522 Current batch 0/1047 (0.00%)
Current loss 0.25783488154411316 Current batch 100/1047 (9.55%)
Current loss 0.14905208349227905 Current batch 200/1047 (19.10%)
Current loss 0.23448196053504944 Current batch 300/1047 (28.65%)
Current loss 0.16549065709114075 Current batch 400/1047 (38.20%)
Current loss 0.11957141757011414 Current batch 500/1047 (47.76%)
Current loss 0.4226616621017456 Current batch 600/1047 (57.31%)
Current loss 0.3365362882614136 Current batch 700/1047 (66.86%)
Current loss 0.13611982762813568 Current batch 800/1047 (76.41%)
Current loss 0.15918394923210144 Current batch 900/1047 (85.96%)
Current loss 1.3257557153701782 Current batch 1000/1047 (95.51%)
Validation set size: 262
### End of the epoch : Validation loss for 21 is 0.23286595940589905
Current loss 0.1679321676492691 Current batch 0/1047 (0.00%)
Current loss 0.20550677180290222 Current batch 100/1047 (9.55%)
Current loss 0.22327449917793274 Current batch 200/1047 (19.10%)
Current loss 0.16422422230243683 Current batch 300/1047 (28.65%)
Current loss 0.1742587834596634 Current batch 400/1047 (38.20%)
Current loss 0.21535171568393707 Current batch 500/1047 (47.76%)
Current loss 0.3220025599002838 Current batch 600/1047 (57.31%)
Current loss 0.15205033123493195 Current batch 700/1047 (66.86%)
Current loss 0.3193531930446625 Current batch 800/1047 (76.41%)
Current loss 0.19651401042938232 Current batch 900/1047 (85.96%)
Current loss 0.16116595268249512 Current batch 1000/1047 (95.51%)
Validation set size: 262
### End of the epoch : Validation loss for 22 is 0.22600844502449036
Current loss 0.16024014353752136 Current batch 0/1047 (0.00%)
Current loss 0.22453126311302185 Current batch 100/1047 (9.55%)
Current loss 0.18539275228977203 Current batch 200/1047 (19.10%)
Current loss 0.16760709881782532 Current batch 300/1047 (28.65%)
Current loss 0.19752898812294006 Current batch 400/1047 (38.20%)
Current loss 0.2787023186683655 Current batch 500/1047 (47.76%)
Current loss 0.13679622113704681 Current batch 600/1047 (57.31%)
Current loss 0.18175803124904633 Current batch 700/1047 (66.86%)
Current loss 0.15819644927978516 Current batch 800/1047 (76.41%)
Current loss 0.16021201014518738 Current batch 900/1047 (85.96%)
Current loss 0.16022725403308868 Current batch 1000/1047 (95.51%)
Validation set size: 262
### End of the epoch : Validation loss for 23 is 0.2403063327074051
Current loss 0.13524113595485687 Current batch 0/1047 (0.00%)
Current loss 0.15284448862075806 Current batch 100/1047 (9.55%)
Current loss 0.1445617973804474 Current batch 200/1047 (19.10%)
Current loss 0.17697106301784515 Current batch 300/1047 (28.65%)
Current loss 0.6747834086418152 Current batch 400/1047 (38.20%)
Current loss 0.1349034160375595 Current batch 500/1047 (47.76%)
Current loss 0.2308119684457779 Current batch 600/1047 (57.31%)
Current loss 0.2729225158691406 Current batch 700/1047 (66.86%)
Current loss 0.20600374042987823 Current batch 800/1047 (76.41%)
Current loss 0.13200289011001587 Current batch 900/1047 (85.96%)
Current loss 0.16919037699699402 Current batch 1000/1047 (95.51%)
Validation set size: 262
### End of the epoch : Validation loss for 24 is 0.21521417796611786
Current loss 0.15649257600307465 Current batch 0/1047 (0.00%)
Current loss 1.3003207445144653 Current batch 100/1047 (9.55%)
Current loss 0.23718726634979248 Current batch 200/1047 (19.10%)
Current loss 0.3505583107471466 Current batch 300/1047 (28.65%)
Current loss 0.1532851606607437 Current batch 400/1047 (38.20%)
Current loss 0.10744097828865051 Current batch 500/1047 (47.76%)
Current loss 0.21087144315242767 Current batch 600/1047 (57.31%)
Current loss 0.3548273742198944 Current batch 700/1047 (66.86%)
Current loss 0.22288672626018524 Current batch 800/1047 (76.41%)
Current loss 0.1408517211675644 Current batch 900/1047 (85.96%)
Current loss 0.1644337773323059 Current batch 1000/1047 (95.51%)
Validation set size: 262
### End of the epoch : Validation loss for 25 is 0.8847874402999878
Current loss 1.6913212537765503 Current batch 0/1047 (0.00%)
Current loss 0.17083539068698883 Current batch 100/1047 (9.55%)
Current loss 0.3251248002052307 Current batch 200/1047 (19.10%)
Current loss 0.1765546351671219 Current batch 300/1047 (28.65%)
Current loss 0.16134890913963318 Current batch 400/1047 (38.20%)
Current loss 0.36198267340660095 Current batch 500/1047 (47.76%)
Current loss 0.22248464822769165 Current batch 600/1047 (57.31%)
Current loss 0.22087480127811432 Current batch 700/1047 (66.86%)
Current loss 0.23088586330413818 Current batch 800/1047 (76.41%)
Current loss 0.2319936901330948 Current batch 900/1047 (85.96%)
Current loss 0.5029085278511047 Current batch 1000/1047 (95.51%)
Validation set size: 262
### End of the epoch : Validation loss for 26 is 1.0108979940414429
Current loss 2.6672723293304443 Current batch 0/1047 (0.00%)
Current loss 0.2841047942638397 Current batch 100/1047 (9.55%)
Current loss 0.1573719084262848 Current batch 200/1047 (19.10%)
Current loss 0.12657542526721954 Current batch 300/1047 (28.65%)
Current loss 0.21384111046791077 Current batch 400/1047 (38.20%)
Current loss 0.151287242770195 Current batch 500/1047 (47.76%)
Current loss 0.12849964201450348 Current batch 600/1047 (57.31%)
Current loss 0.7839402556419373 Current batch 700/1047 (66.86%)
Current loss 0.2635854184627533 Current batch 800/1047 (76.41%)
Current loss 0.1471659243106842 Current batch 900/1047 (85.96%)
Current loss 0.13155272603034973 Current batch 1000/1047 (95.51%)
Validation set size: 262
### End of the epoch : Validation loss for 27 is 0.2119758576154709
Current loss 0.15393657982349396 Current batch 0/1047 (0.00%)
Current loss 0.16819265484809875 Current batch 100/1047 (9.55%)
Current loss 0.101036936044693 Current batch 200/1047 (19.10%)
Current loss 0.13960348069667816 Current batch 300/1047 (28.65%)
Current loss 0.16294226050376892 Current batch 400/1047 (38.20%)
Current loss 0.3448234498500824 Current batch 500/1047 (47.76%)
Current loss 0.12589938938617706 Current batch 600/1047 (57.31%)
Current loss 0.2391059249639511 Current batch 700/1047 (66.86%)
Current loss 0.1484624296426773 Current batch 800/1047 (76.41%)
Current loss 0.2050420492887497 Current batch 900/1047 (85.96%)
Current loss 0.18873198330402374 Current batch 1000/1047 (95.51%)
Validation set size: 262
### End of the epoch : Validation loss for 28 is 0.28098058700561523
Current loss 0.1800888031721115 Current batch 0/1047 (0.00%)
Current loss 0.3700527846813202 Current batch 100/1047 (9.55%)
Current loss 0.16178405284881592 Current batch 200/1047 (19.10%)
Current loss 0.28136223554611206 Current batch 300/1047 (28.65%)
Current loss 0.25662192702293396 Current batch 400/1047 (38.20%)
Current loss 0.1625322550535202 Current batch 500/1047 (47.76%)
Current loss 0.23301726579666138 Current batch 600/1047 (57.31%)
Current loss 0.17526881396770477 Current batch 700/1047 (66.86%)
Current loss 0.19921308755874634 Current batch 800/1047 (76.41%)
Current loss 0.14634855091571808 Current batch 900/1047 (85.96%)
Current loss 0.11581417173147202 Current batch 1000/1047 (95.51%)
Validation set size: 262
### End of the epoch : Validation loss for 29 is 0.23163042962551117
Current loss 0.1390821933746338 Current batch 0/1047 (0.00%)
Current loss 0.17583319544792175 Current batch 100/1047 (9.55%)
Current loss 0.16113753616809845 Current batch 200/1047 (19.10%)
Current loss 0.22422011196613312 Current batch 300/1047 (28.65%)
Current loss 0.16462597250938416 Current batch 400/1047 (38.20%)
Current loss 0.11052428930997849 Current batch 500/1047 (47.76%)
Current loss 6.259105682373047 Current batch 600/1047 (57.31%)
Current loss 0.14122991263866425 Current batch 700/1047 (66.86%)
Current loss 0.213448628783226 Current batch 800/1047 (76.41%)
Current loss 0.2558438181877136 Current batch 900/1047 (85.96%)
Current loss 0.28345945477485657 Current batch 1000/1047 (95.51%)
Validation set size: 262
### End of the epoch : Validation loss for 30 is 0.22887125611305237
Current loss 0.1599646359682083 Current batch 0/1047 (0.00%)
Current loss 0.20316487550735474 Current batch 100/1047 (9.55%)
Current loss 0.14603076875209808 Current batch 200/1047 (19.10%)
Current loss 0.13876596093177795 Current batch 300/1047 (28.65%)
Current loss 0.12493541091680527 Current batch 400/1047 (38.20%)
Current loss 0.3786148130893707 Current batch 500/1047 (47.76%)
Current loss 0.12615834176540375 Current batch 600/1047 (57.31%)
Current loss 0.11826083809137344 Current batch 700/1047 (66.86%)
Current loss 0.16472755372524261 Current batch 800/1047 (76.41%)
Current loss 0.23821589350700378 Current batch 900/1047 (85.96%)
Current loss 0.6408740282058716 Current batch 1000/1047 (95.51%)
Validation set size: 262
### End of the epoch : Validation loss for 31 is 0.2098773717880249
Current loss 0.23719197511672974 Current batch 0/1047 (0.00%)
Current loss 0.17832745611667633 Current batch 100/1047 (9.55%)
Current loss 0.1410972625017166 Current batch 200/1047 (19.10%)
Current loss 0.12814822793006897 Current batch 300/1047 (28.65%)
Current loss 0.1119893342256546 Current batch 400/1047 (38.20%)
Current loss 0.26316356658935547 Current batch 500/1047 (47.76%)
Current loss 0.1270138919353485 Current batch 600/1047 (57.31%)
Current loss 0.13817721605300903 Current batch 700/1047 (66.86%)
Current loss 0.1243061050772667 Current batch 800/1047 (76.41%)
Current loss 0.3550891876220703 Current batch 900/1047 (85.96%)
Current loss 0.4337393045425415 Current batch 1000/1047 (95.51%)
Validation set size: 262
### End of the epoch : Validation loss for 32 is 0.20142967998981476
Current loss 0.10512973368167877 Current batch 0/1047 (0.00%)
Current loss 0.6301919221878052 Current batch 100/1047 (9.55%)
Current loss 0.1418059915304184 Current batch 200/1047 (19.10%)
Current loss 0.2435726523399353 Current batch 300/1047 (28.65%)
Current loss 0.20353727042675018 Current batch 400/1047 (38.20%)
Current loss 0.3598586320877075 Current batch 500/1047 (47.76%)
Current loss 0.17668618261814117 Current batch 600/1047 (57.31%)
Current loss 0.11452188342809677 Current batch 700/1047 (66.86%)
Current loss 0.23304980993270874 Current batch 800/1047 (76.41%)
Current loss 0.15445636212825775 Current batch 900/1047 (85.96%)
Current loss 0.6708004474639893 Current batch 1000/1047 (95.51%)
Validation set size: 262
### End of the epoch : Validation loss for 33 is 1.2676293849945068
Current loss 1.1420366764068604 Current batch 0/1047 (0.00%)
Current loss 0.20136022567749023 Current batch 100/1047 (9.55%)
Current loss 0.20456334948539734 Current batch 200/1047 (19.10%)
Current loss 0.23209582269191742 Current batch 300/1047 (28.65%)
Current loss 0.1589648723602295 Current batch 400/1047 (38.20%)
Current loss 0.18822896480560303 Current batch 500/1047 (47.76%)
Current loss 0.33650314807891846 Current batch 600/1047 (57.31%)
Current loss 0.1699528694152832 Current batch 700/1047 (66.86%)
Current loss 0.12788373231887817 Current batch 800/1047 (76.41%)
Current loss 0.13045629858970642 Current batch 900/1047 (85.96%)
Current loss 20.311779022216797 Current batch 1000/1047 (95.51%)
Validation set size: 262
### End of the epoch : Validation loss for 34 is 0.2554129958152771
Current loss 0.24230040609836578 Current batch 0/1047 (0.00%)
Current loss 0.36286306381225586 Current batch 100/1047 (9.55%)
Current loss 0.31118538975715637 Current batch 200/1047 (19.10%)
Current loss 0.31940263509750366 Current batch 300/1047 (28.65%)
Current loss 0.41765448451042175 Current batch 400/1047 (38.20%)
Current loss 0.14501087367534637 Current batch 500/1047 (47.76%)
Current loss 0.21894794702529907 Current batch 600/1047 (57.31%)
Current loss 0.14572255313396454 Current batch 700/1047 (66.86%)
Current loss 0.1321336030960083 Current batch 800/1047 (76.41%)
Current loss 0.09863346070051193 Current batch 900/1047 (85.96%)
Current loss 0.1492604911327362 Current batch 1000/1047 (95.51%)
Validation set size: 262
### End of the epoch : Validation loss for 35 is 0.19181913137435913
Current loss 0.10670667141675949 Current batch 0/1047 (0.00%)
Current loss 0.08456103503704071 Current batch 100/1047 (9.55%)
Current loss 0.15151415765285492 Current batch 200/1047 (19.10%)
Current loss 0.3348473310470581 Current batch 300/1047 (28.65%)
Current loss 0.1584683507680893 Current batch 400/1047 (38.20%)
Current loss 0.15150997042655945 Current batch 500/1047 (47.76%)
Current loss 0.1870146095752716 Current batch 600/1047 (57.31%)
Current loss 0.1097831204533577 Current batch 700/1047 (66.86%)
Current loss 0.2886430621147156 Current batch 800/1047 (76.41%)
Current loss 0.11890953779220581 Current batch 900/1047 (85.96%)
Current loss 0.37892743945121765 Current batch 1000/1047 (95.51%)
Validation set size: 262
### End of the epoch : Validation loss for 36 is 0.23993676900863647
Current loss 0.13495434820652008 Current batch 0/1047 (0.00%)
Current loss 0.37646496295928955 Current batch 100/1047 (9.55%)
Current loss 0.1893600970506668 Current batch 200/1047 (19.10%)
Current loss 0.17411494255065918 Current batch 300/1047 (28.65%)
Current loss 0.2030664086341858 Current batch 400/1047 (38.20%)
Current loss 0.11236926913261414 Current batch 500/1047 (47.76%)
Current loss 0.14146214723587036 Current batch 600/1047 (57.31%)
Current loss 0.14337460696697235 Current batch 700/1047 (66.86%)
Current loss 0.11035697907209396 Current batch 800/1047 (76.41%)
Current loss 0.18438293039798737 Current batch 900/1047 (85.96%)
Current loss 0.2109217792749405 Current batch 1000/1047 (95.51%)
Validation set size: 262
### End of the epoch : Validation loss for 37 is 0.18904416263103485
Current loss 0.12919078767299652 Current batch 0/1047 (0.00%)
Current loss 0.12632332742214203 Current batch 100/1047 (9.55%)
Current loss 0.24736131727695465 Current batch 200/1047 (19.10%)
Current loss 0.1246609017252922 Current batch 300/1047 (28.65%)
Current loss 0.3740893602371216 Current batch 400/1047 (38.20%)
Current loss 0.1639636754989624 Current batch 500/1047 (47.76%)
Current loss 0.11368543654680252 Current batch 600/1047 (57.31%)
Current loss 0.08830036967992783 Current batch 700/1047 (66.86%)
Current loss 0.18829533457756042 Current batch 800/1047 (76.41%)
Current loss 0.5215463042259216 Current batch 900/1047 (85.96%)
Current loss 0.13654255867004395 Current batch 1000/1047 (95.51%)
Validation set size: 262
### End of the epoch : Validation loss for 38 is 0.19003678858280182
Current loss 0.20047733187675476 Current batch 0/1047 (0.00%)
Current loss 0.27553367614746094 Current batch 100/1047 (9.55%)
Current loss 0.11347220838069916 Current batch 200/1047 (19.10%)
Current loss 0.18348811566829681 Current batch 300/1047 (28.65%)
Current loss 0.18285652995109558 Current batch 400/1047 (38.20%)
Current loss 0.18492820858955383 Current batch 500/1047 (47.76%)
Current loss 0.3073732554912567 Current batch 600/1047 (57.31%)
Current loss 0.1360742300748825 Current batch 700/1047 (66.86%)
Current loss 0.74770188331604 Current batch 800/1047 (76.41%)
Current loss 0.2141420692205429 Current batch 900/1047 (85.96%)
Current loss 0.12899720668792725 Current batch 1000/1047 (95.51%)
Validation set size: 262
### End of the epoch : Validation loss for 39 is 0.18024811148643494
Current loss 0.10669916123151779 Current batch 0/1047 (0.00%)
Current loss 0.2341691106557846 Current batch 100/1047 (9.55%)
Current loss 0.5822516679763794 Current batch 200/1047 (19.10%)
Current loss 0.19477234780788422 Current batch 300/1047 (28.65%)
Current loss 0.14884912967681885 Current batch 400/1047 (38.20%)
Current loss 0.3800624907016754 Current batch 500/1047 (47.76%)
Current loss 0.21581387519836426 Current batch 600/1047 (57.31%)
Current loss 0.28158336877822876 Current batch 700/1047 (66.86%)
Current loss 0.1489631086587906 Current batch 800/1047 (76.41%)
Current loss 0.3511795103549957 Current batch 900/1047 (85.96%)
Current loss 0.17156603932380676 Current batch 1000/1047 (95.51%)
Validation set size: 262
### End of the epoch : Validation loss for 40 is 0.18845559656620026
Current loss 0.17889118194580078 Current batch 0/1047 (0.00%)
Current loss 0.17185458540916443 Current batch 100/1047 (9.55%)
Current loss 0.19767329096794128 Current batch 200/1047 (19.10%)
Current loss 0.2631344497203827 Current batch 300/1047 (28.65%)
Current loss 0.2139623910188675 Current batch 400/1047 (38.20%)
Current loss 0.1304314136505127 Current batch 500/1047 (47.76%)
Current loss 0.20576941967010498 Current batch 600/1047 (57.31%)
Current loss 0.1284017711877823 Current batch 700/1047 (66.86%)
Current loss 0.33328932523727417 Current batch 800/1047 (76.41%)
Current loss 0.21769173443317413 Current batch 900/1047 (85.96%)
Current loss 0.4544011652469635 Current batch 1000/1047 (95.51%)
Validation set size: 262
### End of the epoch : Validation loss for 41 is 0.184339240193367
Current loss 0.10102943331003189 Current batch 0/1047 (0.00%)
Current loss 0.6210283637046814 Current batch 100/1047 (9.55%)
Current loss 0.1139661967754364 Current batch 200/1047 (19.10%)
Current loss 0.13891460001468658 Current batch 300/1047 (28.65%)
Current loss 0.23091571033000946 Current batch 400/1047 (38.20%)
Current loss 0.2960192561149597 Current batch 500/1047 (47.76%)
Current loss 0.17646557092666626 Current batch 600/1047 (57.31%)
Current loss 0.15968318283557892 Current batch 700/1047 (66.86%)
Current loss 0.1349051147699356 Current batch 800/1047 (76.41%)
Current loss 0.21653342247009277 Current batch 900/1047 (85.96%)
Current loss 0.161595419049263 Current batch 1000/1047 (95.51%)
Validation set size: 262
### End of the epoch : Validation loss for 42 is 0.1767551451921463
Current loss 0.16878876090049744 Current batch 0/1047 (0.00%)
Current loss 0.23161010444164276 Current batch 100/1047 (9.55%)
Current loss 0.17053528130054474 Current batch 200/1047 (19.10%)
Current loss 0.18938161432743073 Current batch 300/1047 (28.65%)
Current loss 0.13805586099624634 Current batch 400/1047 (38.20%)
Current loss 0.1352429836988449 Current batch 500/1047 (47.76%)
Current loss 0.1797163188457489 Current batch 600/1047 (57.31%)
Current loss 0.11175139993429184 Current batch 700/1047 (66.86%)
Current loss 0.13228926062583923 Current batch 800/1047 (76.41%)
Current loss 0.2486492246389389 Current batch 900/1047 (85.96%)
Current loss 0.16884122788906097 Current batch 1000/1047 (95.51%)
Validation set size: 262
### End of the epoch : Validation loss for 43 is 0.18865585327148438
Current loss 0.15961198508739471 Current batch 0/1047 (0.00%)
Current loss 0.12419795989990234 Current batch 100/1047 (9.55%)
Current loss 0.17534630000591278 Current batch 200/1047 (19.10%)
Current loss 0.15277835726737976 Current batch 300/1047 (28.65%)
Current loss 0.18917496502399445 Current batch 400/1047 (38.20%)
Current loss 0.13308127224445343 Current batch 500/1047 (47.76%)
Current loss 0.2504119575023651 Current batch 600/1047 (57.31%)
Current loss 4.660820960998535 Current batch 700/1047 (66.86%)
Current loss 0.4688814878463745 Current batch 800/1047 (76.41%)
Current loss 0.15635503828525543 Current batch 900/1047 (85.96%)
Current loss 0.1277579516172409 Current batch 1000/1047 (95.51%)
Validation set size: 262
### End of the epoch : Validation loss for 44 is 0.17932868003845215
Current loss 0.17213895916938782 Current batch 0/1047 (0.00%)
Current loss 0.5733086466789246 Current batch 100/1047 (9.55%)
Current loss 0.1864381730556488 Current batch 200/1047 (19.10%)
Current loss 0.24169577658176422 Current batch 300/1047 (28.65%)
Current loss 0.13251018524169922 Current batch 400/1047 (38.20%)
Current loss 0.224739208817482 Current batch 500/1047 (47.76%)
Current loss 0.18893291056156158 Current batch 600/1047 (57.31%)
Current loss 0.15018196403980255 Current batch 700/1047 (66.86%)
Current loss 0.28845342993736267 Current batch 800/1047 (76.41%)
Current loss 0.19057929515838623 Current batch 900/1047 (85.96%)
Current loss 0.0759536474943161 Current batch 1000/1047 (95.51%)
Validation set size: 262
### End of the epoch : Validation loss for 45 is 0.17227904498577118
Current loss 0.11391770094633102 Current batch 0/1047 (0.00%)
Current loss 0.6741796731948853 Current batch 100/1047 (9.55%)
Current loss 0.23070137202739716 Current batch 200/1047 (19.10%)
Current loss 0.1670358031988144 Current batch 300/1047 (28.65%)
Current loss 0.18803085386753082 Current batch 400/1047 (38.20%)
Current loss 0.15025313198566437 Current batch 500/1047 (47.76%)
Current loss 0.18437229096889496 Current batch 600/1047 (57.31%)
Current loss 0.18472343683242798 Current batch 700/1047 (66.86%)
Current loss 0.4557234048843384 Current batch 800/1047 (76.41%)
Current loss 0.1513112187385559 Current batch 900/1047 (85.96%)
Current loss 0.14736688137054443 Current batch 1000/1047 (95.51%)
Validation set size: 262
### End of the epoch : Validation loss for 46 is 0.19295388460159302
Current loss 0.22636225819587708 Current batch 0/1047 (0.00%)
Current loss 0.10048738121986389 Current batch 100/1047 (9.55%)
Current loss 0.1992499828338623 Current batch 200/1047 (19.10%)
Current loss 0.2462342083454132 Current batch 300/1047 (28.65%)
Current loss 0.4549019932746887 Current batch 400/1047 (38.20%)
Current loss 0.09241340309381485 Current batch 500/1047 (47.76%)
Current loss 0.15407133102416992 Current batch 600/1047 (57.31%)
Current loss 0.19391115009784698 Current batch 700/1047 (66.86%)
Current loss 0.086610808968544 Current batch 800/1047 (76.41%)
Current loss 0.2433260828256607 Current batch 900/1047 (85.96%)
Current loss 0.11364897340536118 Current batch 1000/1047 (95.51%)
Validation set size: 262
### End of the epoch : Validation loss for 47 is 0.752748966217041
Current loss 0.7244800925254822 Current batch 0/1047 (0.00%)
Current loss 0.2421775907278061 Current batch 100/1047 (9.55%)
Current loss 0.8299634456634521 Current batch 200/1047 (19.10%)
Current loss 0.23199360072612762 Current batch 300/1047 (28.65%)
Current loss 0.1533866971731186 Current batch 400/1047 (38.20%)
Current loss 0.10369595885276794 Current batch 500/1047 (47.76%)
Current loss 0.20143307745456696 Current batch 600/1047 (57.31%)
Current loss 0.13964447379112244 Current batch 700/1047 (66.86%)
Current loss 0.21189281344413757 Current batch 800/1047 (76.41%)
Current loss 0.11415048688650131 Current batch 900/1047 (85.96%)
Current loss 0.1262359470129013 Current batch 1000/1047 (95.51%)
Validation set size: 262
### End of the epoch : Validation loss for 48 is 0.2315438687801361
Current loss 0.20960471034049988 Current batch 0/1047 (0.00%)
Current loss 0.1464727222919464 Current batch 100/1047 (9.55%)
Current loss 0.12165676057338715 Current batch 200/1047 (19.10%)
Current loss 0.12802831828594208 Current batch 300/1047 (28.65%)
Current loss 0.13905782997608185 Current batch 400/1047 (38.20%)
Current loss 0.16158679127693176 Current batch 500/1047 (47.76%)
Current loss 0.1621817946434021 Current batch 600/1047 (57.31%)
Current loss 0.7172897458076477 Current batch 700/1047 (66.86%)
Current loss 0.18649618327617645 Current batch 800/1047 (76.41%)
Current loss 0.17461559176445007 Current batch 900/1047 (85.96%)
Current loss 0.1966136246919632 Current batch 1000/1047 (95.51%)
Validation set size: 262
### End of the epoch : Validation loss for 49 is 0.385947585105896
Current loss 0.3935631811618805 Current batch 0/1047 (0.00%)
Current loss 0.2243255227804184 Current batch 100/1047 (9.55%)
Current loss 0.45272448658943176 Current batch 200/1047 (19.10%)
Current loss 0.11525498330593109 Current batch 300/1047 (28.65%)
Current loss 0.10163574665784836 Current batch 400/1047 (38.20%)
Current loss 0.1296987533569336 Current batch 500/1047 (47.76%)
Current loss 0.3052225112915039 Current batch 600/1047 (57.31%)
Current loss 0.11290878057479858 Current batch 700/1047 (66.86%)
Current loss 0.17016351222991943 Current batch 800/1047 (76.41%)
Current loss 0.3558116853237152 Current batch 900/1047 (85.96%)
Current loss 0.21589499711990356 Current batch 1000/1047 (95.51%)
Validation set size: 262
### End of the epoch : Validation loss for 50 is 0.22681359946727753
Current loss 0.1783643662929535 Current batch 0/1047 (0.00%)
Current loss 0.13198035955429077 Current batch 100/1047 (9.55%)
Current loss 0.12126955389976501 Current batch 200/1047 (19.10%)
Current loss 0.14153626561164856 Current batch 300/1047 (28.65%)
Current loss 0.9953902959823608 Current batch 400/1047 (38.20%)
Current loss 0.11602054536342621 Current batch 500/1047 (47.76%)
Current loss 0.310038685798645 Current batch 600/1047 (57.31%)
Current loss 0.16950801014900208 Current batch 700/1047 (66.86%)
Current loss 0.15637484192848206 Current batch 800/1047 (76.41%)
Current loss 0.15763410925865173 Current batch 900/1047 (85.96%)
Current loss 0.10326390713453293 Current batch 1000/1047 (95.51%)
Validation set size: 262
### End of the epoch : Validation loss for 51 is 0.20550699532032013
Current loss 88.89620971679688 Current batch 0/1047 (0.00%)
Current loss 0.20568233728408813 Current batch 100/1047 (9.55%)
Current loss 0.10147559642791748 Current batch 200/1047 (19.10%)
Current loss 0.19416823983192444 Current batch 300/1047 (28.65%)
Current loss 0.11292987316846848 Current batch 400/1047 (38.20%)
Current loss 0.10457727313041687 Current batch 500/1047 (47.76%)
Current loss 0.1379241794347763 Current batch 600/1047 (57.31%)
Current loss 0.16772843897342682 Current batch 700/1047 (66.86%)
Current loss 0.12951114773750305 Current batch 800/1047 (76.41%)
Current loss 0.0709652453660965 Current batch 900/1047 (85.96%)
Current loss 0.14986176788806915 Current batch 1000/1047 (95.51%)
Validation set size: 262
### End of the epoch : Validation loss for 52 is 0.15506497025489807
Current loss 0.1184745654463768 Current batch 0/1047 (0.00%)
Current loss 0.27858585119247437 Current batch 100/1047 (9.55%)
Current loss 0.1041240394115448 Current batch 200/1047 (19.10%)
Current loss 0.118479423224926 Current batch 300/1047 (28.65%)
Current loss 0.10349946469068527 Current batch 400/1047 (38.20%)
Current loss 0.1560719758272171 Current batch 500/1047 (47.76%)
Current loss 0.15297138690948486 Current batch 600/1047 (57.31%)
Current loss 0.22848838567733765 Current batch 700/1047 (66.86%)
Current loss 0.1766802966594696 Current batch 800/1047 (76.41%)
Current loss 0.49499765038490295 Current batch 900/1047 (85.96%)
Current loss 0.0996253490447998 Current batch 1000/1047 (95.51%)
Validation set size: 262
### End of the epoch : Validation loss for 53 is 0.1571311503648758
Current loss 0.150102898478508 Current batch 0/1047 (0.00%)
Current loss 0.13194523751735687 Current batch 100/1047 (9.55%)
Current loss 0.1911044418811798 Current batch 200/1047 (19.10%)
Current loss 0.08468934893608093 Current batch 300/1047 (28.65%)
Current loss 0.38535839319229126 Current batch 400/1047 (38.20%)
Current loss 0.13446418941020966 Current batch 500/1047 (47.76%)
Current loss 0.3156128525733948 Current batch 600/1047 (57.31%)
Current loss 0.13209877908229828 Current batch 700/1047 (66.86%)
Current loss 0.12997201085090637 Current batch 800/1047 (76.41%)
Current loss 0.17361102998256683 Current batch 900/1047 (85.96%)
Current loss 0.1557510644197464 Current batch 1000/1047 (95.51%)
Validation set size: 262
### End of the epoch : Validation loss for 54 is 0.233769491314888
Current loss 0.23590943217277527 Current batch 0/1047 (0.00%)
Current loss 0.08910591155290604 Current batch 100/1047 (9.55%)
Current loss 0.10439632087945938 Current batch 200/1047 (19.10%)
Current loss 0.10993418097496033 Current batch 300/1047 (28.65%)
Current loss 0.12486982345581055 Current batch 400/1047 (38.20%)
Current loss 0.13081668317317963 Current batch 500/1047 (47.76%)
Current loss 0.2650744616985321 Current batch 600/1047 (57.31%)
Current loss 0.16436249017715454 Current batch 700/1047 (66.86%)
Current loss 0.17217548191547394 Current batch 800/1047 (76.41%)
Current loss 0.11680050939321518 Current batch 900/1047 (85.96%)
Current loss 0.14849793910980225 Current batch 1000/1047 (95.51%)
Validation set size: 262
### End of the epoch : Validation loss for 55 is 0.17030532658100128
Current loss 0.24418549239635468 Current batch 0/1047 (0.00%)
Current loss 0.2865043580532074 Current batch 100/1047 (9.55%)
Current loss 0.11271154135465622 Current batch 200/1047 (19.10%)
Current loss 0.1746644228696823 Current batch 300/1047 (28.65%)
Current loss 0.5015168786048889 Current batch 400/1047 (38.20%)
Current loss 0.238974928855896 Current batch 500/1047 (47.76%)
Current loss 0.1496783345937729 Current batch 600/1047 (57.31%)
Current loss 0.18838584423065186 Current batch 700/1047 (66.86%)
Current loss 0.09708312898874283 Current batch 800/1047 (76.41%)
Current loss 0.4860420227050781 Current batch 900/1047 (85.96%)
Current loss 0.1305270791053772 Current batch 1000/1047 (95.51%)
Validation set size: 262
### End of the epoch : Validation loss for 56 is 0.15657199919223785
Current loss 0.11977050453424454 Current batch 0/1047 (0.00%)
Current loss 0.12161265313625336 Current batch 100/1047 (9.55%)
Current loss 0.15337176620960236 Current batch 200/1047 (19.10%)
Current loss 0.1665472686290741 Current batch 300/1047 (28.65%)
Current loss 0.12999017536640167 Current batch 400/1047 (38.20%)
Current loss 0.12287954986095428 Current batch 500/1047 (47.76%)
Current loss 0.08429908752441406 Current batch 600/1047 (57.31%)
Current loss 0.1432289034128189 Current batch 700/1047 (66.86%)
Current loss 0.1928384155035019 Current batch 800/1047 (76.41%)
Current loss 0.18863162398338318 Current batch 900/1047 (85.96%)
Current loss 0.14802797138690948 Current batch 1000/1047 (95.51%)
Validation set size: 262
### End of the epoch : Validation loss for 57 is 0.14645646512508392
Current loss 0.09544036537408829 Current batch 0/1047 (0.00%)
Current loss 0.10400224477052689 Current batch 100/1047 (9.55%)
Current loss 0.093780517578125 Current batch 200/1047 (19.10%)
Current loss 0.17978976666927338 Current batch 300/1047 (28.65%)
Current loss 0.07850979268550873 Current batch 400/1047 (38.20%)
Current loss 0.08241438865661621 Current batch 500/1047 (47.76%)
Current loss 0.22328944504261017 Current batch 600/1047 (57.31%)
Current loss 0.08847707509994507 Current batch 700/1047 (66.86%)
Current loss 0.19744552671909332 Current batch 800/1047 (76.41%)
Current loss 0.12648624181747437 Current batch 900/1047 (85.96%)
Current loss 0.08721992373466492 Current batch 1000/1047 (95.51%)
Validation set size: 262
### End of the epoch : Validation loss for 58 is 0.1723705381155014
Current loss 0.13547919690608978 Current batch 0/1047 (0.00%)
Current loss 0.16277827322483063 Current batch 100/1047 (9.55%)
Current loss 0.14198049902915955 Current batch 200/1047 (19.10%)
Current loss 0.1555248498916626 Current batch 300/1047 (28.65%)
Current loss 0.4760342240333557 Current batch 400/1047 (38.20%)
Current loss 0.305585652589798 Current batch 500/1047 (47.76%)
Current loss 0.1243671402335167 Current batch 600/1047 (57.31%)
Current loss 0.1522420048713684 Current batch 700/1047 (66.86%)
Current loss 0.10973260551691055 Current batch 800/1047 (76.41%)
Current loss 0.12911561131477356 Current batch 900/1047 (85.96%)
Current loss 0.21920129656791687 Current batch 1000/1047 (95.51%)
Validation set size: 262
### End of the epoch : Validation loss for 59 is 0.147776797413826
Current loss 0.11070440709590912 Current batch 0/1047 (0.00%)
Current loss 0.09602836519479752 Current batch 100/1047 (9.55%)
Current loss 0.7283551692962646 Current batch 200/1047 (19.10%)
Current loss 0.12616024911403656 Current batch 300/1047 (28.65%)
Current loss 0.09114890545606613 Current batch 400/1047 (38.20%)
Current loss 0.11993469297885895 Current batch 500/1047 (47.76%)
Current loss 0.0923105999827385 Current batch 600/1047 (57.31%)
Current loss 0.10051427781581879 Current batch 700/1047 (66.86%)
Current loss 0.09054943919181824 Current batch 800/1047 (76.41%)
Current loss 0.19253498315811157 Current batch 900/1047 (85.96%)
Current loss 0.1156776025891304 Current batch 1000/1047 (95.51%)
Validation set size: 262
### End of the epoch : Validation loss for 60 is 0.14134979248046875
Current loss 0.11159923672676086 Current batch 0/1047 (0.00%)
Current loss 0.8111541271209717 Current batch 100/1047 (9.55%)
Current loss 0.1932484358549118 Current batch 200/1047 (19.10%)
Current loss 0.1237873062491417 Current batch 300/1047 (28.65%)
Current loss 0.16266971826553345 Current batch 400/1047 (38.20%)
Current loss 0.09044715762138367 Current batch 500/1047 (47.76%)
Current loss 0.14243951439857483 Current batch 600/1047 (57.31%)
Current loss 0.1059352308511734 Current batch 700/1047 (66.86%)
Current loss 0.09955274313688278 Current batch 800/1047 (76.41%)
Current loss 0.1589268147945404 Current batch 900/1047 (85.96%)
Current loss 0.10678860545158386 Current batch 1000/1047 (95.51%)
Validation set size: 262
### End of the epoch : Validation loss for 61 is 0.1897256076335907
Current loss 0.1584944874048233 Current batch 0/1047 (0.00%)
Current loss 0.10327718406915665 Current batch 100/1047 (9.55%)
Current loss 0.0964282900094986 Current batch 200/1047 (19.10%)
Current loss 0.1262592077255249 Current batch 300/1047 (28.65%)
Current loss 0.34359848499298096 Current batch 400/1047 (38.20%)
Current loss 0.15803813934326172 Current batch 500/1047 (47.76%)
Current loss 0.21055933833122253 Current batch 600/1047 (57.31%)
Current loss 0.1700107753276825 Current batch 700/1047 (66.86%)
Current loss 0.11526910215616226 Current batch 800/1047 (76.41%)
Current loss 0.16607563197612762 Current batch 900/1047 (85.96%)
Current loss 0.37119197845458984 Current batch 1000/1047 (95.51%)
Validation set size: 262
### End of the epoch : Validation loss for 62 is 0.16454839706420898
Current loss 0.16800621151924133 Current batch 0/1047 (0.00%)
Current loss 0.31798622012138367 Current batch 100/1047 (9.55%)
Current loss 0.1559864729642868 Current batch 200/1047 (19.10%)
Current loss 0.16334804892539978 Current batch 300/1047 (28.65%)
Current loss 0.10776689648628235 Current batch 400/1047 (38.20%)
Current loss 0.11410646885633469 Current batch 500/1047 (47.76%)
Current loss 0.20545166730880737 Current batch 600/1047 (57.31%)
Current loss 0.11320071667432785 Current batch 700/1047 (66.86%)
Current loss 0.16731905937194824 Current batch 800/1047 (76.41%)
Current loss 0.11668013036251068 Current batch 900/1047 (85.96%)
Current loss 0.15376996994018555 Current batch 1000/1047 (95.51%)
Validation set size: 262
### End of the epoch : Validation loss for 63 is 0.20821277797222137
Current loss 0.1781226247549057 Current batch 0/1047 (0.00%)
Current loss 0.17869040369987488 Current batch 100/1047 (9.55%)
Current loss 0.14003406465053558 Current batch 200/1047 (19.10%)
Current loss 0.1222163587808609 Current batch 300/1047 (28.65%)
Current loss 0.12076051533222198 Current batch 400/1047 (38.20%)
Current loss 0.10063526779413223 Current batch 500/1047 (47.76%)
Current loss 0.09214749932289124 Current batch 600/1047 (57.31%)
Current loss 1.0301369428634644 Current batch 700/1047 (66.86%)
Current loss 0.09581760317087173 Current batch 800/1047 (76.41%)
Current loss 1.438977837562561 Current batch 900/1047 (85.96%)
Current loss 0.18656165897846222 Current batch 1000/1047 (95.51%)
Validation set size: 262
### End of the epoch : Validation loss for 64 is 0.14659331738948822
Current loss 0.1358068585395813 Current batch 0/1047 (0.00%)
Current loss 0.17130498588085175 Current batch 100/1047 (9.55%)
Current loss 0.606938898563385 Current batch 200/1047 (19.10%)
Current loss 0.17442737519741058 Current batch 300/1047 (28.65%)
Current loss 0.1289660930633545 Current batch 400/1047 (38.20%)
Current loss 0.13376501202583313 Current batch 500/1047 (47.76%)
Current loss 0.1401369571685791 Current batch 600/1047 (57.31%)
Current loss 0.14526516199111938 Current batch 700/1047 (66.86%)
Current loss 0.1023758202791214 Current batch 800/1047 (76.41%)
Current loss 0.15359097719192505 Current batch 900/1047 (85.96%)
Current loss 0.11001185327768326 Current batch 1000/1047 (95.51%)
Validation set size: 262
### End of the epoch : Validation loss for 65 is 0.14670133590698242
Current loss 0.1306314468383789 Current batch 0/1047 (0.00%)
Current loss 0.11788398772478104 Current batch 100/1047 (9.55%)
Current loss 0.3635317385196686 Current batch 200/1047 (19.10%)
Current loss 0.11311323195695877 Current batch 300/1047 (28.65%)
Current loss 0.11271688342094421 Current batch 400/1047 (38.20%)
Current loss 0.14604739844799042 Current batch 500/1047 (47.76%)
Current loss 0.245589941740036 Current batch 600/1047 (57.31%)
Current loss 0.1227276399731636 Current batch 700/1047 (66.86%)
Current loss 0.10494215041399002 Current batch 800/1047 (76.41%)
Current loss 0.14837045967578888 Current batch 900/1047 (85.96%)
Current loss 0.07743006199598312 Current batch 1000/1047 (95.51%)
Validation set size: 262
### End of the epoch : Validation loss for 66 is 0.1772056370973587
Current loss 0.12280495464801788 Current batch 0/1047 (0.00%)
Current loss 0.18683937191963196 Current batch 100/1047 (9.55%)
Current loss 0.09760776907205582 Current batch 200/1047 (19.10%)
Current loss 0.08559244126081467 Current batch 300/1047 (28.65%)
Current loss 0.12857934832572937 Current batch 400/1047 (38.20%)
Current loss 0.1267031878232956 Current batch 500/1047 (47.76%)
Current loss 0.112575002014637 Current batch 600/1047 (57.31%)
Current loss 0.32412758469581604 Current batch 700/1047 (66.86%)
Current loss 0.6962589621543884 Current batch 800/1047 (76.41%)
Current loss 0.1499597579240799 Current batch 900/1047 (85.96%)
Current loss 0.0923677533864975 Current batch 1000/1047 (95.51%)
Validation set size: 262
### End of the epoch : Validation loss for 67 is 0.1365625411272049
Current loss 0.09921162575483322 Current batch 0/1047 (0.00%)
Current loss 0.14431820809841156 Current batch 100/1047 (9.55%)
Current loss 0.10894180089235306 Current batch 200/1047 (19.10%)
Current loss 0.17181648313999176 Current batch 300/1047 (28.65%)
Current loss 0.14404021203517914 Current batch 400/1047 (38.20%)
Current loss 0.12363646179437637 Current batch 500/1047 (47.76%)
Current loss 0.14830179512500763 Current batch 600/1047 (57.31%)
Current loss 0.09561042487621307 Current batch 700/1047 (66.86%)
Current loss 0.16883325576782227 Current batch 800/1047 (76.41%)
Current loss 0.09859445691108704 Current batch 900/1047 (85.96%)
Current loss 0.11853406578302383 Current batch 1000/1047 (95.51%)
Validation set size: 262
### End of the epoch : Validation loss for 68 is 0.14202426373958588
Current loss 0.09387969970703125 Current batch 0/1047 (0.00%)
Current loss 0.08866338431835175 Current batch 100/1047 (9.55%)
Current loss 0.15182089805603027 Current batch 200/1047 (19.10%)
Current loss 0.13976913690567017 Current batch 300/1047 (28.65%)
Current loss 0.13725508749485016 Current batch 400/1047 (38.20%)
Current loss 0.15855559706687927 Current batch 500/1047 (47.76%)
Current loss 1.1053564548492432 Current batch 600/1047 (57.31%)
Current loss 0.115463986992836 Current batch 700/1047 (66.86%)
Current loss 0.12982873618602753 Current batch 800/1047 (76.41%)
Current loss 0.10942790657281876 Current batch 900/1047 (85.96%)
Current loss 0.11797988414764404 Current batch 1000/1047 (95.51%)
Validation set size: 262
### End of the epoch : Validation loss for 69 is 0.13744983077049255
Current loss 0.09685088694095612 Current batch 0/1047 (0.00%)
Current loss 0.1463414579629898 Current batch 100/1047 (9.55%)
Current loss 0.1697765439748764 Current batch 200/1047 (19.10%)
Current loss 0.14511430263519287 Current batch 300/1047 (28.65%)
Current loss 0.08621526509523392 Current batch 400/1047 (38.20%)
Current loss 0.09928935021162033 Current batch 500/1047 (47.76%)
Current loss 0.1317349225282669 Current batch 600/1047 (57.31%)
Current loss 0.15288321673870087 Current batch 700/1047 (66.86%)
Current loss 0.07121054828166962 Current batch 800/1047 (76.41%)
Current loss 0.0752955824136734 Current batch 900/1047 (85.96%)
Current loss 0.15692083537578583 Current batch 1000/1047 (95.51%)
Validation set size: 262
### End of the epoch : Validation loss for 70 is 0.13403454422950745
Current loss 0.1056629940867424 Current batch 0/1047 (0.00%)
Current loss 0.15268053114414215 Current batch 100/1047 (9.55%)
Current loss 0.07436006516218185 Current batch 200/1047 (19.10%)
Current loss 0.11339759826660156 Current batch 300/1047 (28.65%)
Current loss 0.16250556707382202 Current batch 400/1047 (38.20%)
Current loss 0.07904911786317825 Current batch 500/1047 (47.76%)
Current loss 0.17477130889892578 Current batch 600/1047 (57.31%)
Current loss 0.14905038475990295 Current batch 700/1047 (66.86%)
Current loss 0.08976572751998901 Current batch 800/1047 (76.41%)
Current loss 0.12302859872579575 Current batch 900/1047 (85.96%)
Current loss 0.137840136885643 Current batch 1000/1047 (95.51%)
Validation set size: 262
### End of the epoch : Validation loss for 71 is 0.17371338605880737
Current loss 0.13486172258853912 Current batch 0/1047 (0.00%)
Current loss 0.08007890731096268 Current batch 100/1047 (9.55%)
Current loss 0.11711450666189194 Current batch 200/1047 (19.10%)
Current loss 0.17951646447181702 Current batch 300/1047 (28.65%)
Current loss 0.0716419517993927 Current batch 400/1047 (38.20%)
Current loss 0.1448356807231903 Current batch 500/1047 (47.76%)
Current loss 0.09806231409311295 Current batch 600/1047 (57.31%)
Current loss 0.11359906196594238 Current batch 700/1047 (66.86%)
Current loss 0.10455533117055893 Current batch 800/1047 (76.41%)
Current loss 0.14179828763008118 Current batch 900/1047 (85.96%)
Current loss 0.20672383904457092 Current batch 1000/1047 (95.51%)
Validation set size: 262
### End of the epoch : Validation loss for 72 is 0.14653366804122925
Current loss 0.1179533377289772 Current batch 0/1047 (0.00%)
Current loss 0.1209089457988739 Current batch 100/1047 (9.55%)
Current loss 0.12294604629278183 Current batch 200/1047 (19.10%)
Current loss 0.16640441119670868 Current batch 300/1047 (28.65%)
Current loss 0.11493449658155441 Current batch 400/1047 (38.20%)
Current loss 0.10684631019830704 Current batch 500/1047 (47.76%)
Current loss 0.09884845465421677 Current batch 600/1047 (57.31%)
Current loss 0.11037643253803253 Current batch 700/1047 (66.86%)
Current loss 0.4442402422428131 Current batch 800/1047 (76.41%)
Current loss 0.13662950694561005 Current batch 900/1047 (85.96%)
Current loss 0.13729524612426758 Current batch 1000/1047 (95.51%)
Validation set size: 262
### End of the epoch : Validation loss for 73 is 0.14744004607200623
Current loss 0.21237565577030182 Current batch 0/1047 (0.00%)
Current loss 0.08216738700866699 Current batch 100/1047 (9.55%)
Current loss 0.1068057119846344 Current batch 200/1047 (19.10%)
Current loss 0.07920944690704346 Current batch 300/1047 (28.65%)
Current loss 0.08340149372816086 Current batch 400/1047 (38.20%)
Current loss 0.11441900581121445 Current batch 500/1047 (47.76%)
Current loss 0.10479169338941574 Current batch 600/1047 (57.31%)
Current loss 0.09156625717878342 Current batch 700/1047 (66.86%)
Current loss 0.11770742386579514 Current batch 800/1047 (76.41%)
Current loss 0.36122429370880127 Current batch 900/1047 (85.96%)
Current loss 0.11358991265296936 Current batch 1000/1047 (95.51%)
Validation set size: 262
### End of the epoch : Validation loss for 74 is 0.14815817773342133
Current loss 0.16257326304912567 Current batch 0/1047 (0.00%)
Current loss 0.07004161924123764 Current batch 100/1047 (9.55%)
Current loss 0.0894106850028038 Current batch 200/1047 (19.10%)
Current loss 0.07482334971427917 Current batch 300/1047 (28.65%)
Current loss 0.09402067214250565 Current batch 400/1047 (38.20%)
Current loss 1.0336501598358154 Current batch 500/1047 (47.76%)
Current loss 0.12613053619861603 Current batch 600/1047 (57.31%)
Current loss 0.11924785375595093 Current batch 700/1047 (66.86%)
Current loss 0.19762389361858368 Current batch 800/1047 (76.41%)
Current loss 0.17133480310440063 Current batch 900/1047 (85.96%)
Current loss 0.12984564900398254 Current batch 1000/1047 (95.51%)
Validation set size: 262
### End of the epoch : Validation loss for 75 is 0.15139906108379364
Current loss 0.1065489873290062 Current batch 0/1047 (0.00%)
Current loss 0.1332838088274002 Current batch 100/1047 (9.55%)
Current loss 0.17362064123153687 Current batch 200/1047 (19.10%)
Current loss 0.116351418197155 Current batch 300/1047 (28.65%)
Current loss 0.11904513835906982 Current batch 400/1047 (38.20%)
Current loss 0.10511091351509094 Current batch 500/1047 (47.76%)
Current loss 0.24634841084480286 Current batch 600/1047 (57.31%)
Current loss 0.11604572087526321 Current batch 700/1047 (66.86%)
Current loss 0.11243673413991928 Current batch 800/1047 (76.41%)
Current loss 0.5519426465034485 Current batch 900/1047 (85.96%)
Current loss 0.07116027921438217 Current batch 1000/1047 (95.51%)
Validation set size: 262
### End of the epoch : Validation loss for 76 is 0.13253921270370483
Current loss 0.1436288058757782 Current batch 0/1047 (0.00%)
Current loss 0.10725488513708115 Current batch 100/1047 (9.55%)
Current loss 0.08841405808925629 Current batch 200/1047 (19.10%)
Current loss 0.12429734319448471 Current batch 300/1047 (28.65%)
Current loss 0.0662931352853775 Current batch 400/1047 (38.20%)
Current loss 0.2798595428466797 Current batch 500/1047 (47.76%)
Current loss 0.1391674131155014 Current batch 600/1047 (57.31%)
Current loss 0.3235427439212799 Current batch 700/1047 (66.86%)
Current loss 0.10981570929288864 Current batch 800/1047 (76.41%)
Current loss 0.09585714340209961 Current batch 900/1047 (85.96%)
Current loss 0.15802471339702606 Current batch 1000/1047 (95.51%)
Validation set size: 262
### End of the epoch : Validation loss for 77 is 0.15181367099285126
Current loss 0.08763890713453293 Current batch 0/1047 (0.00%)
Current loss 0.11833728849887848 Current batch 100/1047 (9.55%)
Current loss 0.09719375520944595 Current batch 200/1047 (19.10%)
Current loss 0.34369441866874695 Current batch 300/1047 (28.65%)
Current loss 0.9962033033370972 Current batch 400/1047 (38.20%)
Current loss 0.14234282076358795 Current batch 500/1047 (47.76%)
Current loss 1.0477837324142456 Current batch 600/1047 (57.31%)
Current loss 0.092476025223732 Current batch 700/1047 (66.86%)
Current loss 0.13045461475849152 Current batch 800/1047 (76.41%)
Current loss 0.1022086814045906 Current batch 900/1047 (85.96%)
Current loss 0.08479708433151245 Current batch 1000/1047 (95.51%)
Validation set size: 262
### End of the epoch : Validation loss for 78 is 0.12652194499969482
Current loss 0.1415618658065796 Current batch 0/1047 (0.00%)
Current loss 0.11437763273715973 Current batch 100/1047 (9.55%)
Current loss 0.12124209105968475 Current batch 200/1047 (19.10%)
Current loss 0.08462146669626236 Current batch 300/1047 (28.65%)
Current loss 0.09381698071956635 Current batch 400/1047 (38.20%)
Current loss 0.12417324632406235 Current batch 500/1047 (47.76%)
Current loss 0.11370383203029633 Current batch 600/1047 (57.31%)
Current loss 0.1800563633441925 Current batch 700/1047 (66.86%)
Current loss 0.09036285430192947 Current batch 800/1047 (76.41%)
Current loss 0.10275372862815857 Current batch 900/1047 (85.96%)
Current loss 0.15756824612617493 Current batch 1000/1047 (95.51%)
Validation set size: 262
### End of the epoch : Validation loss for 79 is 0.1824723780155182
Current loss 0.15486738085746765 Current batch 0/1047 (0.00%)
Current loss 0.10763832926750183 Current batch 100/1047 (9.55%)
Current loss 0.17452307045459747 Current batch 200/1047 (19.10%)
Current loss 0.1736442893743515 Current batch 300/1047 (28.65%)
Current loss 0.14000558853149414 Current batch 400/1047 (38.20%)
Current loss 0.19558937847614288 Current batch 500/1047 (47.76%)
Current loss 0.13068431615829468 Current batch 600/1047 (57.31%)
Current loss 0.17468665540218353 Current batch 700/1047 (66.86%)
Current loss 0.09168155491352081 Current batch 800/1047 (76.41%)
Current loss 0.08599814027547836 Current batch 900/1047 (85.96%)
Current loss 0.12826557457447052 Current batch 1000/1047 (95.51%)
Validation set size: 262
### End of the epoch : Validation loss for 80 is 0.14066669344902039
Current loss 0.10918481647968292 Current batch 0/1047 (0.00%)
Current loss 0.1396753042936325 Current batch 100/1047 (9.55%)
Current loss 0.11738891154527664 Current batch 200/1047 (19.10%)
Current loss 0.10935524106025696 Current batch 300/1047 (28.65%)
Current loss 0.06895323097705841 Current batch 400/1047 (38.20%)
Current loss 0.11885882914066315 Current batch 500/1047 (47.76%)
Current loss 0.10820252448320389 Current batch 600/1047 (57.31%)
Current loss 0.11776106804609299 Current batch 700/1047 (66.86%)
Current loss 0.22359877824783325 Current batch 800/1047 (76.41%)
Current loss 0.09398792684078217 Current batch 900/1047 (85.96%)
Current loss 0.12432664632797241 Current batch 1000/1047 (95.51%)
Validation set size: 262
### End of the epoch : Validation loss for 81 is 0.13135164976119995
Current loss 0.10268078744411469 Current batch 0/1047 (0.00%)
Current loss 0.1245260015130043 Current batch 100/1047 (9.55%)
Current loss 0.10874930769205093 Current batch 200/1047 (19.10%)
Current loss 0.09015735238790512 Current batch 300/1047 (28.65%)
Current loss 0.11592409014701843 Current batch 400/1047 (38.20%)
Current loss 0.0977168157696724 Current batch 500/1047 (47.76%)
Current loss 0.10583994537591934 Current batch 600/1047 (57.31%)
Current loss 0.07389745861291885 Current batch 700/1047 (66.86%)
Current loss 0.11854377388954163 Current batch 800/1047 (76.41%)
Current loss 0.1740887612104416 Current batch 900/1047 (85.96%)
Current loss 0.13397619128227234 Current batch 1000/1047 (95.51%)
Validation set size: 262
### End of the epoch : Validation loss for 82 is 0.5554596781730652
Current loss 0.5921713709831238 Current batch 0/1047 (0.00%)
Current loss 0.10073209553956985 Current batch 100/1047 (9.55%)
Current loss 0.1909433752298355 Current batch 200/1047 (19.10%)
Current loss 0.1099398210644722 Current batch 300/1047 (28.65%)
Current loss 0.2612013518810272 Current batch 400/1047 (38.20%)
Current loss 0.10709018260240555 Current batch 500/1047 (47.76%)
Current loss 0.1737765222787857 Current batch 600/1047 (57.31%)
Current loss 0.13575679063796997 Current batch 700/1047 (66.86%)
Current loss 0.11643970012664795 Current batch 800/1047 (76.41%)
Current loss 0.09107037633657455 Current batch 900/1047 (85.96%)
Current loss 0.09221374243497849 Current batch 1000/1047 (95.51%)
Validation set size: 262
### End of the epoch : Validation loss for 83 is 0.12919524312019348
Current loss 0.10650093108415604 Current batch 0/1047 (0.00%)
Current loss 0.0730576366186142 Current batch 100/1047 (9.55%)
Current loss 0.0843636691570282 Current batch 200/1047 (19.10%)
Current loss 0.06597244739532471 Current batch 300/1047 (28.65%)
Current loss 0.12302123755216599 Current batch 400/1047 (38.20%)
Current loss 0.41197502613067627 Current batch 500/1047 (47.76%)
Current loss 0.17326614260673523 Current batch 600/1047 (57.31%)
Current loss 0.2742036283016205 Current batch 700/1047 (66.86%)
Current loss 0.08914373070001602 Current batch 800/1047 (76.41%)
Current loss 0.2566373646259308 Current batch 900/1047 (85.96%)
Current loss 0.10965892672538757 Current batch 1000/1047 (95.51%)
Validation set size: 262
### End of the epoch : Validation loss for 84 is 0.14700980484485626
Current loss 0.10534247756004333 Current batch 0/1047 (0.00%)
Current loss 0.11201886832714081 Current batch 100/1047 (9.55%)
Current loss 0.41864028573036194 Current batch 200/1047 (19.10%)
Current loss 0.0703592598438263 Current batch 300/1047 (28.65%)
Current loss 0.1139008104801178 Current batch 400/1047 (38.20%)
Current loss 0.09028328955173492 Current batch 500/1047 (47.76%)
Current loss 0.12627506256103516 Current batch 600/1047 (57.31%)
Current loss 0.13754479587078094 Current batch 700/1047 (66.86%)
Current loss 0.12308234721422195 Current batch 800/1047 (76.41%)
Current loss 0.06994923204183578 Current batch 900/1047 (85.96%)
Current loss 0.19137293100357056 Current batch 1000/1047 (95.51%)
Validation set size: 262
### End of the epoch : Validation loss for 85 is 0.12854638695716858
Current loss 0.12518246471881866 Current batch 0/1047 (0.00%)
Current loss 0.16098546981811523 Current batch 100/1047 (9.55%)
Current loss 0.07359188795089722 Current batch 200/1047 (19.10%)
Current loss 0.09562471508979797 Current batch 300/1047 (28.65%)
Current loss 0.11949233710765839 Current batch 400/1047 (38.20%)
Current loss 0.09961984306573868 Current batch 500/1047 (47.76%)
Current loss 0.12150093168020248 Current batch 600/1047 (57.31%)
Current loss 0.09870012104511261 Current batch 700/1047 (66.86%)
Current loss 0.10977309942245483 Current batch 800/1047 (76.41%)
Current loss 0.11728690564632416 Current batch 900/1047 (85.96%)
Current loss 0.08450059592723846 Current batch 1000/1047 (95.51%)
Validation set size: 262
### End of the epoch : Validation loss for 86 is 0.12537164986133575
Current loss 0.08162928372621536 Current batch 0/1047 (0.00%)
Current loss 0.1026964858174324 Current batch 100/1047 (9.55%)
Current loss 0.09783084690570831 Current batch 200/1047 (19.10%)
Current loss 0.07220155745744705 Current batch 300/1047 (28.65%)
Current loss 0.13406334817409515 Current batch 400/1047 (38.20%)
Current loss 0.17340165376663208 Current batch 500/1047 (47.76%)
Current loss 0.10674972087144852 Current batch 600/1047 (57.31%)
Current loss 0.07032977044582367 Current batch 700/1047 (66.86%)
Current loss 0.09267088025808334 Current batch 800/1047 (76.41%)
Current loss 0.10725506395101547 Current batch 900/1047 (85.96%)
Current loss 0.13885711133480072 Current batch 1000/1047 (95.51%)
Validation set size: 262
### End of the epoch : Validation loss for 87 is 0.13804446160793304
Current loss 0.12319688498973846 Current batch 0/1047 (0.00%)
Current loss 0.14379873871803284 Current batch 100/1047 (9.55%)
Current loss 0.1587909609079361 Current batch 200/1047 (19.10%)
Current loss 0.12894602119922638 Current batch 300/1047 (28.65%)
Current loss 0.11630234122276306 Current batch 400/1047 (38.20%)
Current loss 0.10972196608781815 Current batch 500/1047 (47.76%)
Current loss 0.0980454534292221 Current batch 600/1047 (57.31%)
Current loss 0.09734956175088882 Current batch 700/1047 (66.86%)
Current loss 0.09354165941476822 Current batch 800/1047 (76.41%)
Current loss 0.16703566908836365 Current batch 900/1047 (85.96%)
Current loss 0.1725439727306366 Current batch 1000/1047 (95.51%)
Validation set size: 262
### End of the epoch : Validation loss for 88 is 0.1421509087085724
Current loss 0.12711000442504883 Current batch 0/1047 (0.00%)
Current loss 0.06253894418478012 Current batch 100/1047 (9.55%)
Current loss 0.10022538900375366 Current batch 200/1047 (19.10%)
Current loss 0.08605743944644928 Current batch 300/1047 (28.65%)
Current loss 0.1013224795460701 Current batch 400/1047 (38.20%)
Current loss 0.1403556615114212 Current batch 500/1047 (47.76%)
Current loss 0.0983431339263916 Current batch 600/1047 (57.31%)
Current loss 0.13436029851436615 Current batch 700/1047 (66.86%)
Current loss 0.09282539039850235 Current batch 800/1047 (76.41%)
Current loss 0.15835489332675934 Current batch 900/1047 (85.96%)
Current loss 0.14051683247089386 Current batch 1000/1047 (95.51%)
Validation set size: 262
### End of the epoch : Validation loss for 89 is 0.15593832731246948
Current loss 0.10735412687063217 Current batch 0/1047 (0.00%)
Current loss 0.14255855977535248 Current batch 100/1047 (9.55%)
Current loss 0.13602624833583832 Current batch 200/1047 (19.10%)
Current loss 0.08350007981061935 Current batch 300/1047 (28.65%)
Current loss 0.14695541560649872 Current batch 400/1047 (38.20%)
Current loss 0.08762510120868683 Current batch 500/1047 (47.76%)
Current loss 0.09812627732753754 Current batch 600/1047 (57.31%)
Current loss 0.09477388858795166 Current batch 700/1047 (66.86%)
Current loss 0.08485562354326248 Current batch 800/1047 (76.41%)
Current loss 0.18582762777805328 Current batch 900/1047 (85.96%)
Current loss 0.1304728388786316 Current batch 1000/1047 (95.51%)
Validation set size: 262
### End of the epoch : Validation loss for 90 is 0.13953697681427002
Current loss 0.1369464248418808 Current batch 0/1047 (0.00%)
Current loss 0.0995173528790474 Current batch 100/1047 (9.55%)
Current loss 0.0966680571436882 Current batch 200/1047 (19.10%)
Current loss 0.08569704741239548 Current batch 300/1047 (28.65%)
Current loss 0.617456316947937 Current batch 400/1047 (38.20%)
Current loss 0.12132291495800018 Current batch 500/1047 (47.76%)
Current loss 0.12012006342411041 Current batch 600/1047 (57.31%)
Current loss 0.08143720775842667 Current batch 700/1047 (66.86%)
Current loss 0.06467161327600479 Current batch 800/1047 (76.41%)
Current loss 0.07543455809354782 Current batch 900/1047 (85.96%)
Current loss 0.08182891458272934 Current batch 1000/1047 (95.51%)
Validation set size: 262
### End of the epoch : Validation loss for 91 is 0.12784001231193542
Current loss 0.07708549499511719 Current batch 0/1047 (0.00%)
Current loss 0.11928129196166992 Current batch 100/1047 (9.55%)
Current loss 0.07864831387996674 Current batch 200/1047 (19.10%)
Current loss 0.11379110813140869 Current batch 300/1047 (28.65%)
Current loss 0.17175517976284027 Current batch 400/1047 (38.20%)
Current loss 0.10284417867660522 Current batch 500/1047 (47.76%)
Current loss 0.08779571950435638 Current batch 600/1047 (57.31%)
Current loss 0.17987018823623657 Current batch 700/1047 (66.86%)
Current loss 0.10852446407079697 Current batch 800/1047 (76.41%)
Current loss 0.09167870134115219 Current batch 900/1047 (85.96%)
Current loss 0.08521170169115067 Current batch 1000/1047 (95.51%)
Validation set size: 262
### End of the epoch : Validation loss for 92 is 0.12556254863739014
Current loss 0.08648328483104706 Current batch 0/1047 (0.00%)
Current loss 0.08991719782352448 Current batch 100/1047 (9.55%)
Current loss 0.20740912854671478 Current batch 200/1047 (19.10%)
Current loss 0.08148279786109924 Current batch 300/1047 (28.65%)
Current loss 0.12637023627758026 Current batch 400/1047 (38.20%)
Current loss 0.100384421646595 Current batch 500/1047 (47.76%)
Current loss 0.1555880308151245 Current batch 600/1047 (57.31%)
Current loss 0.0832630917429924 Current batch 700/1047 (66.86%)
Current loss 0.1638910472393036 Current batch 800/1047 (76.41%)
Current loss 0.14626143872737885 Current batch 900/1047 (85.96%)
Current loss 0.12306997179985046 Current batch 1000/1047 (95.51%)
Validation set size: 262
### End of the epoch : Validation loss for 93 is 0.12352455407381058
Current loss 0.075066938996315 Current batch 0/1047 (0.00%)
Current loss 0.06798737496137619 Current batch 100/1047 (9.55%)
Current loss 0.08167695999145508 Current batch 200/1047 (19.10%)
Current loss 0.10116919875144958 Current batch 300/1047 (28.65%)
Current loss 0.07364647835493088 Current batch 400/1047 (38.20%)
Current loss 0.07705188542604446 Current batch 500/1047 (47.76%)
Current loss 0.11219891905784607 Current batch 600/1047 (57.31%)
Current loss 0.08324030041694641 Current batch 700/1047 (66.86%)
Current loss 0.09167961776256561 Current batch 800/1047 (76.41%)
Current loss 0.13784371316432953 Current batch 900/1047 (85.96%)
Current loss 0.12601090967655182 Current batch 1000/1047 (95.51%)
Validation set size: 262
### End of the epoch : Validation loss for 94 is 0.15047034621238708
Current loss 0.11638141423463821 Current batch 0/1047 (0.00%)
Current loss 0.0914701521396637 Current batch 100/1047 (9.55%)
Current loss 0.07847394794225693 Current batch 200/1047 (19.10%)
Current loss 0.09174046665430069 Current batch 300/1047 (28.65%)
Current loss 0.07070031762123108 Current batch 400/1047 (38.20%)
Current loss 0.08841825276613235 Current batch 500/1047 (47.76%)
Current loss 0.1334141492843628 Current batch 600/1047 (57.31%)
Current loss 0.10218103229999542 Current batch 700/1047 (66.86%)
Current loss 0.09457970410585403 Current batch 800/1047 (76.41%)
Current loss 0.08565080165863037 Current batch 900/1047 (85.96%)
Current loss 0.13461904227733612 Current batch 1000/1047 (95.51%)
Validation set size: 262
### End of the epoch : Validation loss for 95 is 0.1302536129951477
Current loss 0.10179193317890167 Current batch 0/1047 (0.00%)
Current loss 0.1507301926612854 Current batch 100/1047 (9.55%)
Current loss 0.1090688481926918 Current batch 200/1047 (19.10%)
Current loss 0.11083226650953293 Current batch 300/1047 (28.65%)
Current loss 0.08397401869297028 Current batch 400/1047 (38.20%)
Current loss 0.13283167779445648 Current batch 500/1047 (47.76%)
Current loss 0.08473585546016693 Current batch 600/1047 (57.31%)
Current loss 0.0837864875793457 Current batch 700/1047 (66.86%)
Current loss 0.07824701070785522 Current batch 800/1047 (76.41%)
Current loss 0.07827086746692657 Current batch 900/1047 (85.96%)
Current loss 0.15315985679626465 Current batch 1000/1047 (95.51%)
Validation set size: 262
### End of the epoch : Validation loss for 96 is 0.12890282273292542
Current loss 0.12282172590494156 Current batch 0/1047 (0.00%)
Current loss 0.08899889141321182 Current batch 100/1047 (9.55%)
Current loss 0.09297803789377213 Current batch 200/1047 (19.10%)
Current loss 0.07484672963619232 Current batch 300/1047 (28.65%)
Current loss 0.08930385112762451 Current batch 400/1047 (38.20%)
Current loss 0.09389472752809525 Current batch 500/1047 (47.76%)
Current loss 0.13041411340236664 Current batch 600/1047 (57.31%)
Current loss 0.12118249386548996 Current batch 700/1047 (66.86%)
Current loss 0.10621881484985352 Current batch 800/1047 (76.41%)
Current loss 0.1166786178946495 Current batch 900/1047 (85.96%)
Current loss 0.0995330810546875 Current batch 1000/1047 (95.51%)
Validation set size: 262
### End of the epoch : Validation loss for 97 is 0.12401621788740158
Current loss 0.15778383612632751 Current batch 0/1047 (0.00%)
Current loss 0.07646192610263824 Current batch 100/1047 (9.55%)
Current loss 0.08810243755578995 Current batch 200/1047 (19.10%)
Current loss 0.11974920332431793 Current batch 300/1047 (28.65%)
Current loss 0.06941718608140945 Current batch 400/1047 (38.20%)
Current loss 0.14134055376052856 Current batch 500/1047 (47.76%)
Current loss 0.11255963891744614 Current batch 600/1047 (57.31%)
Current loss 0.08855786919593811 Current batch 700/1047 (66.86%)
Current loss 0.11507390439510345 Current batch 800/1047 (76.41%)
Current loss 0.11976951360702515 Current batch 900/1047 (85.96%)
Current loss 0.12632547318935394 Current batch 1000/1047 (95.51%)
Validation set size: 262
### End of the epoch : Validation loss for 98 is 0.12276521325111389
Current loss 0.08991255611181259 Current batch 0/1047 (0.00%)
Current loss 0.09117487072944641 Current batch 100/1047 (9.55%)
Current loss 0.07087421417236328 Current batch 200/1047 (19.10%)
Current loss 0.09280174225568771 Current batch 300/1047 (28.65%)
Current loss 0.09624618291854858 Current batch 400/1047 (38.20%)
Current loss 0.09271718561649323 Current batch 500/1047 (47.76%)
Current loss 0.08635753393173218 Current batch 600/1047 (57.31%)
Current loss 0.06574837863445282 Current batch 700/1047 (66.86%)
Current loss 0.0780000388622284 Current batch 800/1047 (76.41%)
Current loss 0.08408895134925842 Current batch 900/1047 (85.96%)
Current loss 0.08475381880998611 Current batch 1000/1047 (95.51%)
Validation set size: 262
### End of the epoch : Validation loss for 99 is 0.12707142531871796
Average test MAE loss: 0.23918342429507655
