cuda will be used for training the PaiNN model
Current loss 71.64435577392578 Current batch 0/1047 (0.00%)
Current loss 0.4445056915283203 Current batch 100/1047 (9.55%)
Current loss 0.28747427463531494 Current batch 200/1047 (19.10%)
Current loss 0.5235772132873535 Current batch 300/1047 (28.65%)
Current loss 0.2323066145181656 Current batch 400/1047 (38.20%)
Current loss 0.31165507435798645 Current batch 500/1047 (47.76%)
Current loss 0.27167508006095886 Current batch 600/1047 (57.31%)
Current loss 0.37736746668815613 Current batch 700/1047 (66.86%)
Current loss 0.22721271216869354 Current batch 800/1047 (76.41%)
Current loss 0.7303308844566345 Current batch 900/1047 (85.96%)
Current loss 0.3022477626800537 Current batch 1000/1047 (95.51%)
Validation set size: 262
### End of the epoch : Validation loss for 0 is 0.2547842860221863
Current loss 0.29894259572029114 Current batch 0/1047 (0.00%)
Current loss 0.18887703120708466 Current batch 100/1047 (9.55%)
Current loss 0.4392307698726654 Current batch 200/1047 (19.10%)
Current loss 0.19384385645389557 Current batch 300/1047 (28.65%)
Current loss 0.4354993999004364 Current batch 400/1047 (38.20%)
Current loss 0.21009689569473267 Current batch 500/1047 (47.76%)
Current loss 0.1797618418931961 Current batch 600/1047 (57.31%)
Current loss 0.19111205637454987 Current batch 700/1047 (66.86%)
Current loss 0.22175073623657227 Current batch 800/1047 (76.41%)
Current loss 0.2306114286184311 Current batch 900/1047 (85.96%)
Current loss 0.23736664652824402 Current batch 1000/1047 (95.51%)
Validation set size: 262
### End of the epoch : Validation loss for 1 is 0.26747697591781616
Current loss 0.2150755673646927 Current batch 0/1047 (0.00%)
Current loss 0.20921127498149872 Current batch 100/1047 (9.55%)
Current loss 0.2528565526008606 Current batch 200/1047 (19.10%)
Current loss 0.26231738924980164 Current batch 300/1047 (28.65%)
Current loss 0.21041564643383026 Current batch 400/1047 (38.20%)
Current loss 1.1125972270965576 Current batch 500/1047 (47.76%)
Current loss 0.17887362837791443 Current batch 600/1047 (57.31%)
Current loss 0.20618441700935364 Current batch 700/1047 (66.86%)
Current loss 0.24794811010360718 Current batch 800/1047 (76.41%)
Current loss 0.40972670912742615 Current batch 900/1047 (85.96%)
Current loss 0.24392692744731903 Current batch 1000/1047 (95.51%)
Validation set size: 262
### End of the epoch : Validation loss for 2 is 0.2083422988653183
Current loss 0.5511131882667542 Current batch 0/1047 (0.00%)
Current loss 0.22790150344371796 Current batch 100/1047 (9.55%)
Current loss 0.20838385820388794 Current batch 200/1047 (19.10%)
Current loss 0.15015260875225067 Current batch 300/1047 (28.65%)
Current loss 0.2237936407327652 Current batch 400/1047 (38.20%)
Current loss 0.31273967027664185 Current batch 500/1047 (47.76%)
Current loss 0.19739709794521332 Current batch 600/1047 (57.31%)
Current loss 0.23234973847866058 Current batch 700/1047 (66.86%)
Current loss 0.2191479504108429 Current batch 800/1047 (76.41%)
Current loss 0.21716976165771484 Current batch 900/1047 (85.96%)
Current loss 0.30250516533851624 Current batch 1000/1047 (95.51%)
Validation set size: 262
### End of the epoch : Validation loss for 3 is 0.23363400995731354
Current loss 0.17601770162582397 Current batch 0/1047 (0.00%)
Current loss 0.22398734092712402 Current batch 100/1047 (9.55%)
Current loss 0.22894152998924255 Current batch 200/1047 (19.10%)
Current loss 0.2426990121603012 Current batch 300/1047 (28.65%)
Current loss 0.21200433373451233 Current batch 400/1047 (38.20%)
Current loss 0.19188036024570465 Current batch 500/1047 (47.76%)
Current loss 0.1520485132932663 Current batch 600/1047 (57.31%)
Current loss 0.17224028706550598 Current batch 700/1047 (66.86%)
Current loss 0.14985094964504242 Current batch 800/1047 (76.41%)
Current loss 0.23849216103553772 Current batch 900/1047 (85.96%)
Current loss 0.15174590051174164 Current batch 1000/1047 (95.51%)
Validation set size: 262
### End of the epoch : Validation loss for 4 is 0.2244768589735031
Current loss 0.2058810442686081 Current batch 0/1047 (0.00%)
Current loss 0.361264169216156 Current batch 100/1047 (9.55%)
Current loss 0.19564907252788544 Current batch 200/1047 (19.10%)
Current loss 0.2692986726760864 Current batch 300/1047 (28.65%)
Current loss 0.17695428431034088 Current batch 400/1047 (38.20%)
Current loss 0.15761126577854156 Current batch 500/1047 (47.76%)
Current loss 0.15557312965393066 Current batch 600/1047 (57.31%)
Current loss 0.154047891497612 Current batch 700/1047 (66.86%)
Current loss 0.2016424536705017 Current batch 800/1047 (76.41%)
Current loss 0.20306396484375 Current batch 900/1047 (85.96%)
Current loss 0.12192529439926147 Current batch 1000/1047 (95.51%)
Validation set size: 262
### End of the epoch : Validation loss for 5 is 0.20057928562164307
Current loss 0.2217828631401062 Current batch 0/1047 (0.00%)
Current loss 0.18270698189735413 Current batch 100/1047 (9.55%)
Current loss 0.14943139255046844 Current batch 200/1047 (19.10%)
Current loss 0.14281520247459412 Current batch 300/1047 (28.65%)
Current loss 0.16696666181087494 Current batch 400/1047 (38.20%)
Current loss 0.21923643350601196 Current batch 500/1047 (47.76%)
Current loss 0.45508742332458496 Current batch 600/1047 (57.31%)
Current loss 0.10642889887094498 Current batch 700/1047 (66.86%)
Current loss 0.14618134498596191 Current batch 800/1047 (76.41%)
Current loss 0.11445122212171555 Current batch 900/1047 (85.96%)
Current loss 0.1687975972890854 Current batch 1000/1047 (95.51%)
Validation set size: 262
### End of the epoch : Validation loss for 6 is 0.18247921764850616
Current loss 0.25980690121650696 Current batch 0/1047 (0.00%)
Current loss 0.2268231213092804 Current batch 100/1047 (9.55%)
Current loss 0.2590482532978058 Current batch 200/1047 (19.10%)
Current loss 0.18825480341911316 Current batch 300/1047 (28.65%)
Current loss 0.17773501574993134 Current batch 400/1047 (38.20%)
Current loss 0.17251445353031158 Current batch 500/1047 (47.76%)
Current loss 0.19303947687149048 Current batch 600/1047 (57.31%)
Current loss 0.17802877724170685 Current batch 700/1047 (66.86%)
Current loss 0.2020203024148941 Current batch 800/1047 (76.41%)
Current loss 0.1104910671710968 Current batch 900/1047 (85.96%)
Current loss 0.11091447621583939 Current batch 1000/1047 (95.51%)
Validation set size: 262
### End of the epoch : Validation loss for 7 is 0.17091010510921478
Current loss 0.17919929325580597 Current batch 0/1047 (0.00%)
Current loss 0.26374319195747375 Current batch 100/1047 (9.55%)
Current loss 0.23378238081932068 Current batch 200/1047 (19.10%)
Current loss 0.1517784297466278 Current batch 300/1047 (28.65%)
Current loss 0.15990938246250153 Current batch 400/1047 (38.20%)
Current loss 0.11299797147512436 Current batch 500/1047 (47.76%)
Current loss 0.13028521835803986 Current batch 600/1047 (57.31%)
Current loss 0.1942715048789978 Current batch 700/1047 (66.86%)
Current loss 0.19344955682754517 Current batch 800/1047 (76.41%)
Current loss 0.1665162593126297 Current batch 900/1047 (85.96%)
Current loss 0.2705932855606079 Current batch 1000/1047 (95.51%)
Validation set size: 262
### End of the epoch : Validation loss for 8 is 0.19195979833602905
Current loss 0.13907237350940704 Current batch 0/1047 (0.00%)
Current loss 0.2164643555879593 Current batch 100/1047 (9.55%)
Current loss 0.1103312075138092 Current batch 200/1047 (19.10%)
Current loss 0.19893117249011993 Current batch 300/1047 (28.65%)
Current loss 0.17106376588344574 Current batch 400/1047 (38.20%)
Current loss 0.18627282977104187 Current batch 500/1047 (47.76%)
Current loss 0.2356700450181961 Current batch 600/1047 (57.31%)
Current loss 0.14773178100585938 Current batch 700/1047 (66.86%)
Current loss 0.16012045741081238 Current batch 800/1047 (76.41%)
Current loss 0.14339081943035126 Current batch 900/1047 (85.96%)
Current loss 0.10513251274824142 Current batch 1000/1047 (95.51%)
Validation set size: 262
### End of the epoch : Validation loss for 9 is 0.16337361931800842
Current loss 0.14882543683052063 Current batch 0/1047 (0.00%)
Current loss 0.14215610921382904 Current batch 100/1047 (9.55%)
Current loss 0.20778682827949524 Current batch 200/1047 (19.10%)
Current loss 0.1385038048028946 Current batch 300/1047 (28.65%)
Current loss 0.1441303789615631 Current batch 400/1047 (38.20%)
Current loss 0.174479678273201 Current batch 500/1047 (47.76%)
Current loss 0.17761315405368805 Current batch 600/1047 (57.31%)
Current loss 0.15393328666687012 Current batch 700/1047 (66.86%)
Current loss 0.19997109472751617 Current batch 800/1047 (76.41%)
Current loss 0.16465240716934204 Current batch 900/1047 (85.96%)
Current loss 0.1722499430179596 Current batch 1000/1047 (95.51%)
Validation set size: 262
### End of the epoch : Validation loss for 10 is 0.15908196568489075
Current loss 0.18146651983261108 Current batch 0/1047 (0.00%)
Current loss 0.1823357194662094 Current batch 100/1047 (9.55%)
Current loss 0.15558256208896637 Current batch 200/1047 (19.10%)
Current loss 0.15810783207416534 Current batch 300/1047 (28.65%)
Current loss 0.12891875207424164 Current batch 400/1047 (38.20%)
Current loss 0.0713430866599083 Current batch 500/1047 (47.76%)
Current loss 0.15334634482860565 Current batch 600/1047 (57.31%)
Current loss 0.13808400928974152 Current batch 700/1047 (66.86%)
Current loss 0.17576271295547485 Current batch 800/1047 (76.41%)
Current loss 0.1583605408668518 Current batch 900/1047 (85.96%)
Current loss 0.11482317745685577 Current batch 1000/1047 (95.51%)
Validation set size: 262
### End of the epoch : Validation loss for 11 is 0.15753649175167084
Current loss 0.16320174932479858 Current batch 0/1047 (0.00%)
Current loss 0.21463868021965027 Current batch 100/1047 (9.55%)
Current loss 0.3812265694141388 Current batch 200/1047 (19.10%)
Current loss 0.12945222854614258 Current batch 300/1047 (28.65%)
Current loss 0.13461922109127045 Current batch 400/1047 (38.20%)
Current loss 0.17239421606063843 Current batch 500/1047 (47.76%)
Current loss 0.13445313274860382 Current batch 600/1047 (57.31%)
Current loss 0.2839336395263672 Current batch 700/1047 (66.86%)
Current loss 0.10628213733434677 Current batch 800/1047 (76.41%)
Current loss 0.1852545142173767 Current batch 900/1047 (85.96%)
Current loss 0.21228665113449097 Current batch 1000/1047 (95.51%)
Validation set size: 262
### End of the epoch : Validation loss for 12 is 0.15953552722930908
Current loss 0.10160565376281738 Current batch 0/1047 (0.00%)
Current loss 0.203287273645401 Current batch 100/1047 (9.55%)
Current loss 0.13967110216617584 Current batch 200/1047 (19.10%)
Current loss 0.11796190589666367 Current batch 300/1047 (28.65%)
Current loss 0.10944783687591553 Current batch 400/1047 (38.20%)
Current loss 0.11951691657304764 Current batch 500/1047 (47.76%)
Current loss 0.1787775754928589 Current batch 600/1047 (57.31%)
Current loss 0.1349976658821106 Current batch 700/1047 (66.86%)
Current loss 0.15262927114963531 Current batch 800/1047 (76.41%)
Current loss 0.11870460212230682 Current batch 900/1047 (85.96%)
Current loss 0.18157388269901276 Current batch 1000/1047 (95.51%)
Validation set size: 262
### End of the epoch : Validation loss for 13 is 0.16204164922237396
Current loss 0.1346798539161682 Current batch 0/1047 (0.00%)
Current loss 0.15020400285720825 Current batch 100/1047 (9.55%)
Current loss 0.1403808742761612 Current batch 200/1047 (19.10%)
Current loss 0.25955474376678467 Current batch 300/1047 (28.65%)
Current loss 0.5971907377243042 Current batch 400/1047 (38.20%)
Current loss 0.155587837100029 Current batch 500/1047 (47.76%)
Current loss 0.16606448590755463 Current batch 600/1047 (57.31%)
Current loss 0.14299951493740082 Current batch 700/1047 (66.86%)
Current loss 0.14085763692855835 Current batch 800/1047 (76.41%)
Current loss 0.09672888368368149 Current batch 900/1047 (85.96%)
Current loss 0.11561127752065659 Current batch 1000/1047 (95.51%)
Validation set size: 262
### End of the epoch : Validation loss for 14 is 0.16558721661567688
Current loss 0.2414669394493103 Current batch 0/1047 (0.00%)
Current loss 0.12689146399497986 Current batch 100/1047 (9.55%)
Current loss 0.18256531655788422 Current batch 200/1047 (19.10%)
Current loss 0.1354256570339203 Current batch 300/1047 (28.65%)
Current loss 0.11861825734376907 Current batch 400/1047 (38.20%)
Current loss 0.15222078561782837 Current batch 500/1047 (47.76%)
Current loss 0.1289895474910736 Current batch 600/1047 (57.31%)
Current loss 0.13340480625629425 Current batch 700/1047 (66.86%)
Current loss 0.15151475369930267 Current batch 800/1047 (76.41%)
Current loss 0.1264306902885437 Current batch 900/1047 (85.96%)
Current loss 0.14456088840961456 Current batch 1000/1047 (95.51%)
Validation set size: 262
### End of the epoch : Validation loss for 15 is 0.15175403654575348
Current loss 0.14462096989154816 Current batch 0/1047 (0.00%)
Current loss 0.18467889726161957 Current batch 100/1047 (9.55%)
Current loss 0.1457480639219284 Current batch 200/1047 (19.10%)
Current loss 0.16447170078754425 Current batch 300/1047 (28.65%)
Current loss 0.1347426027059555 Current batch 400/1047 (38.20%)
Current loss 0.20137639343738556 Current batch 500/1047 (47.76%)
Current loss 0.19967807829380035 Current batch 600/1047 (57.31%)
Current loss 0.18058449029922485 Current batch 700/1047 (66.86%)
Current loss 0.08904067426919937 Current batch 800/1047 (76.41%)
Current loss 0.1321742981672287 Current batch 900/1047 (85.96%)
Current loss 0.126268208026886 Current batch 1000/1047 (95.51%)
Validation set size: 262
### End of the epoch : Validation loss for 16 is 0.1663554310798645
Current loss 0.12216421961784363 Current batch 0/1047 (0.00%)
Current loss 0.14223890006542206 Current batch 100/1047 (9.55%)
Current loss 0.12551456689834595 Current batch 200/1047 (19.10%)
Current loss 0.13034288585186005 Current batch 300/1047 (28.65%)
Current loss 0.15760724246501923 Current batch 400/1047 (38.20%)
Current loss 0.16255415976047516 Current batch 500/1047 (47.76%)
Current loss 0.17842130362987518 Current batch 600/1047 (57.31%)
Current loss 0.10704903304576874 Current batch 700/1047 (66.86%)
Current loss 0.2857947051525116 Current batch 800/1047 (76.41%)
Current loss 0.2139044553041458 Current batch 900/1047 (85.96%)
Current loss 0.15911173820495605 Current batch 1000/1047 (95.51%)
Validation set size: 262
### End of the epoch : Validation loss for 17 is 0.18927516043186188
Current loss 0.18226416409015656 Current batch 0/1047 (0.00%)
Current loss 0.13395993411540985 Current batch 100/1047 (9.55%)
Current loss 0.14434489607810974 Current batch 200/1047 (19.10%)
Current loss 0.10131177306175232 Current batch 300/1047 (28.65%)
Current loss 0.1259346604347229 Current batch 400/1047 (38.20%)
Current loss 0.12656046450138092 Current batch 500/1047 (47.76%)
Current loss 0.09989689290523529 Current batch 600/1047 (57.31%)
Current loss 0.13301992416381836 Current batch 700/1047 (66.86%)
Current loss 0.13435429334640503 Current batch 800/1047 (76.41%)
Current loss 0.12338781356811523 Current batch 900/1047 (85.96%)
Current loss 0.165911465883255 Current batch 1000/1047 (95.51%)
Validation set size: 262
### End of the epoch : Validation loss for 18 is 0.15424714982509613
Current loss 0.12448883801698685 Current batch 0/1047 (0.00%)
Current loss 0.14642992615699768 Current batch 100/1047 (9.55%)
Current loss 0.13131406903266907 Current batch 200/1047 (19.10%)
Current loss 0.19419993460178375 Current batch 300/1047 (28.65%)
Current loss 0.14785663783550262 Current batch 400/1047 (38.20%)
Current loss 0.23533007502555847 Current batch 500/1047 (47.76%)
Current loss 0.184053435921669 Current batch 600/1047 (57.31%)
Current loss 0.1632927656173706 Current batch 700/1047 (66.86%)
Current loss 0.12840300798416138 Current batch 800/1047 (76.41%)
Current loss 0.11395500600337982 Current batch 900/1047 (85.96%)
Current loss 0.15440967679023743 Current batch 1000/1047 (95.51%)
Validation set size: 262
### End of the epoch : Validation loss for 19 is 0.14850415289402008
Current loss 0.14434465765953064 Current batch 0/1047 (0.00%)
Current loss 0.11666294187307358 Current batch 100/1047 (9.55%)
Current loss 0.1287226676940918 Current batch 200/1047 (19.10%)
Current loss 0.19808349013328552 Current batch 300/1047 (28.65%)
Current loss 0.12767359614372253 Current batch 400/1047 (38.20%)
Current loss 0.14286433160305023 Current batch 500/1047 (47.76%)
Current loss 0.16104841232299805 Current batch 600/1047 (57.31%)
Current loss 0.15756818652153015 Current batch 700/1047 (66.86%)
Current loss 0.12541136145591736 Current batch 800/1047 (76.41%)
Current loss 0.13441872596740723 Current batch 900/1047 (85.96%)
Current loss 0.14413580298423767 Current batch 1000/1047 (95.51%)
Validation set size: 262
### End of the epoch : Validation loss for 20 is 0.14680348336696625
Current loss 0.1143418699502945 Current batch 0/1047 (0.00%)
Current loss 0.09761607646942139 Current batch 100/1047 (9.55%)
Current loss 0.16452424228191376 Current batch 200/1047 (19.10%)
Current loss 0.16958793997764587 Current batch 300/1047 (28.65%)
Current loss 0.21169951558113098 Current batch 400/1047 (38.20%)
Current loss 0.1459517776966095 Current batch 500/1047 (47.76%)
Current loss 0.16928395628929138 Current batch 600/1047 (57.31%)
Current loss 0.1378576159477234 Current batch 700/1047 (66.86%)
Current loss 0.21313166618347168 Current batch 800/1047 (76.41%)
Current loss 0.19162532687187195 Current batch 900/1047 (85.96%)
Current loss 0.14519640803337097 Current batch 1000/1047 (95.51%)
Validation set size: 262
### End of the epoch : Validation loss for 21 is 0.14654268324375153
Current loss 0.11109563708305359 Current batch 0/1047 (0.00%)
Current loss 0.1469481885433197 Current batch 100/1047 (9.55%)
Current loss 0.18465200066566467 Current batch 200/1047 (19.10%)
Current loss 0.19803069531917572 Current batch 300/1047 (28.65%)
Current loss 0.19133175909519196 Current batch 400/1047 (38.20%)
Current loss 0.12031526118516922 Current batch 500/1047 (47.76%)
Current loss 0.6166559457778931 Current batch 600/1047 (57.31%)
Current loss 0.1287258267402649 Current batch 700/1047 (66.86%)
Current loss 0.14270912110805511 Current batch 800/1047 (76.41%)
Current loss 0.11349055916070938 Current batch 900/1047 (85.96%)
Current loss 0.21550841629505157 Current batch 1000/1047 (95.51%)
Validation set size: 262
### End of the epoch : Validation loss for 22 is 0.1869574636220932
Current loss 0.19866973161697388 Current batch 0/1047 (0.00%)
Current loss 0.17245818674564362 Current batch 100/1047 (9.55%)
Current loss 0.15443463623523712 Current batch 200/1047 (19.10%)
Current loss 0.4872129261493683 Current batch 300/1047 (28.65%)
Current loss 0.11992557346820831 Current batch 400/1047 (38.20%)
Current loss 0.2559809684753418 Current batch 500/1047 (47.76%)
Current loss 0.17495465278625488 Current batch 600/1047 (57.31%)
Current loss 0.14476636052131653 Current batch 700/1047 (66.86%)
Current loss 0.11303864419460297 Current batch 800/1047 (76.41%)
Current loss 0.2612421214580536 Current batch 900/1047 (85.96%)
Current loss 0.20720726251602173 Current batch 1000/1047 (95.51%)
Validation set size: 262
### End of the epoch : Validation loss for 23 is 0.1534518152475357
Current loss 0.12393572181463242 Current batch 0/1047 (0.00%)
Current loss 0.11853034794330597 Current batch 100/1047 (9.55%)
Current loss 0.19473709166049957 Current batch 200/1047 (19.10%)
Current loss 0.13239750266075134 Current batch 300/1047 (28.65%)
Current loss 0.14241647720336914 Current batch 400/1047 (38.20%)
Current loss 0.1539483368396759 Current batch 500/1047 (47.76%)
Current loss 0.15636436641216278 Current batch 600/1047 (57.31%)
Current loss 0.17045095562934875 Current batch 700/1047 (66.86%)
Current loss 0.11813873052597046 Current batch 800/1047 (76.41%)
Current loss 0.10496718436479568 Current batch 900/1047 (85.96%)
Current loss 0.2079019695520401 Current batch 1000/1047 (95.51%)
Validation set size: 262
### End of the epoch : Validation loss for 24 is 0.15481388568878174
Current loss 0.10831373929977417 Current batch 0/1047 (0.00%)
Current loss 0.10516061633825302 Current batch 100/1047 (9.55%)
Current loss 0.2566240429878235 Current batch 200/1047 (19.10%)
Current loss 0.13933561742305756 Current batch 300/1047 (28.65%)
Current loss 0.17159442603588104 Current batch 400/1047 (38.20%)
Current loss 0.11329801380634308 Current batch 500/1047 (47.76%)
Current loss 0.1398487687110901 Current batch 600/1047 (57.31%)
Current loss 0.20108088850975037 Current batch 700/1047 (66.86%)
Current loss 0.11390308290719986 Current batch 800/1047 (76.41%)
Current loss 0.11377628147602081 Current batch 900/1047 (85.96%)
Current loss 0.11016681790351868 Current batch 1000/1047 (95.51%)
Validation set size: 262
### End of the epoch : Validation loss for 25 is 0.14716008305549622
Current loss 0.13214926421642303 Current batch 0/1047 (0.00%)
Current loss 0.13084754347801208 Current batch 100/1047 (9.55%)
Current loss 0.09753119945526123 Current batch 200/1047 (19.10%)
Current loss 0.17739802598953247 Current batch 300/1047 (28.65%)
Current loss 0.1312856823205948 Current batch 400/1047 (38.20%)
Current loss 0.08244280517101288 Current batch 500/1047 (47.76%)
Current loss 0.12501242756843567 Current batch 600/1047 (57.31%)
Current loss 0.13588619232177734 Current batch 700/1047 (66.86%)
Current loss 0.1250258833169937 Current batch 800/1047 (76.41%)
Current loss 0.1371845155954361 Current batch 900/1047 (85.96%)
Current loss 0.15995997190475464 Current batch 1000/1047 (95.51%)
Validation set size: 262
### End of the epoch : Validation loss for 26 is 0.14768937230110168
Current loss 0.17777514457702637 Current batch 0/1047 (0.00%)
Current loss 0.1524350345134735 Current batch 100/1047 (9.55%)
Current loss 0.2576809525489807 Current batch 200/1047 (19.10%)
Current loss 0.11264590919017792 Current batch 300/1047 (28.65%)
Current loss 0.1653706282377243 Current batch 400/1047 (38.20%)
Current loss 0.14639253914356232 Current batch 500/1047 (47.76%)
Current loss 0.13461914658546448 Current batch 600/1047 (57.31%)
Current loss 0.11780412495136261 Current batch 700/1047 (66.86%)
Current loss 0.09391438961029053 Current batch 800/1047 (76.41%)
Current loss 0.17072710394859314 Current batch 900/1047 (85.96%)
Current loss 0.1441783756017685 Current batch 1000/1047 (95.51%)
Validation set size: 262
### End of the epoch : Validation loss for 27 is 0.146621435880661
Current loss 0.2366400808095932 Current batch 0/1047 (0.00%)
Current loss 0.1159249097108841 Current batch 100/1047 (9.55%)
Current loss 0.22042591869831085 Current batch 200/1047 (19.10%)
Current loss 0.12904652953147888 Current batch 300/1047 (28.65%)
Current loss 0.11135518550872803 Current batch 400/1047 (38.20%)
Current loss 0.10974245518445969 Current batch 500/1047 (47.76%)
Current loss 0.17030978202819824 Current batch 600/1047 (57.31%)
Current loss 0.12880000472068787 Current batch 700/1047 (66.86%)
Current loss 0.10795335471630096 Current batch 800/1047 (76.41%)
Current loss 0.1973676085472107 Current batch 900/1047 (85.96%)
Current loss 0.13594116270542145 Current batch 1000/1047 (95.51%)
Validation set size: 262
### End of the epoch : Validation loss for 28 is 0.1462714672088623
Current loss 0.13216632604599 Current batch 0/1047 (0.00%)
Current loss 0.16482074558734894 Current batch 100/1047 (9.55%)
Current loss 0.14313779771327972 Current batch 200/1047 (19.10%)
Current loss 0.1275346577167511 Current batch 300/1047 (28.65%)
Current loss 0.11633241176605225 Current batch 400/1047 (38.20%)
Current loss 0.12037744373083115 Current batch 500/1047 (47.76%)
Current loss 0.13152742385864258 Current batch 600/1047 (57.31%)
Current loss 0.09622950106859207 Current batch 700/1047 (66.86%)
Current loss 0.11528234928846359 Current batch 800/1047 (76.41%)
Current loss 0.11422029137611389 Current batch 900/1047 (85.96%)
Current loss 0.11716951429843903 Current batch 1000/1047 (95.51%)
Validation set size: 262
### End of the epoch : Validation loss for 29 is 0.1471651941537857
Current loss 0.1243956983089447 Current batch 0/1047 (0.00%)
Current loss 0.13915671408176422 Current batch 100/1047 (9.55%)
Current loss 0.11019176244735718 Current batch 200/1047 (19.10%)
Current loss 0.12975333631038666 Current batch 300/1047 (28.65%)
Current loss 0.17492519319057465 Current batch 400/1047 (38.20%)
Current loss 0.1509896069765091 Current batch 500/1047 (47.76%)
Current loss 0.22836115956306458 Current batch 600/1047 (57.31%)
Current loss 0.11622121185064316 Current batch 700/1047 (66.86%)
Current loss 0.15245532989501953 Current batch 800/1047 (76.41%)
Current loss 0.16034136712551117 Current batch 900/1047 (85.96%)
Current loss 0.19862209260463715 Current batch 1000/1047 (95.51%)
Validation set size: 262
### End of the epoch : Validation loss for 30 is 0.14250433444976807
Current loss 0.12583139538764954 Current batch 0/1047 (0.00%)
Current loss 0.1066124215722084 Current batch 100/1047 (9.55%)
Current loss 0.25517597794532776 Current batch 200/1047 (19.10%)
Current loss 0.12443406879901886 Current batch 300/1047 (28.65%)
Current loss 0.11735668778419495 Current batch 400/1047 (38.20%)
Current loss 0.2486804723739624 Current batch 500/1047 (47.76%)
Current loss 0.16027043759822845 Current batch 600/1047 (57.31%)
Current loss 0.20453602075576782 Current batch 700/1047 (66.86%)
Current loss 0.13482312858104706 Current batch 800/1047 (76.41%)
Current loss 0.17623065412044525 Current batch 900/1047 (85.96%)
Current loss 0.11382538825273514 Current batch 1000/1047 (95.51%)
Validation set size: 262
### End of the epoch : Validation loss for 31 is 0.14290225505828857
Current loss 0.16540485620498657 Current batch 0/1047 (0.00%)
Current loss 0.10144755989313126 Current batch 100/1047 (9.55%)
Current loss 0.19380582869052887 Current batch 200/1047 (19.10%)
Current loss 0.11007606238126755 Current batch 300/1047 (28.65%)
Current loss 0.09541657567024231 Current batch 400/1047 (38.20%)
Current loss 0.13917748630046844 Current batch 500/1047 (47.76%)
Current loss 0.13001903891563416 Current batch 600/1047 (57.31%)
Current loss 0.1438785344362259 Current batch 700/1047 (66.86%)
Current loss 0.13053220510482788 Current batch 800/1047 (76.41%)
Current loss 0.10966650396585464 Current batch 900/1047 (85.96%)
Current loss 0.1597670167684555 Current batch 1000/1047 (95.51%)
Validation set size: 262
### End of the epoch : Validation loss for 32 is 0.1429002434015274
Current loss 0.13744787871837616 Current batch 0/1047 (0.00%)
Current loss 0.11839000135660172 Current batch 100/1047 (9.55%)
Current loss 0.14879527688026428 Current batch 200/1047 (19.10%)
Current loss 0.10890413820743561 Current batch 300/1047 (28.65%)
Current loss 0.14488716423511505 Current batch 400/1047 (38.20%)
Current loss 0.1285606175661087 Current batch 500/1047 (47.76%)
Current loss 0.11987253278493881 Current batch 600/1047 (57.31%)
Current loss 0.10951574146747589 Current batch 700/1047 (66.86%)
Current loss 0.13254790008068085 Current batch 800/1047 (76.41%)
Current loss 0.18297985196113586 Current batch 900/1047 (85.96%)
Current loss 0.1292639523744583 Current batch 1000/1047 (95.51%)
Validation set size: 262
### End of the epoch : Validation loss for 33 is 0.14244404435157776
Current loss 0.09495943784713745 Current batch 0/1047 (0.00%)
Current loss 0.12568043172359467 Current batch 100/1047 (9.55%)
Current loss 0.1295202076435089 Current batch 200/1047 (19.10%)
Current loss 0.11119387298822403 Current batch 300/1047 (28.65%)
Current loss 0.11291303485631943 Current batch 400/1047 (38.20%)
Current loss 0.17274925112724304 Current batch 500/1047 (47.76%)
Current loss 0.14734157919883728 Current batch 600/1047 (57.31%)
Current loss 0.15702097117900848 Current batch 700/1047 (66.86%)
Current loss 0.09318457543849945 Current batch 800/1047 (76.41%)
Current loss 0.19201871752738953 Current batch 900/1047 (85.96%)
Current loss 0.13080796599388123 Current batch 1000/1047 (95.51%)
Validation set size: 262
### End of the epoch : Validation loss for 34 is 0.14365790784358978
Current loss 0.11480537801980972 Current batch 0/1047 (0.00%)
Current loss 0.1398673802614212 Current batch 100/1047 (9.55%)
Current loss 0.1210474967956543 Current batch 200/1047 (19.10%)
Current loss 0.10713369399309158 Current batch 300/1047 (28.65%)
Current loss 0.12112797796726227 Current batch 400/1047 (38.20%)
Current loss 0.11279956251382828 Current batch 500/1047 (47.76%)
Current loss 0.12452913820743561 Current batch 600/1047 (57.31%)
Current loss 0.19711095094680786 Current batch 700/1047 (66.86%)
Current loss 0.14363107085227966 Current batch 800/1047 (76.41%)
Current loss 0.1490715593099594 Current batch 900/1047 (85.96%)
Current loss 0.1470075249671936 Current batch 1000/1047 (95.51%)
Validation set size: 262
### End of the epoch : Validation loss for 35 is 0.1415204107761383
Current loss 0.10499591380357742 Current batch 0/1047 (0.00%)
Current loss 0.19761745631694794 Current batch 100/1047 (9.55%)
Current loss 0.13419795036315918 Current batch 200/1047 (19.10%)
Current loss 0.16378654539585114 Current batch 300/1047 (28.65%)
Current loss 0.1451498419046402 Current batch 400/1047 (38.20%)
Current loss 0.12692128121852875 Current batch 500/1047 (47.76%)
Current loss 0.16309398412704468 Current batch 600/1047 (57.31%)
Current loss 0.11395793408155441 Current batch 700/1047 (66.86%)
Current loss 0.13991202414035797 Current batch 800/1047 (76.41%)
Current loss 0.11108290404081345 Current batch 900/1047 (85.96%)
Current loss 0.135314479470253 Current batch 1000/1047 (95.51%)
Validation set size: 262
### End of the epoch : Validation loss for 36 is 0.14434373378753662
Current loss 0.10693264752626419 Current batch 0/1047 (0.00%)
Current loss 0.09124819189310074 Current batch 100/1047 (9.55%)
Current loss 0.1089714765548706 Current batch 200/1047 (19.10%)
Current loss 0.19739535450935364 Current batch 300/1047 (28.65%)
Current loss 0.13966120779514313 Current batch 400/1047 (38.20%)
Current loss 0.18357497453689575 Current batch 500/1047 (47.76%)
Current loss 0.12198800593614578 Current batch 600/1047 (57.31%)
Current loss 0.1630595624446869 Current batch 700/1047 (66.86%)
Current loss 0.1608801633119583 Current batch 800/1047 (76.41%)
Current loss 0.15198840200901031 Current batch 900/1047 (85.96%)
Current loss 0.1740250289440155 Current batch 1000/1047 (95.51%)
Validation set size: 262
### End of the epoch : Validation loss for 37 is 0.14150649309158325
Current loss 0.15734590590000153 Current batch 0/1047 (0.00%)
Current loss 0.1379328966140747 Current batch 100/1047 (9.55%)
Current loss 0.19400058686733246 Current batch 200/1047 (19.10%)
Current loss 0.1535571664571762 Current batch 300/1047 (28.65%)
Current loss 0.09719429165124893 Current batch 400/1047 (38.20%)
Current loss 0.14499211311340332 Current batch 500/1047 (47.76%)
Current loss 0.1408616006374359 Current batch 600/1047 (57.31%)
Current loss 0.11876624822616577 Current batch 700/1047 (66.86%)
Current loss 0.21600909531116486 Current batch 800/1047 (76.41%)
Current loss 0.11335771530866623 Current batch 900/1047 (85.96%)
Current loss 0.12323644012212753 Current batch 1000/1047 (95.51%)
Validation set size: 262
### End of the epoch : Validation loss for 38 is 0.14394427835941315
Current loss 0.07664211839437485 Current batch 0/1047 (0.00%)
Current loss 0.18124538660049438 Current batch 100/1047 (9.55%)
Current loss 0.17980660498142242 Current batch 200/1047 (19.10%)
Current loss 0.15824036300182343 Current batch 300/1047 (28.65%)
Current loss 0.16944947838783264 Current batch 400/1047 (38.20%)
Current loss 0.23644126951694489 Current batch 500/1047 (47.76%)
Current loss 0.13986864686012268 Current batch 600/1047 (57.31%)
Current loss 0.1351388543844223 Current batch 700/1047 (66.86%)
Current loss 0.18842750787734985 Current batch 800/1047 (76.41%)
Current loss 0.15169565379619598 Current batch 900/1047 (85.96%)
Current loss 0.09416629374027252 Current batch 1000/1047 (95.51%)
Validation set size: 262
### End of the epoch : Validation loss for 39 is 0.1454477161169052
Current loss 0.12394555658102036 Current batch 0/1047 (0.00%)
Current loss 0.26945826411247253 Current batch 100/1047 (9.55%)
Current loss 0.24727346003055573 Current batch 200/1047 (19.10%)
Current loss 0.19657045602798462 Current batch 300/1047 (28.65%)
Current loss 0.12445753067731857 Current batch 400/1047 (38.20%)
Current loss 0.13188715279102325 Current batch 500/1047 (47.76%)
Current loss 0.1554049700498581 Current batch 600/1047 (57.31%)
Current loss 0.12431184202432632 Current batch 700/1047 (66.86%)
Current loss 0.13511429727077484 Current batch 800/1047 (76.41%)
Current loss 0.1025882214307785 Current batch 900/1047 (85.96%)
Current loss 0.1411971151828766 Current batch 1000/1047 (95.51%)
Validation set size: 262
### End of the epoch : Validation loss for 40 is 0.143104687333107
Current loss 0.11519838124513626 Current batch 0/1047 (0.00%)
Current loss 0.13333278894424438 Current batch 100/1047 (9.55%)
Current loss 0.13962791860103607 Current batch 200/1047 (19.10%)
Current loss 0.1347053050994873 Current batch 300/1047 (28.65%)
Current loss 0.13904786109924316 Current batch 400/1047 (38.20%)
Current loss 0.16797898709774017 Current batch 500/1047 (47.76%)
Current loss 0.11270707845687866 Current batch 600/1047 (57.31%)
Current loss 0.12497152388095856 Current batch 700/1047 (66.86%)
Current loss 0.1184142678976059 Current batch 800/1047 (76.41%)
Current loss 0.21015195548534393 Current batch 900/1047 (85.96%)
Current loss 0.1136358231306076 Current batch 1000/1047 (95.51%)
Validation set size: 262
### End of the epoch : Validation loss for 41 is 0.14455947279930115
Current loss 0.11722772568464279 Current batch 0/1047 (0.00%)
Current loss 0.1611265391111374 Current batch 100/1047 (9.55%)
Current loss 0.07980147004127502 Current batch 200/1047 (19.10%)
Current loss 0.1230371743440628 Current batch 300/1047 (28.65%)
Current loss 0.10989335924386978 Current batch 400/1047 (38.20%)
Current loss 0.14304398000240326 Current batch 500/1047 (47.76%)
Current loss 0.10617130249738693 Current batch 600/1047 (57.31%)
Current loss 0.13487544655799866 Current batch 700/1047 (66.86%)
Current loss 0.11668046563863754 Current batch 800/1047 (76.41%)
Current loss 0.16242074966430664 Current batch 900/1047 (85.96%)
Current loss 0.13701535761356354 Current batch 1000/1047 (95.51%)
Validation set size: 262
### End of the epoch : Validation loss for 42 is 0.1417406052350998
Current loss 0.10766003280878067 Current batch 0/1047 (0.00%)
Current loss 0.14770779013633728 Current batch 100/1047 (9.55%)
Current loss 0.1474771499633789 Current batch 200/1047 (19.10%)
Current loss 0.11977313458919525 Current batch 300/1047 (28.65%)
Current loss 0.1002996638417244 Current batch 400/1047 (38.20%)
Current loss 0.18176990747451782 Current batch 500/1047 (47.76%)
Current loss 0.2091922163963318 Current batch 600/1047 (57.31%)
Current loss 0.1206301748752594 Current batch 700/1047 (66.86%)
Current loss 0.09958432614803314 Current batch 800/1047 (76.41%)
Current loss 0.15924528241157532 Current batch 900/1047 (85.96%)
Current loss 0.11683648824691772 Current batch 1000/1047 (95.51%)
Validation set size: 262
### End of the epoch : Validation loss for 43 is 0.1401136964559555
Current loss 0.18011552095413208 Current batch 0/1047 (0.00%)
Current loss 0.14258180558681488 Current batch 100/1047 (9.55%)
Current loss 0.13846372067928314 Current batch 200/1047 (19.10%)
Current loss 0.11098266392946243 Current batch 300/1047 (28.65%)
Current loss 0.12968391180038452 Current batch 400/1047 (38.20%)
Current loss 0.20431110262870789 Current batch 500/1047 (47.76%)
Current loss 0.20959915220737457 Current batch 600/1047 (57.31%)
Current loss 0.133175328373909 Current batch 700/1047 (66.86%)
Current loss 0.1724279820919037 Current batch 800/1047 (76.41%)
Current loss 0.1630326360464096 Current batch 900/1047 (85.96%)
Current loss 0.0882284939289093 Current batch 1000/1047 (95.51%)
Validation set size: 262
### End of the epoch : Validation loss for 44 is 0.14067502319812775
Current loss 0.13745318353176117 Current batch 0/1047 (0.00%)
Current loss 0.1583653837442398 Current batch 100/1047 (9.55%)
Current loss 0.20948272943496704 Current batch 200/1047 (19.10%)
Current loss 0.14815613627433777 Current batch 300/1047 (28.65%)
Current loss 0.11059367656707764 Current batch 400/1047 (38.20%)
Current loss 0.1319034993648529 Current batch 500/1047 (47.76%)
Current loss 0.12410467118024826 Current batch 600/1047 (57.31%)
Current loss 0.10727088898420334 Current batch 700/1047 (66.86%)
Current loss 0.14093445241451263 Current batch 800/1047 (76.41%)
Current loss 0.38973256945610046 Current batch 900/1047 (85.96%)
Current loss 0.13454669713974 Current batch 1000/1047 (95.51%)
Validation set size: 262
### End of the epoch : Validation loss for 45 is 0.1418064832687378
Current loss 0.1315775215625763 Current batch 0/1047 (0.00%)
Current loss 0.11723864078521729 Current batch 100/1047 (9.55%)
Current loss 0.2310001254081726 Current batch 200/1047 (19.10%)
Current loss 0.182249516248703 Current batch 300/1047 (28.65%)
Current loss 0.14752042293548584 Current batch 400/1047 (38.20%)
Current loss 0.11206275969743729 Current batch 500/1047 (47.76%)
Current loss 0.10621561110019684 Current batch 600/1047 (57.31%)
Current loss 0.11281140893697739 Current batch 700/1047 (66.86%)
Current loss 0.15422174334526062 Current batch 800/1047 (76.41%)
Current loss 0.09086292237043381 Current batch 900/1047 (85.96%)
Current loss 0.13719557225704193 Current batch 1000/1047 (95.51%)
Validation set size: 262
### End of the epoch : Validation loss for 46 is 0.14184142649173737
Current loss 0.1496635377407074 Current batch 0/1047 (0.00%)
Current loss 0.14165157079696655 Current batch 100/1047 (9.55%)
Current loss 0.25910818576812744 Current batch 200/1047 (19.10%)
Current loss 0.09545595943927765 Current batch 300/1047 (28.65%)
Current loss 0.13231171667575836 Current batch 400/1047 (38.20%)
Current loss 0.18033845722675323 Current batch 500/1047 (47.76%)
Current loss 0.18425089120864868 Current batch 600/1047 (57.31%)
Current loss 0.11357192695140839 Current batch 700/1047 (66.86%)
Current loss 0.12318746000528336 Current batch 800/1047 (76.41%)
Current loss 0.14726798236370087 Current batch 900/1047 (85.96%)
Current loss 0.0898655578494072 Current batch 1000/1047 (95.51%)
Validation set size: 262
### End of the epoch : Validation loss for 47 is 0.13988655805587769
Current loss 0.11312413960695267 Current batch 0/1047 (0.00%)
Current loss 0.14016816020011902 Current batch 100/1047 (9.55%)
Current loss 0.20609396696090698 Current batch 200/1047 (19.10%)
Current loss 0.15977491438388824 Current batch 300/1047 (28.65%)
Current loss 0.10798902064561844 Current batch 400/1047 (38.20%)
Current loss 0.15387238562107086 Current batch 500/1047 (47.76%)
Current loss 0.11518748849630356 Current batch 600/1047 (57.31%)
Current loss 0.1344795525074005 Current batch 700/1047 (66.86%)
Current loss 0.13846740126609802 Current batch 800/1047 (76.41%)
Current loss 0.12307596206665039 Current batch 900/1047 (85.96%)
Current loss 0.16608157753944397 Current batch 1000/1047 (95.51%)
Validation set size: 262
### End of the epoch : Validation loss for 48 is 0.14813587069511414
Current loss 0.1228765919804573 Current batch 0/1047 (0.00%)
Current loss 0.142189159989357 Current batch 100/1047 (9.55%)
Current loss 0.1312503218650818 Current batch 200/1047 (19.10%)
Current loss 0.14594170451164246 Current batch 300/1047 (28.65%)
Current loss 0.1851525604724884 Current batch 400/1047 (38.20%)
Current loss 0.14972254633903503 Current batch 500/1047 (47.76%)
Current loss 0.10757463425397873 Current batch 600/1047 (57.31%)
Current loss 0.10440044850111008 Current batch 700/1047 (66.86%)
Current loss 0.16540823876857758 Current batch 800/1047 (76.41%)
Current loss 0.11793290823698044 Current batch 900/1047 (85.96%)
Current loss 0.11397141218185425 Current batch 1000/1047 (95.51%)
Validation set size: 262
### End of the epoch : Validation loss for 49 is 0.14608575403690338
Current loss 0.09780564904212952 Current batch 0/1047 (0.00%)
Current loss 0.08979648351669312 Current batch 100/1047 (9.55%)
Current loss 0.11840953677892685 Current batch 200/1047 (19.10%)
Current loss 0.12843728065490723 Current batch 300/1047 (28.65%)
Current loss 0.11657539755105972 Current batch 400/1047 (38.20%)
Current loss 0.11025739461183548 Current batch 500/1047 (47.76%)
Current loss 0.08848706632852554 Current batch 600/1047 (57.31%)
Current loss 0.15303821861743927 Current batch 700/1047 (66.86%)
Current loss 0.1303604394197464 Current batch 800/1047 (76.41%)
Current loss 0.12372706830501556 Current batch 900/1047 (85.96%)
Current loss 0.09146054834127426 Current batch 1000/1047 (95.51%)
Validation set size: 262
### End of the epoch : Validation loss for 50 is 0.14061948657035828
Current loss 0.4165804088115692 Current batch 0/1047 (0.00%)
Current loss 0.15896058082580566 Current batch 100/1047 (9.55%)
Current loss 0.11217282712459564 Current batch 200/1047 (19.10%)
Current loss 0.12162724882364273 Current batch 300/1047 (28.65%)
Current loss 0.13246449828147888 Current batch 400/1047 (38.20%)
Current loss 0.15532268583774567 Current batch 500/1047 (47.76%)
Current loss 0.12217908352613449 Current batch 600/1047 (57.31%)
Current loss 0.19581730663776398 Current batch 700/1047 (66.86%)
Current loss 0.13897676765918732 Current batch 800/1047 (76.41%)
Current loss 0.1264011710882187 Current batch 900/1047 (85.96%)
Current loss 0.15142349898815155 Current batch 1000/1047 (95.51%)
Validation set size: 262
### End of the epoch : Validation loss for 51 is 0.14051559567451477
Current loss 0.23293019831180573 Current batch 0/1047 (0.00%)
Current loss 0.14596658945083618 Current batch 100/1047 (9.55%)
Current loss 0.11694583296775818 Current batch 200/1047 (19.10%)
Current loss 0.10532980412244797 Current batch 300/1047 (28.65%)
Current loss 0.15712642669677734 Current batch 400/1047 (38.20%)
Current loss 0.11466187238693237 Current batch 500/1047 (47.76%)
Current loss 0.12871858477592468 Current batch 600/1047 (57.31%)
Current loss 0.13690145313739777 Current batch 700/1047 (66.86%)
Current loss 0.10802490264177322 Current batch 800/1047 (76.41%)
Current loss 0.08978305757045746 Current batch 900/1047 (85.96%)
Current loss 0.11414320766925812 Current batch 1000/1047 (95.51%)
Validation set size: 262
### End of the epoch : Validation loss for 52 is 0.14145924150943756
Current loss 0.17331412434577942 Current batch 0/1047 (0.00%)
Current loss 0.12603235244750977 Current batch 100/1047 (9.55%)
Current loss 0.1440115123987198 Current batch 200/1047 (19.10%)
Current loss 0.17773452401161194 Current batch 300/1047 (28.65%)
Current loss 0.12408163398504257 Current batch 400/1047 (38.20%)
Current loss 0.14756469428539276 Current batch 500/1047 (47.76%)
Current loss 0.20570622384548187 Current batch 600/1047 (57.31%)
Current loss 0.11614016443490982 Current batch 700/1047 (66.86%)
Current loss 0.10713792592287064 Current batch 800/1047 (76.41%)
Current loss 0.15789420902729034 Current batch 900/1047 (85.96%)
Current loss 0.11425969749689102 Current batch 1000/1047 (95.51%)
Validation set size: 262
### End of the epoch : Validation loss for 53 is 0.13937346637248993
Current loss 0.12853698432445526 Current batch 0/1047 (0.00%)
Current loss 0.12978294491767883 Current batch 100/1047 (9.55%)
Current loss 0.17377662658691406 Current batch 200/1047 (19.10%)
Current loss 0.12524136900901794 Current batch 300/1047 (28.65%)
Current loss 0.1800455003976822 Current batch 400/1047 (38.20%)
Current loss 0.10560455173254013 Current batch 500/1047 (47.76%)
Current loss 0.19047118723392487 Current batch 600/1047 (57.31%)
Current loss 0.14206421375274658 Current batch 700/1047 (66.86%)
Current loss 0.43821981549263 Current batch 800/1047 (76.41%)
Current loss 0.0823422223329544 Current batch 900/1047 (85.96%)
Current loss 0.11184251308441162 Current batch 1000/1047 (95.51%)
Validation set size: 262
### End of the epoch : Validation loss for 54 is 0.13958856463432312
Current loss 0.18018299341201782 Current batch 0/1047 (0.00%)
Current loss 0.09822080284357071 Current batch 100/1047 (9.55%)
Current loss 0.08389715850353241 Current batch 200/1047 (19.10%)
Current loss 0.09312093257904053 Current batch 300/1047 (28.65%)
Current loss 0.15240982174873352 Current batch 400/1047 (38.20%)
Current loss 0.12612713873386383 Current batch 500/1047 (47.76%)
Current loss 0.20257322490215302 Current batch 600/1047 (57.31%)
Current loss 0.12382705509662628 Current batch 700/1047 (66.86%)
Current loss 0.11092248558998108 Current batch 800/1047 (76.41%)
Current loss 0.108799509704113 Current batch 900/1047 (85.96%)
Current loss 0.35402509570121765 Current batch 1000/1047 (95.51%)
Validation set size: 262
### End of the epoch : Validation loss for 55 is 0.1393253654241562
Current loss 0.10875958204269409 Current batch 0/1047 (0.00%)
Current loss 0.13492941856384277 Current batch 100/1047 (9.55%)
Current loss 0.13205797970294952 Current batch 200/1047 (19.10%)
Current loss 0.1760352998971939 Current batch 300/1047 (28.65%)
Current loss 0.19392627477645874 Current batch 400/1047 (38.20%)
Current loss 0.22431722283363342 Current batch 500/1047 (47.76%)
Current loss 0.1524355262517929 Current batch 600/1047 (57.31%)
Current loss 0.12917298078536987 Current batch 700/1047 (66.86%)
Current loss 0.08913314342498779 Current batch 800/1047 (76.41%)
Current loss 0.10445824265480042 Current batch 900/1047 (85.96%)
Current loss 0.1942305713891983 Current batch 1000/1047 (95.51%)
Validation set size: 262
### End of the epoch : Validation loss for 56 is 0.13998943567276
Current loss 0.10384966433048248 Current batch 0/1047 (0.00%)
Current loss 0.11188140511512756 Current batch 100/1047 (9.55%)
Current loss 0.0891740620136261 Current batch 200/1047 (19.10%)
Current loss 0.10229874402284622 Current batch 300/1047 (28.65%)
Current loss 0.10914081335067749 Current batch 400/1047 (38.20%)
Current loss 0.1823299378156662 Current batch 500/1047 (47.76%)
Current loss 0.13564378023147583 Current batch 600/1047 (57.31%)
Current loss 0.13825125992298126 Current batch 700/1047 (66.86%)
Current loss 0.12491105496883392 Current batch 800/1047 (76.41%)
Current loss 0.12400062382221222 Current batch 900/1047 (85.96%)
Current loss 0.11927526444196701 Current batch 1000/1047 (95.51%)
Validation set size: 262
### End of the epoch : Validation loss for 57 is 0.13937990367412567
Current loss 0.42004016041755676 Current batch 0/1047 (0.00%)
Current loss 0.13692335784435272 Current batch 100/1047 (9.55%)
Current loss 0.12140258401632309 Current batch 200/1047 (19.10%)
Current loss 0.1385851353406906 Current batch 300/1047 (28.65%)
Current loss 0.10845596343278885 Current batch 400/1047 (38.20%)
Current loss 0.18304480612277985 Current batch 500/1047 (47.76%)
Current loss 0.1633715182542801 Current batch 600/1047 (57.31%)
Current loss 0.1058095172047615 Current batch 700/1047 (66.86%)
Current loss 0.1338968127965927 Current batch 800/1047 (76.41%)
Current loss 0.12583880126476288 Current batch 900/1047 (85.96%)
Current loss 0.09500680863857269 Current batch 1000/1047 (95.51%)
Validation set size: 262
### End of the epoch : Validation loss for 58 is 0.1488189548254013
Current loss 0.08837682753801346 Current batch 0/1047 (0.00%)
Current loss 0.10875143110752106 Current batch 100/1047 (9.55%)
Current loss 0.13646262884140015 Current batch 200/1047 (19.10%)
Current loss 0.13548022508621216 Current batch 300/1047 (28.65%)
Current loss 0.1324523389339447 Current batch 400/1047 (38.20%)
Current loss 0.14854221045970917 Current batch 500/1047 (47.76%)
Current loss 0.17267119884490967 Current batch 600/1047 (57.31%)
Current loss 0.12500247359275818 Current batch 700/1047 (66.86%)
Current loss 0.08656921237707138 Current batch 800/1047 (76.41%)
Current loss 0.12283401936292648 Current batch 900/1047 (85.96%)
Current loss 0.12344323843717575 Current batch 1000/1047 (95.51%)
Validation set size: 262
### End of the epoch : Validation loss for 59 is 0.13932694494724274
Current loss 0.0873623862862587 Current batch 0/1047 (0.00%)
Current loss 0.10098987072706223 Current batch 100/1047 (9.55%)
Current loss 0.1768408566713333 Current batch 200/1047 (19.10%)
Current loss 0.1603074073791504 Current batch 300/1047 (28.65%)
Current loss 0.11459589004516602 Current batch 400/1047 (38.20%)
Current loss 0.10861169546842575 Current batch 500/1047 (47.76%)
Current loss 0.25335022807121277 Current batch 600/1047 (57.31%)
Current loss 0.15487107634544373 Current batch 700/1047 (66.86%)
Current loss 0.16250213980674744 Current batch 800/1047 (76.41%)
Current loss 0.16752028465270996 Current batch 900/1047 (85.96%)
Current loss 0.11911825090646744 Current batch 1000/1047 (95.51%)
Validation set size: 262
### End of the epoch : Validation loss for 60 is 0.13951769471168518
Current loss 0.14014889299869537 Current batch 0/1047 (0.00%)
Current loss 0.13395516574382782 Current batch 100/1047 (9.55%)
Current loss 0.11547955870628357 Current batch 200/1047 (19.10%)
Current loss 0.08694152534008026 Current batch 300/1047 (28.65%)
Current loss 0.15689483284950256 Current batch 400/1047 (38.20%)
Current loss 0.11510632187128067 Current batch 500/1047 (47.76%)
Current loss 0.09961263090372086 Current batch 600/1047 (57.31%)
Current loss 0.09812502562999725 Current batch 700/1047 (66.86%)
Current loss 0.1387440264225006 Current batch 800/1047 (76.41%)
Current loss 0.1518498957157135 Current batch 900/1047 (85.96%)
Current loss 0.1536557972431183 Current batch 1000/1047 (95.51%)
Validation set size: 262
### End of the epoch : Validation loss for 61 is 0.14238078892230988
Current loss 0.16384485363960266 Current batch 0/1047 (0.00%)
Current loss 0.2130628228187561 Current batch 100/1047 (9.55%)
Current loss 0.1536860466003418 Current batch 200/1047 (19.10%)
Current loss 0.1389101892709732 Current batch 300/1047 (28.65%)
Current loss 0.11018197983503342 Current batch 400/1047 (38.20%)
Current loss 0.14372582733631134 Current batch 500/1047 (47.76%)
Current loss 0.1424240916967392 Current batch 600/1047 (57.31%)
Current loss 0.09695015102624893 Current batch 700/1047 (66.86%)
Current loss 0.10827198624610901 Current batch 800/1047 (76.41%)
Current loss 0.11264785379171371 Current batch 900/1047 (85.96%)
Current loss 0.12873230874538422 Current batch 1000/1047 (95.51%)
Validation set size: 262
### End of the epoch : Validation loss for 62 is 0.13972151279449463
Current loss 0.24617339670658112 Current batch 0/1047 (0.00%)
Current loss 0.1625337153673172 Current batch 100/1047 (9.55%)
Current loss 0.15854936838150024 Current batch 200/1047 (19.10%)
Current loss 0.16051772236824036 Current batch 300/1047 (28.65%)
Current loss 0.11178132146596909 Current batch 400/1047 (38.20%)
Current loss 0.20833426713943481 Current batch 500/1047 (47.76%)
Current loss 0.1249859556555748 Current batch 600/1047 (57.31%)
Current loss 0.12533164024353027 Current batch 700/1047 (66.86%)
Current loss 0.19571106135845184 Current batch 800/1047 (76.41%)
Current loss 0.13507266342639923 Current batch 900/1047 (85.96%)
Current loss 0.13599969446659088 Current batch 1000/1047 (95.51%)
Validation set size: 262
### End of the epoch : Validation loss for 63 is 0.13917450606822968
Current loss 0.17379651963710785 Current batch 0/1047 (0.00%)
Current loss 0.1118188351392746 Current batch 100/1047 (9.55%)
Current loss 0.16482973098754883 Current batch 200/1047 (19.10%)
Current loss 0.11670182645320892 Current batch 300/1047 (28.65%)
Current loss 0.13630293309688568 Current batch 400/1047 (38.20%)
Current loss 0.1312164068222046 Current batch 500/1047 (47.76%)
Current loss 0.13000039756298065 Current batch 600/1047 (57.31%)
Current loss 0.295411080121994 Current batch 700/1047 (66.86%)
Current loss 0.331459105014801 Current batch 800/1047 (76.41%)
Current loss 0.09815801680088043 Current batch 900/1047 (85.96%)
Current loss 0.10474454611539841 Current batch 1000/1047 (95.51%)
Validation set size: 262
### End of the epoch : Validation loss for 64 is 0.13954874873161316
Current loss 0.09746994823217392 Current batch 0/1047 (0.00%)
Current loss 0.15518495440483093 Current batch 100/1047 (9.55%)
Current loss 0.11170705407857895 Current batch 200/1047 (19.10%)
Current loss 0.11626916378736496 Current batch 300/1047 (28.65%)
Current loss 0.12481702864170074 Current batch 400/1047 (38.20%)
Current loss 0.15655240416526794 Current batch 500/1047 (47.76%)
Current loss 0.15496937930583954 Current batch 600/1047 (57.31%)
Current loss 0.17050701379776 Current batch 700/1047 (66.86%)
Current loss 0.1265651285648346 Current batch 800/1047 (76.41%)
Current loss 0.1310950219631195 Current batch 900/1047 (85.96%)
Current loss 0.15482808649539948 Current batch 1000/1047 (95.51%)
Validation set size: 262
### End of the epoch : Validation loss for 65 is 0.14244835078716278
Current loss 0.12276589125394821 Current batch 0/1047 (0.00%)
Current loss 0.11406294256448746 Current batch 100/1047 (9.55%)
Current loss 0.1133444532752037 Current batch 200/1047 (19.10%)
Current loss 0.11944778263568878 Current batch 300/1047 (28.65%)
Current loss 0.08666291832923889 Current batch 400/1047 (38.20%)
Current loss 0.14592626690864563 Current batch 500/1047 (47.76%)
Current loss 0.16782069206237793 Current batch 600/1047 (57.31%)
Current loss 0.14940860867500305 Current batch 700/1047 (66.86%)
Current loss 0.15459907054901123 Current batch 800/1047 (76.41%)
Current loss 0.09596982598304749 Current batch 900/1047 (85.96%)
Current loss 0.12059637904167175 Current batch 1000/1047 (95.51%)
Validation set size: 262
### End of the epoch : Validation loss for 66 is 0.1383829414844513
Current loss 0.1357252299785614 Current batch 0/1047 (0.00%)
Current loss 0.09694600850343704 Current batch 100/1047 (9.55%)
Current loss 0.16033199429512024 Current batch 200/1047 (19.10%)
Current loss 0.10169574618339539 Current batch 300/1047 (28.65%)
Current loss 0.1919316053390503 Current batch 400/1047 (38.20%)
Current loss 0.10283854603767395 Current batch 500/1047 (47.76%)
Current loss 0.15834450721740723 Current batch 600/1047 (57.31%)
Current loss 0.1432020366191864 Current batch 700/1047 (66.86%)
Current loss 0.11934396624565125 Current batch 800/1047 (76.41%)
Current loss 0.1872718632221222 Current batch 900/1047 (85.96%)
Current loss 0.1776306927204132 Current batch 1000/1047 (95.51%)
Validation set size: 262
### End of the epoch : Validation loss for 67 is 0.13970468938350677
Current loss 0.17785224318504333 Current batch 0/1047 (0.00%)
Current loss 0.10077212005853653 Current batch 100/1047 (9.55%)
Current loss 0.12457282841205597 Current batch 200/1047 (19.10%)
Current loss 0.10350464284420013 Current batch 300/1047 (28.65%)
Current loss 0.11427144706249237 Current batch 400/1047 (38.20%)
Current loss 0.12176084518432617 Current batch 500/1047 (47.76%)
Current loss 0.10059797018766403 Current batch 600/1047 (57.31%)
Current loss 0.16927440464496613 Current batch 700/1047 (66.86%)
Current loss 0.13962997496128082 Current batch 800/1047 (76.41%)
Current loss 0.1530725508928299 Current batch 900/1047 (85.96%)
Current loss 0.10453908890485764 Current batch 1000/1047 (95.51%)
Validation set size: 262
### End of the epoch : Validation loss for 68 is 0.1387397199869156
Current loss 0.13353607058525085 Current batch 0/1047 (0.00%)
Current loss 0.17269468307495117 Current batch 100/1047 (9.55%)
Current loss 0.3497317135334015 Current batch 200/1047 (19.10%)
Current loss 0.10752151161432266 Current batch 300/1047 (28.65%)
Current loss 0.1615789234638214 Current batch 400/1047 (38.20%)
Current loss 0.11648893356323242 Current batch 500/1047 (47.76%)
Current loss 0.14166660606861115 Current batch 600/1047 (57.31%)
Current loss 0.13056495785713196 Current batch 700/1047 (66.86%)
Current loss 0.1264490932226181 Current batch 800/1047 (76.41%)
Current loss 0.17858757078647614 Current batch 900/1047 (85.96%)
Current loss 0.21103976666927338 Current batch 1000/1047 (95.51%)
Validation set size: 262
### End of the epoch : Validation loss for 69 is 0.1388566941022873
Current loss 0.14051318168640137 Current batch 0/1047 (0.00%)
Current loss 0.14740484952926636 Current batch 100/1047 (9.55%)
Current loss 0.12339644134044647 Current batch 200/1047 (19.10%)
Current loss 0.12457146495580673 Current batch 300/1047 (28.65%)
Current loss 0.12979814410209656 Current batch 400/1047 (38.20%)
Current loss 0.11863214522600174 Current batch 500/1047 (47.76%)
Current loss 0.13336969912052155 Current batch 600/1047 (57.31%)
Current loss 0.10054351389408112 Current batch 700/1047 (66.86%)
Current loss 0.1493712067604065 Current batch 800/1047 (76.41%)
Current loss 0.10776538401842117 Current batch 900/1047 (85.96%)
Current loss 0.1929047703742981 Current batch 1000/1047 (95.51%)
Validation set size: 262
### End of the epoch : Validation loss for 70 is 0.13826382160186768
Current loss 0.13744908571243286 Current batch 0/1047 (0.00%)
Current loss 0.14475961029529572 Current batch 100/1047 (9.55%)
Current loss 0.09741433709859848 Current batch 200/1047 (19.10%)
Current loss 0.12300838530063629 Current batch 300/1047 (28.65%)
Current loss 0.13063137233257294 Current batch 400/1047 (38.20%)
Current loss 0.1522386074066162 Current batch 500/1047 (47.76%)
Current loss 0.14700005948543549 Current batch 600/1047 (57.31%)
Current loss 0.14336231350898743 Current batch 700/1047 (66.86%)
Current loss 0.14534176886081696 Current batch 800/1047 (76.41%)
Current loss 0.1163981631398201 Current batch 900/1047 (85.96%)
Current loss 0.1792060285806656 Current batch 1000/1047 (95.51%)
Validation set size: 262
### End of the epoch : Validation loss for 71 is 0.14192508161067963
Current loss 0.09328025579452515 Current batch 0/1047 (0.00%)
Current loss 0.1625126302242279 Current batch 100/1047 (9.55%)
Current loss 0.08257407695055008 Current batch 200/1047 (19.10%)
Current loss 0.1129891499876976 Current batch 300/1047 (28.65%)
Current loss 0.1425672024488449 Current batch 400/1047 (38.20%)
Current loss 0.11866220086812973 Current batch 500/1047 (47.76%)
Current loss 0.08100656419992447 Current batch 600/1047 (57.31%)
Current loss 0.11227872967720032 Current batch 700/1047 (66.86%)
Current loss 0.10011176764965057 Current batch 800/1047 (76.41%)
Current loss 0.11588431149721146 Current batch 900/1047 (85.96%)
Current loss 0.20131193101406097 Current batch 1000/1047 (95.51%)
Validation set size: 262
### End of the epoch : Validation loss for 72 is 0.14026793837547302
Current loss 0.12078722566366196 Current batch 0/1047 (0.00%)
Current loss 0.13284412026405334 Current batch 100/1047 (9.55%)
Current loss 0.10905778408050537 Current batch 200/1047 (19.10%)
Current loss 0.1318732500076294 Current batch 300/1047 (28.65%)
Current loss 0.11949585378170013 Current batch 400/1047 (38.20%)
Current loss 0.17951127886772156 Current batch 500/1047 (47.76%)
Current loss 0.10419106483459473 Current batch 600/1047 (57.31%)
Current loss 0.11690223217010498 Current batch 700/1047 (66.86%)
Current loss 0.10033770650625229 Current batch 800/1047 (76.41%)
Current loss 0.12911371886730194 Current batch 900/1047 (85.96%)
Current loss 0.1318589299917221 Current batch 1000/1047 (95.51%)
Validation set size: 262
### End of the epoch : Validation loss for 73 is 0.1388196349143982
Current loss 0.13443270325660706 Current batch 0/1047 (0.00%)
Current loss 0.11407291144132614 Current batch 100/1047 (9.55%)
Current loss 0.1515989750623703 Current batch 200/1047 (19.10%)
Current loss 0.09774242341518402 Current batch 300/1047 (28.65%)
Current loss 0.1247241348028183 Current batch 400/1047 (38.20%)
Current loss 0.1013333648443222 Current batch 500/1047 (47.76%)
Current loss 0.1497940719127655 Current batch 600/1047 (57.31%)
Current loss 0.2885224223136902 Current batch 700/1047 (66.86%)
Current loss 0.10755162686109543 Current batch 800/1047 (76.41%)
Current loss 0.06938746571540833 Current batch 900/1047 (85.96%)
Current loss 0.11835289001464844 Current batch 1000/1047 (95.51%)
Validation set size: 262
### End of the epoch : Validation loss for 74 is 0.1405365914106369
Current loss 0.12157844007015228 Current batch 0/1047 (0.00%)
Current loss 0.11251935362815857 Current batch 100/1047 (9.55%)
Current loss 0.09108921885490417 Current batch 200/1047 (19.10%)
Current loss 0.1422407478094101 Current batch 300/1047 (28.65%)
Current loss 0.13488778471946716 Current batch 400/1047 (38.20%)
Current loss 0.18497012555599213 Current batch 500/1047 (47.76%)
Current loss 0.21746322512626648 Current batch 600/1047 (57.31%)
Current loss 0.13544142246246338 Current batch 700/1047 (66.86%)
Current loss 0.11147815734148026 Current batch 800/1047 (76.41%)
Current loss 0.09734626859426498 Current batch 900/1047 (85.96%)
Current loss 0.1814904510974884 Current batch 1000/1047 (95.51%)
Validation set size: 262
### End of the epoch : Validation loss for 75 is 0.13803787529468536
Current loss 0.12827454507350922 Current batch 0/1047 (0.00%)
Current loss 0.11834277957677841 Current batch 100/1047 (9.55%)
Current loss 0.12192048877477646 Current batch 200/1047 (19.10%)
Current loss 0.11032752692699432 Current batch 300/1047 (28.65%)
Current loss 0.12095513939857483 Current batch 400/1047 (38.20%)
Current loss 0.09333141148090363 Current batch 500/1047 (47.76%)
Current loss 0.1362798511981964 Current batch 600/1047 (57.31%)
Current loss 0.1354321986436844 Current batch 700/1047 (66.86%)
Current loss 0.09961771965026855 Current batch 800/1047 (76.41%)
Current loss 0.09154929965734482 Current batch 900/1047 (85.96%)
Current loss 0.3468223214149475 Current batch 1000/1047 (95.51%)
Validation set size: 262
### End of the epoch : Validation loss for 76 is 0.13776959478855133
Current loss 0.10870780795812607 Current batch 0/1047 (0.00%)
Current loss 0.2518678903579712 Current batch 100/1047 (9.55%)
Current loss 0.16563598811626434 Current batch 200/1047 (19.10%)
Current loss 0.1144709661602974 Current batch 300/1047 (28.65%)
Current loss 0.11515319347381592 Current batch 400/1047 (38.20%)
Current loss 0.1222718209028244 Current batch 500/1047 (47.76%)
Current loss 0.10287882387638092 Current batch 600/1047 (57.31%)
Current loss 0.14330914616584778 Current batch 700/1047 (66.86%)
Current loss 0.133170947432518 Current batch 800/1047 (76.41%)
Current loss 0.1313343495130539 Current batch 900/1047 (85.96%)
Current loss 0.08372414112091064 Current batch 1000/1047 (95.51%)
Validation set size: 262
### End of the epoch : Validation loss for 77 is 0.13920995593070984
Current loss 0.10310576856136322 Current batch 0/1047 (0.00%)
Current loss 0.13901279866695404 Current batch 100/1047 (9.55%)
Current loss 0.11783096194267273 Current batch 200/1047 (19.10%)
Current loss 0.15883764624595642 Current batch 300/1047 (28.65%)
Current loss 0.13988400995731354 Current batch 400/1047 (38.20%)
Current loss 0.11496657878160477 Current batch 500/1047 (47.76%)
Current loss 0.12139502912759781 Current batch 600/1047 (57.31%)
Current loss 0.2137776017189026 Current batch 700/1047 (66.86%)
Current loss 0.10991096496582031 Current batch 800/1047 (76.41%)
Current loss 0.10156547278165817 Current batch 900/1047 (85.96%)
Current loss 0.11729905009269714 Current batch 1000/1047 (95.51%)
Validation set size: 262
### End of the epoch : Validation loss for 78 is 0.13985180854797363
Current loss 0.17206889390945435 Current batch 0/1047 (0.00%)
Current loss 0.1785530298948288 Current batch 100/1047 (9.55%)
Current loss 0.145553857088089 Current batch 200/1047 (19.10%)
Current loss 0.12959487736225128 Current batch 300/1047 (28.65%)
Current loss 0.10394880175590515 Current batch 400/1047 (38.20%)
Current loss 0.10603148490190506 Current batch 500/1047 (47.76%)
Current loss 0.1642584204673767 Current batch 600/1047 (57.31%)
Current loss 0.16600432991981506 Current batch 700/1047 (66.86%)
Current loss 0.10603885352611542 Current batch 800/1047 (76.41%)
Current loss 0.13029316067695618 Current batch 900/1047 (85.96%)
Current loss 0.14266744256019592 Current batch 1000/1047 (95.51%)
Validation set size: 262
### End of the epoch : Validation loss for 79 is 0.13767631351947784
Current loss 0.10687889158725739 Current batch 0/1047 (0.00%)
Current loss 0.11729609966278076 Current batch 100/1047 (9.55%)
Current loss 0.13085436820983887 Current batch 200/1047 (19.10%)
Current loss 0.11686819046735764 Current batch 300/1047 (28.65%)
Current loss 0.11937009543180466 Current batch 400/1047 (38.20%)
Current loss 0.1558532863855362 Current batch 500/1047 (47.76%)
Current loss 0.18844467401504517 Current batch 600/1047 (57.31%)
Current loss 0.19350796937942505 Current batch 700/1047 (66.86%)
Current loss 0.14555761218070984 Current batch 800/1047 (76.41%)
Current loss 0.15219303965568542 Current batch 900/1047 (85.96%)
Current loss 0.11111528426408768 Current batch 1000/1047 (95.51%)
Validation set size: 262
### End of the epoch : Validation loss for 80 is 0.1378328651189804
Current loss 0.15483726561069489 Current batch 0/1047 (0.00%)
Current loss 0.14828722178936005 Current batch 100/1047 (9.55%)
Current loss 0.12571145594120026 Current batch 200/1047 (19.10%)
Current loss 0.10420209914445877 Current batch 300/1047 (28.65%)
Current loss 0.1724034994840622 Current batch 400/1047 (38.20%)
Current loss 0.14053912460803986 Current batch 500/1047 (47.76%)
Current loss 0.12906484305858612 Current batch 600/1047 (57.31%)
Current loss 0.13781461119651794 Current batch 700/1047 (66.86%)
Current loss 0.14201782643795013 Current batch 800/1047 (76.41%)
Current loss 0.16101935505867004 Current batch 900/1047 (85.96%)
Current loss 0.13194644451141357 Current batch 1000/1047 (95.51%)
Validation set size: 262
### End of the epoch : Validation loss for 81 is 0.13748225569725037
Current loss 0.20002739131450653 Current batch 0/1047 (0.00%)
Current loss 0.1473391056060791 Current batch 100/1047 (9.55%)
Current loss 0.13505594432353973 Current batch 200/1047 (19.10%)
Current loss 0.15001077950000763 Current batch 300/1047 (28.65%)
Current loss 0.1233339011669159 Current batch 400/1047 (38.20%)
Current loss 0.12402105331420898 Current batch 500/1047 (47.76%)
Current loss 0.12899158895015717 Current batch 600/1047 (57.31%)
Current loss 0.08447212725877762 Current batch 700/1047 (66.86%)
Current loss 0.144235298037529 Current batch 800/1047 (76.41%)
Current loss 0.15050442516803741 Current batch 900/1047 (85.96%)
Current loss 0.10644834488630295 Current batch 1000/1047 (95.51%)
Validation set size: 262
### End of the epoch : Validation loss for 82 is 0.1385463923215866
Current loss 0.1371927559375763 Current batch 0/1047 (0.00%)
Current loss 0.13223977386951447 Current batch 100/1047 (9.55%)
Current loss 0.17969679832458496 Current batch 200/1047 (19.10%)
Current loss 0.13971614837646484 Current batch 300/1047 (28.65%)
Current loss 0.11171041429042816 Current batch 400/1047 (38.20%)
Current loss 0.15186810493469238 Current batch 500/1047 (47.76%)
Current loss 0.10701759904623032 Current batch 600/1047 (57.31%)
Current loss 0.12235638499259949 Current batch 700/1047 (66.86%)
Current loss 0.11636605858802795 Current batch 800/1047 (76.41%)
Current loss 0.12473123520612717 Current batch 900/1047 (85.96%)
Current loss 0.19235070049762726 Current batch 1000/1047 (95.51%)
Validation set size: 262
### End of the epoch : Validation loss for 83 is 0.1376926600933075
Current loss 0.14156515896320343 Current batch 0/1047 (0.00%)
Current loss 0.12013545632362366 Current batch 100/1047 (9.55%)
Current loss 0.15702512860298157 Current batch 200/1047 (19.10%)
Current loss 0.13610146939754486 Current batch 300/1047 (28.65%)
Current loss 0.13176509737968445 Current batch 400/1047 (38.20%)
Current loss 0.24649135768413544 Current batch 500/1047 (47.76%)
Current loss 0.12318607419729233 Current batch 600/1047 (57.31%)
Current loss 0.13222326338291168 Current batch 700/1047 (66.86%)
Current loss 0.10907191783189774 Current batch 800/1047 (76.41%)
Current loss 0.14804494380950928 Current batch 900/1047 (85.96%)
Current loss 0.10430490225553513 Current batch 1000/1047 (95.51%)
Validation set size: 262
### End of the epoch : Validation loss for 84 is 0.13794460892677307
Current loss 0.12000366300344467 Current batch 0/1047 (0.00%)
Current loss 0.11013706028461456 Current batch 100/1047 (9.55%)
Current loss 0.08982686698436737 Current batch 200/1047 (19.10%)
Current loss 0.15328072011470795 Current batch 300/1047 (28.65%)
Current loss 0.10160311311483383 Current batch 400/1047 (38.20%)
Current loss 0.1584681123495102 Current batch 500/1047 (47.76%)
Current loss 0.0987810418009758 Current batch 600/1047 (57.31%)
Current loss 0.06910672038793564 Current batch 700/1047 (66.86%)
Current loss 0.12386608123779297 Current batch 800/1047 (76.41%)
Current loss 0.14285872876644135 Current batch 900/1047 (85.96%)
Current loss 0.1258394867181778 Current batch 1000/1047 (95.51%)
Validation set size: 262
### End of the epoch : Validation loss for 85 is 0.13855043053627014
Current loss 0.14788901805877686 Current batch 0/1047 (0.00%)
Current loss 0.11046423763036728 Current batch 100/1047 (9.55%)
Current loss 0.13788598775863647 Current batch 200/1047 (19.10%)
Current loss 0.15136800706386566 Current batch 300/1047 (28.65%)
Current loss 0.1755925863981247 Current batch 400/1047 (38.20%)
Current loss 0.2574414014816284 Current batch 500/1047 (47.76%)
Current loss 0.3692131042480469 Current batch 600/1047 (57.31%)
Current loss 0.11141998320817947 Current batch 700/1047 (66.86%)
Current loss 0.13570614159107208 Current batch 800/1047 (76.41%)
Current loss 0.13848872482776642 Current batch 900/1047 (85.96%)
Current loss 0.09895646572113037 Current batch 1000/1047 (95.51%)
Validation set size: 262
### End of the epoch : Validation loss for 86 is 0.13751327991485596
Current loss 0.16503535211086273 Current batch 0/1047 (0.00%)
Current loss 0.11519868671894073 Current batch 100/1047 (9.55%)
Current loss 0.13690565526485443 Current batch 200/1047 (19.10%)
Current loss 0.14145350456237793 Current batch 300/1047 (28.65%)
Current loss 0.11676904559135437 Current batch 400/1047 (38.20%)
Current loss 0.10519513487815857 Current batch 500/1047 (47.76%)
Current loss 0.10244352370500565 Current batch 600/1047 (57.31%)
Current loss 0.16131237149238586 Current batch 700/1047 (66.86%)
Current loss 0.09977265447378159 Current batch 800/1047 (76.41%)
Current loss 0.10541851073503494 Current batch 900/1047 (85.96%)
Current loss 0.1630435585975647 Current batch 1000/1047 (95.51%)
Validation set size: 262
### End of the epoch : Validation loss for 87 is 0.1373654454946518
Current loss 0.165668785572052 Current batch 0/1047 (0.00%)
Current loss 0.1419060230255127 Current batch 100/1047 (9.55%)
Current loss 0.126583531498909 Current batch 200/1047 (19.10%)
Current loss 0.13679037988185883 Current batch 300/1047 (28.65%)
Current loss 0.1083773747086525 Current batch 400/1047 (38.20%)
Current loss 0.09896019846200943 Current batch 500/1047 (47.76%)
Current loss 0.11187766492366791 Current batch 600/1047 (57.31%)
Current loss 0.15912143886089325 Current batch 700/1047 (66.86%)
Current loss 0.15138792991638184 Current batch 800/1047 (76.41%)
Current loss 0.09722958505153656 Current batch 900/1047 (85.96%)
Current loss 0.11168709397315979 Current batch 1000/1047 (95.51%)
Validation set size: 262
### End of the epoch : Validation loss for 88 is 0.1443248838186264
Current loss 0.16840308904647827 Current batch 0/1047 (0.00%)
Current loss 0.12602651119232178 Current batch 100/1047 (9.55%)
Current loss 0.14147154986858368 Current batch 200/1047 (19.10%)
Current loss 0.18433386087417603 Current batch 300/1047 (28.65%)
Current loss 0.11153684556484222 Current batch 400/1047 (38.20%)
Current loss 0.13745267689228058 Current batch 500/1047 (47.76%)
Current loss 0.12427537888288498 Current batch 600/1047 (57.31%)
Current loss 0.14221850037574768 Current batch 700/1047 (66.86%)
Current loss 0.1363685131072998 Current batch 800/1047 (76.41%)
Current loss 0.12179341912269592 Current batch 900/1047 (85.96%)
Current loss 0.10968438535928726 Current batch 1000/1047 (95.51%)
Validation set size: 262
### End of the epoch : Validation loss for 89 is 0.14194908738136292
Current loss 0.19817927479743958 Current batch 0/1047 (0.00%)
Current loss 0.13872452080249786 Current batch 100/1047 (9.55%)
Current loss 0.13552235066890717 Current batch 200/1047 (19.10%)
Current loss 0.08015761524438858 Current batch 300/1047 (28.65%)
Current loss 0.14448711276054382 Current batch 400/1047 (38.20%)
Current loss 0.10825052857398987 Current batch 500/1047 (47.76%)
Current loss 0.10977878421545029 Current batch 600/1047 (57.31%)
Current loss 0.10698670893907547 Current batch 700/1047 (66.86%)
Current loss 0.09413868933916092 Current batch 800/1047 (76.41%)
Current loss 0.14635999500751495 Current batch 900/1047 (85.96%)
Current loss 0.087306447327137 Current batch 1000/1047 (95.51%)
Validation set size: 262
### End of the epoch : Validation loss for 90 is 0.14105826616287231
Current loss 0.11190250515937805 Current batch 0/1047 (0.00%)
Current loss 0.1307476907968521 Current batch 100/1047 (9.55%)
Current loss 0.11857762187719345 Current batch 200/1047 (19.10%)
Current loss 0.15466423332691193 Current batch 300/1047 (28.65%)
Current loss 0.09321033209562302 Current batch 400/1047 (38.20%)
Current loss 0.17764197289943695 Current batch 500/1047 (47.76%)
Current loss 0.18254593014717102 Current batch 600/1047 (57.31%)
Current loss 0.10514454543590546 Current batch 700/1047 (66.86%)
Current loss 0.16042084991931915 Current batch 800/1047 (76.41%)
Current loss 0.09768518060445786 Current batch 900/1047 (85.96%)
Current loss 0.10463587194681168 Current batch 1000/1047 (95.51%)
Validation set size: 262
### End of the epoch : Validation loss for 91 is 0.13740882277488708
Current loss 0.13373659551143646 Current batch 0/1047 (0.00%)
Current loss 0.13959860801696777 Current batch 100/1047 (9.55%)
Current loss 0.12455907464027405 Current batch 200/1047 (19.10%)
Current loss 0.1804894208908081 Current batch 300/1047 (28.65%)
Current loss 0.1319292038679123 Current batch 400/1047 (38.20%)
Current loss 0.16266819834709167 Current batch 500/1047 (47.76%)
Current loss 0.10629420727491379 Current batch 600/1047 (57.31%)
Current loss 0.08254781365394592 Current batch 700/1047 (66.86%)
Current loss 0.11335589736700058 Current batch 800/1047 (76.41%)
Current loss 0.26129043102264404 Current batch 900/1047 (85.96%)
Current loss 0.13552729785442352 Current batch 1000/1047 (95.51%)
Validation set size: 262
### End of the epoch : Validation loss for 92 is 0.1379086822271347
Current loss 0.1257644146680832 Current batch 0/1047 (0.00%)
Current loss 0.13996180891990662 Current batch 100/1047 (9.55%)
Current loss 0.13223350048065186 Current batch 200/1047 (19.10%)
Current loss 0.1527085304260254 Current batch 300/1047 (28.65%)
Current loss 0.1517956256866455 Current batch 400/1047 (38.20%)
Current loss 0.20222285389900208 Current batch 500/1047 (47.76%)
Current loss 0.18323737382888794 Current batch 600/1047 (57.31%)
Current loss 0.16065269708633423 Current batch 700/1047 (66.86%)
Current loss 0.10195115953683853 Current batch 800/1047 (76.41%)
Current loss 0.1593993753194809 Current batch 900/1047 (85.96%)
Current loss 0.1078624352812767 Current batch 1000/1047 (95.51%)
Validation set size: 262
### End of the epoch : Validation loss for 93 is 0.1370619237422943
Current loss 0.12326037883758545 Current batch 0/1047 (0.00%)
Current loss 0.10737410932779312 Current batch 100/1047 (9.55%)
Current loss 0.14853978157043457 Current batch 200/1047 (19.10%)
Current loss 0.11625749617815018 Current batch 300/1047 (28.65%)
Current loss 0.11020142585039139 Current batch 400/1047 (38.20%)
Current loss 0.10826615989208221 Current batch 500/1047 (47.76%)
Current loss 0.1193346157670021 Current batch 600/1047 (57.31%)
Current loss 0.12619267404079437 Current batch 700/1047 (66.86%)
Current loss 0.1362365186214447 Current batch 800/1047 (76.41%)
Current loss 0.13605476915836334 Current batch 900/1047 (85.96%)
Current loss 0.10867726802825928 Current batch 1000/1047 (95.51%)
Validation set size: 262
### End of the epoch : Validation loss for 94 is 0.13960181176662445
Current loss 0.1497516930103302 Current batch 0/1047 (0.00%)
Current loss 0.13346269726753235 Current batch 100/1047 (9.55%)
Current loss 0.15326854586601257 Current batch 200/1047 (19.10%)
Current loss 0.17107482254505157 Current batch 300/1047 (28.65%)
Current loss 0.14590470492839813 Current batch 400/1047 (38.20%)
Current loss 0.13067854940891266 Current batch 500/1047 (47.76%)
Current loss 0.13691666722297668 Current batch 600/1047 (57.31%)
Current loss 0.17923381924629211 Current batch 700/1047 (66.86%)
Current loss 0.10900788754224777 Current batch 800/1047 (76.41%)
Current loss 0.16917270421981812 Current batch 900/1047 (85.96%)
Current loss 0.10893931984901428 Current batch 1000/1047 (95.51%)
Validation set size: 262
### End of the epoch : Validation loss for 95 is 0.1368226408958435
Current loss 0.09247042238712311 Current batch 0/1047 (0.00%)
Current loss 0.1300891488790512 Current batch 100/1047 (9.55%)
Current loss 0.18565501272678375 Current batch 200/1047 (19.10%)
Current loss 0.148786261677742 Current batch 300/1047 (28.65%)
Current loss 0.10790704190731049 Current batch 400/1047 (38.20%)
Current loss 0.12492863088846207 Current batch 500/1047 (47.76%)
Current loss 0.1625857949256897 Current batch 600/1047 (57.31%)
Current loss 0.19356918334960938 Current batch 700/1047 (66.86%)
Current loss 0.1505020558834076 Current batch 800/1047 (76.41%)
Current loss 0.108591727912426 Current batch 900/1047 (85.96%)
Current loss 0.16502933204174042 Current batch 1000/1047 (95.51%)
Validation set size: 262
### End of the epoch : Validation loss for 96 is 0.13740003108978271
Current loss 0.10868223756551743 Current batch 0/1047 (0.00%)
Current loss 0.13299274444580078 Current batch 100/1047 (9.55%)
Current loss 0.10466907173395157 Current batch 200/1047 (19.10%)
Current loss 0.0956309363245964 Current batch 300/1047 (28.65%)
Current loss 0.12071596086025238 Current batch 400/1047 (38.20%)
Current loss 0.139842227101326 Current batch 500/1047 (47.76%)
Current loss 0.15466269850730896 Current batch 600/1047 (57.31%)
Current loss 0.12176360934972763 Current batch 700/1047 (66.86%)
Current loss 0.1771116852760315 Current batch 800/1047 (76.41%)
Current loss 0.14868061244487762 Current batch 900/1047 (85.96%)
Current loss 0.13007456064224243 Current batch 1000/1047 (95.51%)
Validation set size: 262
### End of the epoch : Validation loss for 97 is 0.14022275805473328
Current loss 0.08295430988073349 Current batch 0/1047 (0.00%)
Current loss 0.11485037207603455 Current batch 100/1047 (9.55%)
Current loss 0.13029393553733826 Current batch 200/1047 (19.10%)
Current loss 0.1516398936510086 Current batch 300/1047 (28.65%)
Current loss 0.12528648972511292 Current batch 400/1047 (38.20%)
Current loss 0.2016778141260147 Current batch 500/1047 (47.76%)
Current loss 0.292187362909317 Current batch 600/1047 (57.31%)
Current loss 0.11576949805021286 Current batch 700/1047 (66.86%)
Current loss 0.1466386914253235 Current batch 800/1047 (76.41%)
Current loss 0.12334121763706207 Current batch 900/1047 (85.96%)
Current loss 0.13160642981529236 Current batch 1000/1047 (95.51%)
Validation set size: 262
### End of the epoch : Validation loss for 98 is 0.13803614675998688
Current loss 0.13231168687343597 Current batch 0/1047 (0.00%)
Current loss 0.13768894970417023 Current batch 100/1047 (9.55%)
Current loss 0.10482600331306458 Current batch 200/1047 (19.10%)
Current loss 0.10642290115356445 Current batch 300/1047 (28.65%)
Current loss 0.10369377583265305 Current batch 400/1047 (38.20%)
Current loss 0.11836148053407669 Current batch 500/1047 (47.76%)
Current loss 0.10867951810359955 Current batch 600/1047 (57.31%)
Current loss 0.15287160873413086 Current batch 700/1047 (66.86%)
Current loss 0.11869877576828003 Current batch 800/1047 (76.41%)
Current loss 0.12567590177059174 Current batch 900/1047 (85.96%)
Current loss 0.09404616802930832 Current batch 1000/1047 (95.51%)
Validation set size: 262
### End of the epoch : Validation loss for 99 is 0.13915880024433136
Average test MAE loss: 0.2753715133143246
