cuda will be used for training the PaiNN model
Current loss 1.0943801403045654 Current batch 0/1047 (0.00%)
Current loss 0.5605186820030212 Current batch 100/1047 (9.55%)
Current loss 0.2758253216743469 Current batch 200/1047 (19.10%)
Current loss 0.4943273961544037 Current batch 300/1047 (28.65%)
Current loss 0.2936643660068512 Current batch 400/1047 (38.20%)
Current loss 0.3888755440711975 Current batch 500/1047 (47.76%)
Current loss 0.189970925450325 Current batch 600/1047 (57.31%)
Current loss 0.25413334369659424 Current batch 700/1047 (66.86%)
Current loss 0.24145229160785675 Current batch 800/1047 (76.41%)
Current loss 0.24543055891990662 Current batch 900/1047 (85.96%)
Current loss 0.25421687960624695 Current batch 1000/1047 (95.51%)
Validation set size: 262
### End of the epoch : Validation loss for 0 is 0.27740225195884705
Current loss 0.2763385772705078 Current batch 0/1047 (0.00%)
Current loss 0.24406187236309052 Current batch 100/1047 (9.55%)
Current loss 0.19620120525360107 Current batch 200/1047 (19.10%)
Current loss 0.20592628419399261 Current batch 300/1047 (28.65%)
Current loss 0.20478881895542145 Current batch 400/1047 (38.20%)
Current loss 0.21193522214889526 Current batch 500/1047 (47.76%)
Current loss 0.218243807554245 Current batch 600/1047 (57.31%)
Current loss 0.19077438116073608 Current batch 700/1047 (66.86%)
Current loss 0.21066361665725708 Current batch 800/1047 (76.41%)
Current loss 0.2039538025856018 Current batch 900/1047 (85.96%)
Current loss 0.1665724515914917 Current batch 1000/1047 (95.51%)
Validation set size: 262
### End of the epoch : Validation loss for 1 is 0.19898934662342072
Current loss 0.19480964541435242 Current batch 0/1047 (0.00%)
Current loss 0.2029283046722412 Current batch 100/1047 (9.55%)
Current loss 0.21275432407855988 Current batch 200/1047 (19.10%)
Current loss 0.14605309069156647 Current batch 300/1047 (28.65%)
Current loss 0.14461259543895721 Current batch 400/1047 (38.20%)
Current loss 0.2714855968952179 Current batch 500/1047 (47.76%)
Current loss 0.14460767805576324 Current batch 600/1047 (57.31%)
Current loss 0.15430018305778503 Current batch 700/1047 (66.86%)
Current loss 0.14893987774848938 Current batch 800/1047 (76.41%)
Current loss 0.17967338860034943 Current batch 900/1047 (85.96%)
Current loss 0.23191550374031067 Current batch 1000/1047 (95.51%)
Validation set size: 262
### End of the epoch : Validation loss for 2 is 0.1785786747932434
Current loss 0.17877204716205597 Current batch 0/1047 (0.00%)
Current loss 0.14953307807445526 Current batch 100/1047 (9.55%)
Current loss 0.19588133692741394 Current batch 200/1047 (19.10%)
Current loss 0.15260717272758484 Current batch 300/1047 (28.65%)
Current loss 0.16422198712825775 Current batch 400/1047 (38.20%)
Current loss 0.2122206836938858 Current batch 500/1047 (47.76%)
Current loss 0.20179075002670288 Current batch 600/1047 (57.31%)
Current loss 0.16960369050502777 Current batch 700/1047 (66.86%)
Current loss 0.14185819029808044 Current batch 800/1047 (76.41%)
Current loss 0.1711961179971695 Current batch 900/1047 (85.96%)
Current loss 0.1362294703722 Current batch 1000/1047 (95.51%)
Validation set size: 262
### End of the epoch : Validation loss for 3 is 0.15333406627178192
Current loss 0.13799422979354858 Current batch 0/1047 (0.00%)
Current loss 0.16347816586494446 Current batch 100/1047 (9.55%)
Current loss 0.14196063578128815 Current batch 200/1047 (19.10%)
Current loss 0.1632019430398941 Current batch 300/1047 (28.65%)
Current loss 0.16476021707057953 Current batch 400/1047 (38.20%)
Current loss 0.11658121645450592 Current batch 500/1047 (47.76%)
Current loss 0.19515742361545563 Current batch 600/1047 (57.31%)
Current loss 0.19785918295383453 Current batch 700/1047 (66.86%)
Current loss 0.10988328605890274 Current batch 800/1047 (76.41%)
Current loss 0.13264141976833344 Current batch 900/1047 (85.96%)
Current loss 0.12426486611366272 Current batch 1000/1047 (95.51%)
Validation set size: 262
### End of the epoch : Validation loss for 4 is 0.13890264928340912
Current loss 0.11713756620883942 Current batch 0/1047 (0.00%)
Current loss 0.14103835821151733 Current batch 100/1047 (9.55%)
Current loss 0.14110681414604187 Current batch 200/1047 (19.10%)
Current loss 0.12788264453411102 Current batch 300/1047 (28.65%)
Current loss 0.09854263067245483 Current batch 400/1047 (38.20%)
Current loss 0.1545003205537796 Current batch 500/1047 (47.76%)
Current loss 0.16363345086574554 Current batch 600/1047 (57.31%)
Current loss 0.12575335800647736 Current batch 700/1047 (66.86%)
Current loss 0.11696550995111465 Current batch 800/1047 (76.41%)
Current loss 0.14411404728889465 Current batch 900/1047 (85.96%)
Current loss 0.11302171647548676 Current batch 1000/1047 (95.51%)
Validation set size: 262
### End of the epoch : Validation loss for 5 is 0.15139098465442657
Current loss 0.1332431435585022 Current batch 0/1047 (0.00%)
Current loss 0.191361665725708 Current batch 100/1047 (9.55%)
Current loss 0.11046058684587479 Current batch 200/1047 (19.10%)
Current loss 0.14874053001403809 Current batch 300/1047 (28.65%)
Current loss 0.1089944988489151 Current batch 400/1047 (38.20%)
Current loss 0.0959177166223526 Current batch 500/1047 (47.76%)
Current loss 0.12188476324081421 Current batch 600/1047 (57.31%)
Current loss 0.09684225916862488 Current batch 700/1047 (66.86%)
Current loss 0.12794934213161469 Current batch 800/1047 (76.41%)
Current loss 0.12965083122253418 Current batch 900/1047 (85.96%)
Current loss 0.1206236332654953 Current batch 1000/1047 (95.51%)
Validation set size: 262
### End of the epoch : Validation loss for 6 is 0.11846098303794861
Current loss 0.1404818445444107 Current batch 0/1047 (0.00%)
Current loss 0.11029919236898422 Current batch 100/1047 (9.55%)
Current loss 0.08934467285871506 Current batch 200/1047 (19.10%)
Current loss 0.11533323675394058 Current batch 300/1047 (28.65%)
Current loss 0.1056383028626442 Current batch 400/1047 (38.20%)
Current loss 0.08549066632986069 Current batch 500/1047 (47.76%)
Current loss 0.12595976889133453 Current batch 600/1047 (57.31%)
Current loss 0.08336301892995834 Current batch 700/1047 (66.86%)
Current loss 0.08355697244405746 Current batch 800/1047 (76.41%)
Current loss 0.11601033806800842 Current batch 900/1047 (85.96%)
Current loss 0.0964140072464943 Current batch 1000/1047 (95.51%)
Validation set size: 262
### End of the epoch : Validation loss for 7 is 0.11398787051439285
Current loss 0.0911494642496109 Current batch 0/1047 (0.00%)
Current loss 0.1052151620388031 Current batch 100/1047 (9.55%)
Current loss 0.180899515748024 Current batch 200/1047 (19.10%)
Current loss 0.09013509750366211 Current batch 300/1047 (28.65%)
Current loss 0.10768713057041168 Current batch 400/1047 (38.20%)
Current loss 0.09677591174840927 Current batch 500/1047 (47.76%)
Current loss 0.1680109053850174 Current batch 600/1047 (57.31%)
Current loss 0.14759960770606995 Current batch 700/1047 (66.86%)
Current loss 0.0992993637919426 Current batch 800/1047 (76.41%)
Current loss 0.09483511000871658 Current batch 900/1047 (85.96%)
Current loss 0.07077445089817047 Current batch 1000/1047 (95.51%)
Validation set size: 262
### End of the epoch : Validation loss for 8 is 0.13014847040176392
Current loss 0.09997478127479553 Current batch 0/1047 (0.00%)
Current loss 0.15924599766731262 Current batch 100/1047 (9.55%)
Current loss 0.11942870169878006 Current batch 200/1047 (19.10%)
Current loss 0.09340734034776688 Current batch 300/1047 (28.65%)
Current loss 0.17276348173618317 Current batch 400/1047 (38.20%)
Current loss 0.12382808327674866 Current batch 500/1047 (47.76%)
Current loss 0.13254153728485107 Current batch 600/1047 (57.31%)
Current loss 0.13306067883968353 Current batch 700/1047 (66.86%)
Current loss 0.10953472554683685 Current batch 800/1047 (76.41%)
Current loss 0.1301547735929489 Current batch 900/1047 (85.96%)
Current loss 0.10949252545833588 Current batch 1000/1047 (95.51%)
Validation set size: 262
### End of the epoch : Validation loss for 9 is 0.126748725771904
Current loss 0.12280669808387756 Current batch 0/1047 (0.00%)
Current loss 0.09514796733856201 Current batch 100/1047 (9.55%)
Current loss 0.13071399927139282 Current batch 200/1047 (19.10%)
Current loss 0.11826247721910477 Current batch 300/1047 (28.65%)
Current loss 0.08053535223007202 Current batch 400/1047 (38.20%)
Current loss 0.11279840022325516 Current batch 500/1047 (47.76%)
Current loss 0.11665162444114685 Current batch 600/1047 (57.31%)
Current loss 0.1357230395078659 Current batch 700/1047 (66.86%)
Current loss 0.10002708435058594 Current batch 800/1047 (76.41%)
Current loss 0.11164995282888412 Current batch 900/1047 (85.96%)
Current loss 0.12949366867542267 Current batch 1000/1047 (95.51%)
Validation set size: 262
### End of the epoch : Validation loss for 10 is 0.10959994047880173
Current loss 0.11538909375667572 Current batch 0/1047 (0.00%)
Current loss 0.12253415584564209 Current batch 100/1047 (9.55%)
Current loss 0.0819331556558609 Current batch 200/1047 (19.10%)
Current loss 0.09072349220514297 Current batch 300/1047 (28.65%)
Current loss 0.11089599132537842 Current batch 400/1047 (38.20%)
Current loss 0.1134539395570755 Current batch 500/1047 (47.76%)
Current loss 0.1240592896938324 Current batch 600/1047 (57.31%)
Current loss 0.1171940267086029 Current batch 700/1047 (66.86%)
Current loss 0.0776996910572052 Current batch 800/1047 (76.41%)
Current loss 0.13153381645679474 Current batch 900/1047 (85.96%)
Current loss 0.12232717126607895 Current batch 1000/1047 (95.51%)
Validation set size: 262
### End of the epoch : Validation loss for 11 is 0.1349475383758545
Current loss 0.10379939526319504 Current batch 0/1047 (0.00%)
Current loss 0.12052709609270096 Current batch 100/1047 (9.55%)
Current loss 0.08615484088659286 Current batch 200/1047 (19.10%)
Current loss 0.19721129536628723 Current batch 300/1047 (28.65%)
Current loss 0.132752925157547 Current batch 400/1047 (38.20%)
Current loss 0.20569413900375366 Current batch 500/1047 (47.76%)
Current loss 0.11559323221445084 Current batch 600/1047 (57.31%)
Current loss 0.1218772828578949 Current batch 700/1047 (66.86%)
Current loss 0.09002599865198135 Current batch 800/1047 (76.41%)
Current loss 0.13060098886489868 Current batch 900/1047 (85.96%)
Current loss 0.12671104073524475 Current batch 1000/1047 (95.51%)
Validation set size: 262
### End of the epoch : Validation loss for 12 is 0.12229672819375992
Current loss 0.09370040893554688 Current batch 0/1047 (0.00%)
Current loss 0.10417413711547852 Current batch 100/1047 (9.55%)
Current loss 0.11839942634105682 Current batch 200/1047 (19.10%)
Current loss 0.08358020335435867 Current batch 300/1047 (28.65%)
Current loss 0.11022204905748367 Current batch 400/1047 (38.20%)
Current loss 0.08246392756700516 Current batch 500/1047 (47.76%)
Current loss 0.11072570830583572 Current batch 600/1047 (57.31%)
Current loss 0.11140045523643494 Current batch 700/1047 (66.86%)
Current loss 0.09218905866146088 Current batch 800/1047 (76.41%)
Current loss 0.11543908715248108 Current batch 900/1047 (85.96%)
Current loss 0.09838664531707764 Current batch 1000/1047 (95.51%)
Validation set size: 262
### End of the epoch : Validation loss for 13 is 0.11247441172599792
Current loss 0.12063273042440414 Current batch 0/1047 (0.00%)
Current loss 0.11726779490709305 Current batch 100/1047 (9.55%)
Current loss 0.1735466569662094 Current batch 200/1047 (19.10%)
Current loss 0.1282057911157608 Current batch 300/1047 (28.65%)
Current loss 0.10935167968273163 Current batch 400/1047 (38.20%)
Current loss 0.09413039684295654 Current batch 500/1047 (47.76%)
Current loss 0.13754911720752716 Current batch 600/1047 (57.31%)
Current loss 0.14726696908473969 Current batch 700/1047 (66.86%)
Current loss 0.08691342920064926 Current batch 800/1047 (76.41%)
Current loss 0.15812084078788757 Current batch 900/1047 (85.96%)
Current loss 0.11167274415493011 Current batch 1000/1047 (95.51%)
Validation set size: 262
### End of the epoch : Validation loss for 14 is 0.11381901055574417
Current loss 0.0903482511639595 Current batch 0/1047 (0.00%)
Current loss 0.11620756983757019 Current batch 100/1047 (9.55%)
Current loss 0.09219729900360107 Current batch 200/1047 (19.10%)
Current loss 0.10532020032405853 Current batch 300/1047 (28.65%)
Current loss 0.0947268158197403 Current batch 400/1047 (38.20%)
Current loss 0.11231723427772522 Current batch 500/1047 (47.76%)
Current loss 0.10632185637950897 Current batch 600/1047 (57.31%)
Current loss 0.10446389764547348 Current batch 700/1047 (66.86%)
Current loss 0.13809700310230255 Current batch 800/1047 (76.41%)
Current loss 0.12230165302753448 Current batch 900/1047 (85.96%)
Current loss 0.06998943537473679 Current batch 1000/1047 (95.51%)
Validation set size: 262
### End of the epoch : Validation loss for 15 is 0.10639244318008423
Current loss 0.13718096911907196 Current batch 0/1047 (0.00%)
Current loss 0.10213422775268555 Current batch 100/1047 (9.55%)
Current loss 0.08331320434808731 Current batch 200/1047 (19.10%)
Current loss 0.12215933203697205 Current batch 300/1047 (28.65%)
Current loss 0.08565065264701843 Current batch 400/1047 (38.20%)
Current loss 0.08556374162435532 Current batch 500/1047 (47.76%)
Current loss 0.17873990535736084 Current batch 600/1047 (57.31%)
Current loss 0.10249444842338562 Current batch 700/1047 (66.86%)
Current loss 0.06344398111104965 Current batch 800/1047 (76.41%)
Current loss 0.0961470752954483 Current batch 900/1047 (85.96%)
Current loss 0.12430732697248459 Current batch 1000/1047 (95.51%)
Validation set size: 262
### End of the epoch : Validation loss for 16 is 0.1195577010512352
Current loss 0.13484343886375427 Current batch 0/1047 (0.00%)
Current loss 0.09679615497589111 Current batch 100/1047 (9.55%)
Current loss 0.09548071026802063 Current batch 200/1047 (19.10%)
Current loss 0.10920409858226776 Current batch 300/1047 (28.65%)
Current loss 0.11572755873203278 Current batch 400/1047 (38.20%)
Current loss 0.11460471898317337 Current batch 500/1047 (47.76%)
Current loss 0.10349969565868378 Current batch 600/1047 (57.31%)
Current loss 0.11343435198068619 Current batch 700/1047 (66.86%)
Current loss 0.09595145285129547 Current batch 800/1047 (76.41%)
Current loss 0.08562617748975754 Current batch 900/1047 (85.96%)
Current loss 0.09906383603811264 Current batch 1000/1047 (95.51%)
Validation set size: 262
### End of the epoch : Validation loss for 17 is 0.1127481460571289
Current loss 0.11927087604999542 Current batch 0/1047 (0.00%)
Current loss 0.10268616676330566 Current batch 100/1047 (9.55%)
Current loss 0.1458040326833725 Current batch 200/1047 (19.10%)
Current loss 0.15288837254047394 Current batch 300/1047 (28.65%)
Current loss 0.09850770980119705 Current batch 400/1047 (38.20%)
Current loss 0.07915610820055008 Current batch 500/1047 (47.76%)
Current loss 0.1472121775150299 Current batch 600/1047 (57.31%)
Current loss 0.10440687090158463 Current batch 700/1047 (66.86%)
Current loss 0.11186294257640839 Current batch 800/1047 (76.41%)
Current loss 0.09946196526288986 Current batch 900/1047 (85.96%)
Current loss 0.11355816572904587 Current batch 1000/1047 (95.51%)
Validation set size: 262
### End of the epoch : Validation loss for 18 is 0.1125362440943718
Current loss 0.10265014320611954 Current batch 0/1047 (0.00%)
Current loss 0.095737524330616 Current batch 100/1047 (9.55%)
Current loss 0.11823276430368423 Current batch 200/1047 (19.10%)
Current loss 0.13125480711460114 Current batch 300/1047 (28.65%)
Current loss 0.13663144409656525 Current batch 400/1047 (38.20%)
Current loss 0.10292086005210876 Current batch 500/1047 (47.76%)
Current loss 0.08442514389753342 Current batch 600/1047 (57.31%)
Current loss 0.10262959450483322 Current batch 700/1047 (66.86%)
Current loss 0.1298312544822693 Current batch 800/1047 (76.41%)
Current loss 0.13987593352794647 Current batch 900/1047 (85.96%)
Current loss 0.08190061151981354 Current batch 1000/1047 (95.51%)
Validation set size: 262
### End of the epoch : Validation loss for 19 is 0.1021258533000946
Current loss 0.10274585336446762 Current batch 0/1047 (0.00%)
Current loss 0.10618068277835846 Current batch 100/1047 (9.55%)
Current loss 0.11196304112672806 Current batch 200/1047 (19.10%)
Current loss 0.09748060256242752 Current batch 300/1047 (28.65%)
Current loss 0.11188409477472305 Current batch 400/1047 (38.20%)
Current loss 0.12079011648893356 Current batch 500/1047 (47.76%)
Current loss 0.08018691837787628 Current batch 600/1047 (57.31%)
Current loss 0.10203683376312256 Current batch 700/1047 (66.86%)
Current loss 0.11789754778146744 Current batch 800/1047 (76.41%)
Current loss 0.09291648864746094 Current batch 900/1047 (85.96%)
Current loss 0.13028526306152344 Current batch 1000/1047 (95.51%)
Validation set size: 262
### End of the epoch : Validation loss for 20 is 0.105164535343647
Current loss 0.12602950632572174 Current batch 0/1047 (0.00%)
Current loss 0.14451301097869873 Current batch 100/1047 (9.55%)
Current loss 0.1069369986653328 Current batch 200/1047 (19.10%)
Current loss 0.1335272341966629 Current batch 300/1047 (28.65%)
Current loss 0.0946468934416771 Current batch 400/1047 (38.20%)
Current loss 0.098072849214077 Current batch 500/1047 (47.76%)
Current loss 0.12808628380298615 Current batch 600/1047 (57.31%)
Current loss 0.10368850827217102 Current batch 700/1047 (66.86%)
Current loss 0.1504620760679245 Current batch 800/1047 (76.41%)
Current loss 0.10489485412836075 Current batch 900/1047 (85.96%)
Current loss 0.1272970587015152 Current batch 1000/1047 (95.51%)
Validation set size: 262
### End of the epoch : Validation loss for 21 is 0.10510601103305817
Current loss 0.08719373494386673 Current batch 0/1047 (0.00%)
Current loss 0.08776925504207611 Current batch 100/1047 (9.55%)
Current loss 0.09022914618253708 Current batch 200/1047 (19.10%)
Current loss 0.07776811718940735 Current batch 300/1047 (28.65%)
Current loss 0.10395351052284241 Current batch 400/1047 (38.20%)
Current loss 0.15221837162971497 Current batch 500/1047 (47.76%)
Current loss 0.10401307791471481 Current batch 600/1047 (57.31%)
Current loss 0.11496146023273468 Current batch 700/1047 (66.86%)
Current loss 0.08457263559103012 Current batch 800/1047 (76.41%)
Current loss 0.12949684262275696 Current batch 900/1047 (85.96%)
Current loss 0.09250330924987793 Current batch 1000/1047 (95.51%)
Validation set size: 262
### End of the epoch : Validation loss for 22 is 0.10575979202985764
Current loss 0.14382758736610413 Current batch 0/1047 (0.00%)
Current loss 0.09562662243843079 Current batch 100/1047 (9.55%)
Current loss 0.06671582907438278 Current batch 200/1047 (19.10%)
Current loss 0.11300254613161087 Current batch 300/1047 (28.65%)
Current loss 0.11063686013221741 Current batch 400/1047 (38.20%)
Current loss 0.09092254191637039 Current batch 500/1047 (47.76%)
Current loss 0.11031526327133179 Current batch 600/1047 (57.31%)
Current loss 0.17684146761894226 Current batch 700/1047 (66.86%)
Current loss 0.14770923554897308 Current batch 800/1047 (76.41%)
Current loss 0.09996175765991211 Current batch 900/1047 (85.96%)
Current loss 0.08778715878725052 Current batch 1000/1047 (95.51%)
Validation set size: 262
### End of the epoch : Validation loss for 23 is 0.10472764074802399
Current loss 0.09601085633039474 Current batch 0/1047 (0.00%)
Current loss 0.14498502016067505 Current batch 100/1047 (9.55%)
Current loss 0.12614494562149048 Current batch 200/1047 (19.10%)
Current loss 0.08978300541639328 Current batch 300/1047 (28.65%)
Current loss 0.08553312718868256 Current batch 400/1047 (38.20%)
Current loss 0.11828374862670898 Current batch 500/1047 (47.76%)
Current loss 0.11517204344272614 Current batch 600/1047 (57.31%)
Current loss 0.13750280439853668 Current batch 700/1047 (66.86%)
Current loss 0.11027634143829346 Current batch 800/1047 (76.41%)
Current loss 0.11817646026611328 Current batch 900/1047 (85.96%)
Current loss 0.09227142482995987 Current batch 1000/1047 (95.51%)
Validation set size: 262
### End of the epoch : Validation loss for 24 is 0.10265814512968063
Current loss 0.08390070497989655 Current batch 0/1047 (0.00%)
Current loss 0.15496402978897095 Current batch 100/1047 (9.55%)
Current loss 0.10159646719694138 Current batch 200/1047 (19.10%)
Current loss 0.08068671077489853 Current batch 300/1047 (28.65%)
Current loss 0.08118768781423569 Current batch 400/1047 (38.20%)
Current loss 0.14315477013587952 Current batch 500/1047 (47.76%)
Current loss 0.10238079726696014 Current batch 600/1047 (57.31%)
Current loss 0.09830935299396515 Current batch 700/1047 (66.86%)
Current loss 0.10488254576921463 Current batch 800/1047 (76.41%)
Current loss 0.08429891616106033 Current batch 900/1047 (85.96%)
Current loss 0.09831708669662476 Current batch 1000/1047 (95.51%)
Validation set size: 262
### End of the epoch : Validation loss for 25 is 0.10291305929422379
Current loss 0.09591057896614075 Current batch 0/1047 (0.00%)
Current loss 0.12268515676259995 Current batch 100/1047 (9.55%)
Current loss 0.08718156814575195 Current batch 200/1047 (19.10%)
Current loss 0.09488965570926666 Current batch 300/1047 (28.65%)
Current loss 0.1228661760687828 Current batch 400/1047 (38.20%)
Current loss 0.10956788063049316 Current batch 500/1047 (47.76%)
Current loss 0.10739113390445709 Current batch 600/1047 (57.31%)
Current loss 0.07559045404195786 Current batch 700/1047 (66.86%)
Current loss 0.15320047736167908 Current batch 800/1047 (76.41%)
Current loss 0.10571685433387756 Current batch 900/1047 (85.96%)
Current loss 0.08703277260065079 Current batch 1000/1047 (95.51%)
Validation set size: 262
### End of the epoch : Validation loss for 26 is 0.10074876248836517
Current loss 0.08551227301359177 Current batch 0/1047 (0.00%)
Current loss 0.09928042441606522 Current batch 100/1047 (9.55%)
Current loss 0.10355861485004425 Current batch 200/1047 (19.10%)
Current loss 0.1142229363322258 Current batch 300/1047 (28.65%)
Current loss 0.07530518621206284 Current batch 400/1047 (38.20%)
Current loss 0.0884351059794426 Current batch 500/1047 (47.76%)
Current loss 0.09093361347913742 Current batch 600/1047 (57.31%)
Current loss 0.08745681494474411 Current batch 700/1047 (66.86%)
Current loss 0.13772153854370117 Current batch 800/1047 (76.41%)
Current loss 0.09308236837387085 Current batch 900/1047 (85.96%)
Current loss 0.07850287854671478 Current batch 1000/1047 (95.51%)
Validation set size: 262
### End of the epoch : Validation loss for 27 is 0.09906414896249771
Current loss 0.08893338590860367 Current batch 0/1047 (0.00%)
Current loss 0.07144198566675186 Current batch 100/1047 (9.55%)
Current loss 0.09858942776918411 Current batch 200/1047 (19.10%)
Current loss 0.1094028577208519 Current batch 300/1047 (28.65%)
Current loss 0.09019582718610764 Current batch 400/1047 (38.20%)
Current loss 0.10729419440031052 Current batch 500/1047 (47.76%)
Current loss 0.1124502420425415 Current batch 600/1047 (57.31%)
Current loss 0.08515547215938568 Current batch 700/1047 (66.86%)
Current loss 0.07971635460853577 Current batch 800/1047 (76.41%)
Current loss 0.07486892491579056 Current batch 900/1047 (85.96%)
Current loss 0.06092476844787598 Current batch 1000/1047 (95.51%)
Validation set size: 262
### End of the epoch : Validation loss for 28 is 0.09806714951992035
Current loss 0.08599206060171127 Current batch 0/1047 (0.00%)
Current loss 0.0757618099451065 Current batch 100/1047 (9.55%)
Current loss 0.11581827700138092 Current batch 200/1047 (19.10%)
Current loss 0.08760915696620941 Current batch 300/1047 (28.65%)
Current loss 0.1012895405292511 Current batch 400/1047 (38.20%)
Current loss 0.0950651615858078 Current batch 500/1047 (47.76%)
Current loss 0.06707846373319626 Current batch 600/1047 (57.31%)
Current loss 0.11621399968862534 Current batch 700/1047 (66.86%)
Current loss 0.09246709942817688 Current batch 800/1047 (76.41%)
Current loss 0.09751439094543457 Current batch 900/1047 (85.96%)
Current loss 0.1241806373000145 Current batch 1000/1047 (95.51%)
Validation set size: 262
### End of the epoch : Validation loss for 29 is 0.10001608729362488
Current loss 0.08519808948040009 Current batch 0/1047 (0.00%)
Current loss 0.07907216250896454 Current batch 100/1047 (9.55%)
Current loss 0.09891453385353088 Current batch 200/1047 (19.10%)
Current loss 0.10300064086914062 Current batch 300/1047 (28.65%)
Current loss 0.10980381071567535 Current batch 400/1047 (38.20%)
Current loss 0.07522762566804886 Current batch 500/1047 (47.76%)
Current loss 0.11427106708288193 Current batch 600/1047 (57.31%)
Current loss 0.10277816653251648 Current batch 700/1047 (66.86%)
Current loss 0.1030183658003807 Current batch 800/1047 (76.41%)
Current loss 0.07627889513969421 Current batch 900/1047 (85.96%)
Current loss 0.06538787484169006 Current batch 1000/1047 (95.51%)
Validation set size: 262
### End of the epoch : Validation loss for 30 is 0.10522359609603882
Current loss 0.10182540863752365 Current batch 0/1047 (0.00%)
Current loss 0.06311427801847458 Current batch 100/1047 (9.55%)
Current loss 0.07942767441272736 Current batch 200/1047 (19.10%)
Current loss 0.06517966091632843 Current batch 300/1047 (28.65%)
Current loss 0.14522100985050201 Current batch 400/1047 (38.20%)
Current loss 0.09039558470249176 Current batch 500/1047 (47.76%)
Current loss 0.07911460101604462 Current batch 600/1047 (57.31%)
Current loss 0.09998970478773117 Current batch 700/1047 (66.86%)
Current loss 0.10900744795799255 Current batch 800/1047 (76.41%)
Current loss 0.09894216060638428 Current batch 900/1047 (85.96%)
Current loss 0.08365552872419357 Current batch 1000/1047 (95.51%)
Validation set size: 262
### End of the epoch : Validation loss for 31 is 0.0976276695728302
Current loss 0.057235874235630035 Current batch 0/1047 (0.00%)
Current loss 0.08392150700092316 Current batch 100/1047 (9.55%)
Current loss 0.08046284317970276 Current batch 200/1047 (19.10%)
Current loss 0.10394326597452164 Current batch 300/1047 (28.65%)
Current loss 0.09963451325893402 Current batch 400/1047 (38.20%)
Current loss 0.0802776962518692 Current batch 500/1047 (47.76%)
Current loss 0.0939893051981926 Current batch 600/1047 (57.31%)
Current loss 0.08785221725702286 Current batch 700/1047 (66.86%)
Current loss 0.12833420932292938 Current batch 800/1047 (76.41%)
Current loss 0.08479170501232147 Current batch 900/1047 (85.96%)
Current loss 0.10614339262247086 Current batch 1000/1047 (95.51%)
Validation set size: 262
### End of the epoch : Validation loss for 32 is 0.1004301980137825
Current loss 0.0980113223195076 Current batch 0/1047 (0.00%)
Current loss 0.1411440521478653 Current batch 100/1047 (9.55%)
Current loss 0.0936635211110115 Current batch 200/1047 (19.10%)
Current loss 0.12224292755126953 Current batch 300/1047 (28.65%)
Current loss 0.08670178800821304 Current batch 400/1047 (38.20%)
Current loss 0.05830134078860283 Current batch 500/1047 (47.76%)
Current loss 0.10876847058534622 Current batch 600/1047 (57.31%)
Current loss 0.11192955076694489 Current batch 700/1047 (66.86%)
Current loss 0.09504442662000656 Current batch 800/1047 (76.41%)
Current loss 0.09098795801401138 Current batch 900/1047 (85.96%)
Current loss 0.08140721917152405 Current batch 1000/1047 (95.51%)
Validation set size: 262
### End of the epoch : Validation loss for 33 is 0.09622236341238022
Current loss 0.1036909744143486 Current batch 0/1047 (0.00%)
Current loss 0.07977358996868134 Current batch 100/1047 (9.55%)
Current loss 0.09447082132101059 Current batch 200/1047 (19.10%)
Current loss 0.11303303390741348 Current batch 300/1047 (28.65%)
Current loss 0.08361714333295822 Current batch 400/1047 (38.20%)
Current loss 0.10855773836374283 Current batch 500/1047 (47.76%)
Current loss 0.09628916531801224 Current batch 600/1047 (57.31%)
Current loss 0.10455534607172012 Current batch 700/1047 (66.86%)
Current loss 0.16114841401576996 Current batch 800/1047 (76.41%)
Current loss 0.10184615850448608 Current batch 900/1047 (85.96%)
Current loss 0.10023946315050125 Current batch 1000/1047 (95.51%)
Validation set size: 262
### End of the epoch : Validation loss for 34 is 0.09679234772920609
Current loss 0.0778021365404129 Current batch 0/1047 (0.00%)
Current loss 0.09316296130418777 Current batch 100/1047 (9.55%)
Current loss 0.08308868855237961 Current batch 200/1047 (19.10%)
Current loss 0.09211638569831848 Current batch 300/1047 (28.65%)
Current loss 0.10913393646478653 Current batch 400/1047 (38.20%)
Current loss 0.11086226999759674 Current batch 500/1047 (47.76%)
Current loss 0.0686715617775917 Current batch 600/1047 (57.31%)
Current loss 0.09155486524105072 Current batch 700/1047 (66.86%)
Current loss 0.10934364050626755 Current batch 800/1047 (76.41%)
Current loss 0.12014828622341156 Current batch 900/1047 (85.96%)
Current loss 0.08352645486593246 Current batch 1000/1047 (95.51%)
Validation set size: 262
### End of the epoch : Validation loss for 35 is 0.10005730390548706
Current loss 0.10337472707033157 Current batch 0/1047 (0.00%)
Current loss 0.10106611996889114 Current batch 100/1047 (9.55%)
Current loss 0.10729112476110458 Current batch 200/1047 (19.10%)
Current loss 0.08720530569553375 Current batch 300/1047 (28.65%)
Current loss 0.07047591358423233 Current batch 400/1047 (38.20%)
Current loss 0.0958651527762413 Current batch 500/1047 (47.76%)
Current loss 0.09386156499385834 Current batch 600/1047 (57.31%)
Current loss 0.06868062168359756 Current batch 700/1047 (66.86%)
Current loss 0.11057981103658676 Current batch 800/1047 (76.41%)
Current loss 0.10351940244436264 Current batch 900/1047 (85.96%)
Current loss 0.08931521326303482 Current batch 1000/1047 (95.51%)
Validation set size: 262
### End of the epoch : Validation loss for 36 is 0.10302962362766266
Current loss 0.11731097847223282 Current batch 0/1047 (0.00%)
Current loss 0.09723636507987976 Current batch 100/1047 (9.55%)
Current loss 0.09806521981954575 Current batch 200/1047 (19.10%)
Current loss 0.09497712552547455 Current batch 300/1047 (28.65%)
Current loss 0.08818808197975159 Current batch 400/1047 (38.20%)
Current loss 0.152390718460083 Current batch 500/1047 (47.76%)
Current loss 0.09073463827371597 Current batch 600/1047 (57.31%)
Current loss 0.07113978266716003 Current batch 700/1047 (66.86%)
Current loss 0.09500185400247574 Current batch 800/1047 (76.41%)
Current loss 0.09465726464986801 Current batch 900/1047 (85.96%)
Current loss 0.09267286956310272 Current batch 1000/1047 (95.51%)
Validation set size: 262
### End of the epoch : Validation loss for 37 is 0.097081758081913
Current loss 0.11669059842824936 Current batch 0/1047 (0.00%)
Current loss 0.08993591368198395 Current batch 100/1047 (9.55%)
Current loss 0.10232990980148315 Current batch 200/1047 (19.10%)
Current loss 0.08915125578641891 Current batch 300/1047 (28.65%)
Current loss 0.0871070995926857 Current batch 400/1047 (38.20%)
Current loss 0.11772660911083221 Current batch 500/1047 (47.76%)
Current loss 0.09448623657226562 Current batch 600/1047 (57.31%)
Current loss 0.11711210012435913 Current batch 700/1047 (66.86%)
Current loss 0.14460410177707672 Current batch 800/1047 (76.41%)
Current loss 0.08462856709957123 Current batch 900/1047 (85.96%)
Current loss 0.0826469212770462 Current batch 1000/1047 (95.51%)
Validation set size: 262
### End of the epoch : Validation loss for 38 is 0.09396130591630936
Current loss 0.09949564933776855 Current batch 0/1047 (0.00%)
Current loss 0.07771389186382294 Current batch 100/1047 (9.55%)
Current loss 0.08254285901784897 Current batch 200/1047 (19.10%)
Current loss 0.14075805246829987 Current batch 300/1047 (28.65%)
Current loss 0.08870898932218552 Current batch 400/1047 (38.20%)
Current loss 0.10557157546281815 Current batch 500/1047 (47.76%)
Current loss 0.09625915437936783 Current batch 600/1047 (57.31%)
Current loss 0.11205712705850601 Current batch 700/1047 (66.86%)
Current loss 0.09455535560846329 Current batch 800/1047 (76.41%)
Current loss 0.12363694608211517 Current batch 900/1047 (85.96%)
Current loss 0.09855219721794128 Current batch 1000/1047 (95.51%)
Validation set size: 262
### End of the epoch : Validation loss for 39 is 0.09672000259160995
Current loss 0.11025723069906235 Current batch 0/1047 (0.00%)
Current loss 0.10811511427164078 Current batch 100/1047 (9.55%)
Current loss 0.07892125844955444 Current batch 200/1047 (19.10%)
Current loss 0.13766126334667206 Current batch 300/1047 (28.65%)
Current loss 0.08450708538293839 Current batch 400/1047 (38.20%)
Current loss 0.11526790261268616 Current batch 500/1047 (47.76%)
Current loss 0.06889541447162628 Current batch 600/1047 (57.31%)
Current loss 0.09087451547384262 Current batch 700/1047 (66.86%)
Current loss 0.09856864809989929 Current batch 800/1047 (76.41%)
Current loss 0.07735598087310791 Current batch 900/1047 (85.96%)
Current loss 0.0823124423623085 Current batch 1000/1047 (95.51%)
Validation set size: 262
### End of the epoch : Validation loss for 40 is 0.09452008455991745
Current loss 0.10309074819087982 Current batch 0/1047 (0.00%)
Current loss 0.10276547819375992 Current batch 100/1047 (9.55%)
Current loss 0.07886948436498642 Current batch 200/1047 (19.10%)
Current loss 0.10957309603691101 Current batch 300/1047 (28.65%)
Current loss 0.0885496661067009 Current batch 400/1047 (38.20%)
Current loss 0.0813378319144249 Current batch 500/1047 (47.76%)
Current loss 0.11735998094081879 Current batch 600/1047 (57.31%)
Current loss 0.12037935107946396 Current batch 700/1047 (66.86%)
Current loss 0.08088179677724838 Current batch 800/1047 (76.41%)
Current loss 0.07755343616008759 Current batch 900/1047 (85.96%)
Current loss 0.09110870212316513 Current batch 1000/1047 (95.51%)
Validation set size: 262
### End of the epoch : Validation loss for 41 is 0.09533797949552536
Current loss 0.09671089053153992 Current batch 0/1047 (0.00%)
Current loss 0.07403584569692612 Current batch 100/1047 (9.55%)
Current loss 0.08173204213380814 Current batch 200/1047 (19.10%)
Current loss 0.07340827584266663 Current batch 300/1047 (28.65%)
Current loss 0.10133267194032669 Current batch 400/1047 (38.20%)
Current loss 0.0765518993139267 Current batch 500/1047 (47.76%)
Current loss 0.10332901030778885 Current batch 600/1047 (57.31%)
Current loss 0.069881871342659 Current batch 700/1047 (66.86%)
Current loss 0.07193806767463684 Current batch 800/1047 (76.41%)
Current loss 0.1203060895204544 Current batch 900/1047 (85.96%)
Current loss 0.10059481114149094 Current batch 1000/1047 (95.51%)
Validation set size: 262
### End of the epoch : Validation loss for 42 is 0.09387633949518204
Current loss 0.09948665648698807 Current batch 0/1047 (0.00%)
Current loss 0.08104867488145828 Current batch 100/1047 (9.55%)
Current loss 0.0988011360168457 Current batch 200/1047 (19.10%)
Current loss 0.07235010713338852 Current batch 300/1047 (28.65%)
Current loss 0.12006833404302597 Current batch 400/1047 (38.20%)
Current loss 0.08485393226146698 Current batch 500/1047 (47.76%)
Current loss 0.08643639087677002 Current batch 600/1047 (57.31%)
Current loss 0.09730220586061478 Current batch 700/1047 (66.86%)
Current loss 0.09063754230737686 Current batch 800/1047 (76.41%)
Current loss 0.08628257364034653 Current batch 900/1047 (85.96%)
Current loss 0.09050611406564713 Current batch 1000/1047 (95.51%)
Validation set size: 262
### End of the epoch : Validation loss for 43 is 0.09585339576005936
Current loss 0.06787529587745667 Current batch 0/1047 (0.00%)
Current loss 0.11455360054969788 Current batch 100/1047 (9.55%)
Current loss 0.07324671745300293 Current batch 200/1047 (19.10%)
Current loss 0.09138793498277664 Current batch 300/1047 (28.65%)
Current loss 0.10076101869344711 Current batch 400/1047 (38.20%)
Current loss 0.09016674011945724 Current batch 500/1047 (47.76%)
Current loss 0.12665905058383942 Current batch 600/1047 (57.31%)
Current loss 0.11699733138084412 Current batch 700/1047 (66.86%)
Current loss 0.08243928849697113 Current batch 800/1047 (76.41%)
Current loss 0.07498502731323242 Current batch 900/1047 (85.96%)
Current loss 0.07507959008216858 Current batch 1000/1047 (95.51%)
Validation set size: 262
### End of the epoch : Validation loss for 44 is 0.09649746119976044
Current loss 0.08994073420763016 Current batch 0/1047 (0.00%)
Current loss 0.11689281463623047 Current batch 100/1047 (9.55%)
Current loss 0.09740832448005676 Current batch 200/1047 (19.10%)
Current loss 0.10175768285989761 Current batch 300/1047 (28.65%)
Current loss 0.08174457401037216 Current batch 400/1047 (38.20%)
Current loss 0.0962802842259407 Current batch 500/1047 (47.76%)
Current loss 0.09696803987026215 Current batch 600/1047 (57.31%)
Current loss 0.09976005554199219 Current batch 700/1047 (66.86%)
Current loss 0.07674135267734528 Current batch 800/1047 (76.41%)
Current loss 0.0773150697350502 Current batch 900/1047 (85.96%)
Current loss 0.06976214051246643 Current batch 1000/1047 (95.51%)
Validation set size: 262
### End of the epoch : Validation loss for 45 is 0.0961383581161499
Current loss 0.07076409459114075 Current batch 0/1047 (0.00%)
Current loss 0.08916660398244858 Current batch 100/1047 (9.55%)
Current loss 0.08938810229301453 Current batch 200/1047 (19.10%)
Current loss 0.12167738378047943 Current batch 300/1047 (28.65%)
Current loss 0.0883103758096695 Current batch 400/1047 (38.20%)
Current loss 0.09238748252391815 Current batch 500/1047 (47.76%)
Current loss 0.11477050185203552 Current batch 600/1047 (57.31%)
Current loss 0.114919014275074 Current batch 700/1047 (66.86%)
Current loss 0.15197230875492096 Current batch 800/1047 (76.41%)
Current loss 0.10250820219516754 Current batch 900/1047 (85.96%)
Current loss 0.08530597388744354 Current batch 1000/1047 (95.51%)
Validation set size: 262
### End of the epoch : Validation loss for 46 is 0.09503880143165588
Current loss 0.11137132346630096 Current batch 0/1047 (0.00%)
Current loss 0.08972544223070145 Current batch 100/1047 (9.55%)
Current loss 0.08913854509592056 Current batch 200/1047 (19.10%)
Current loss 0.07207377254962921 Current batch 300/1047 (28.65%)
Current loss 0.11645440757274628 Current batch 400/1047 (38.20%)
Current loss 0.08349355310201645 Current batch 500/1047 (47.76%)
Current loss 0.11083648353815079 Current batch 600/1047 (57.31%)
Current loss 0.10061699897050858 Current batch 700/1047 (66.86%)
Current loss 0.08721695840358734 Current batch 800/1047 (76.41%)
Current loss 0.10792984068393707 Current batch 900/1047 (85.96%)
Current loss 0.10299162566661835 Current batch 1000/1047 (95.51%)
Validation set size: 262
### End of the epoch : Validation loss for 47 is 0.09491333365440369
Current loss 0.08123231679201126 Current batch 0/1047 (0.00%)
Current loss 0.13199883699417114 Current batch 100/1047 (9.55%)
Current loss 0.09662587195634842 Current batch 200/1047 (19.10%)
Current loss 0.08969246596097946 Current batch 300/1047 (28.65%)
Current loss 0.11430465430021286 Current batch 400/1047 (38.20%)
Current loss 0.09757179021835327 Current batch 500/1047 (47.76%)
Current loss 0.09514486789703369 Current batch 600/1047 (57.31%)
Current loss 0.08949154615402222 Current batch 700/1047 (66.86%)
Current loss 0.08155643194913864 Current batch 800/1047 (76.41%)
Current loss 0.0971454605460167 Current batch 900/1047 (85.96%)
Current loss 0.08792226761579514 Current batch 1000/1047 (95.51%)
Validation set size: 262
### End of the epoch : Validation loss for 48 is 0.0924667939543724
Current loss 0.09488964080810547 Current batch 0/1047 (0.00%)
Current loss 0.1114995926618576 Current batch 100/1047 (9.55%)
Current loss 0.09645391255617142 Current batch 200/1047 (19.10%)
Current loss 0.08626328408718109 Current batch 300/1047 (28.65%)
Current loss 0.07191788405179977 Current batch 400/1047 (38.20%)
Current loss 0.0868283063173294 Current batch 500/1047 (47.76%)
Current loss 0.11081907898187637 Current batch 600/1047 (57.31%)
Current loss 0.08770043402910233 Current batch 700/1047 (66.86%)
Current loss 0.10351991653442383 Current batch 800/1047 (76.41%)
Current loss 0.08289925754070282 Current batch 900/1047 (85.96%)
Current loss 0.08712092787027359 Current batch 1000/1047 (95.51%)
Validation set size: 262
### End of the epoch : Validation loss for 49 is 0.09267596155405045
Current loss 0.0688309371471405 Current batch 0/1047 (0.00%)
Current loss 0.11139346659183502 Current batch 100/1047 (9.55%)
Current loss 0.09192243218421936 Current batch 200/1047 (19.10%)
Current loss 0.08444586396217346 Current batch 300/1047 (28.65%)
Current loss 0.08965948224067688 Current batch 400/1047 (38.20%)
Current loss 0.07172814011573792 Current batch 500/1047 (47.76%)
Current loss 0.0922854095697403 Current batch 600/1047 (57.31%)
Current loss 0.11902787536382675 Current batch 700/1047 (66.86%)
Current loss 0.07434625178575516 Current batch 800/1047 (76.41%)
Current loss 0.09457029402256012 Current batch 900/1047 (85.96%)
Current loss 0.08320096135139465 Current batch 1000/1047 (95.51%)
Validation set size: 262
### End of the epoch : Validation loss for 50 is 0.09289003163576126
Current loss 0.10459510236978531 Current batch 0/1047 (0.00%)
Current loss 0.0936906635761261 Current batch 100/1047 (9.55%)
Current loss 0.1966857612133026 Current batch 200/1047 (19.10%)
Current loss 0.09302249550819397 Current batch 300/1047 (28.65%)
Current loss 0.08213286846876144 Current batch 400/1047 (38.20%)
Current loss 0.07964420318603516 Current batch 500/1047 (47.76%)
Current loss 0.06996935606002808 Current batch 600/1047 (57.31%)
Current loss 0.07813882827758789 Current batch 700/1047 (66.86%)
Current loss 0.09934959560632706 Current batch 800/1047 (76.41%)
Current loss 0.13202646374702454 Current batch 900/1047 (85.96%)
Current loss 0.0786047950387001 Current batch 1000/1047 (95.51%)
Validation set size: 262
### End of the epoch : Validation loss for 51 is 0.09496328979730606
Current loss 0.146487295627594 Current batch 0/1047 (0.00%)
Current loss 0.12790855765342712 Current batch 100/1047 (9.55%)
Current loss 0.09800413250923157 Current batch 200/1047 (19.10%)
Current loss 0.10207425057888031 Current batch 300/1047 (28.65%)
Current loss 0.10129202902317047 Current batch 400/1047 (38.20%)
Current loss 0.05975158512592316 Current batch 500/1047 (47.76%)
Current loss 0.08862920850515366 Current batch 600/1047 (57.31%)
Current loss 0.0796816274523735 Current batch 700/1047 (66.86%)
Current loss 0.08627049624919891 Current batch 800/1047 (76.41%)
Current loss 0.09371409565210342 Current batch 900/1047 (85.96%)
Current loss 0.10372228175401688 Current batch 1000/1047 (95.51%)
Validation set size: 262
### End of the epoch : Validation loss for 52 is 0.09232619404792786
Current loss 0.08621732890605927 Current batch 0/1047 (0.00%)
Current loss 0.09943095594644547 Current batch 100/1047 (9.55%)
Current loss 0.11161947250366211 Current batch 200/1047 (19.10%)
Current loss 0.11190684884786606 Current batch 300/1047 (28.65%)
Current loss 0.11924634873867035 Current batch 400/1047 (38.20%)
Current loss 0.10282871127128601 Current batch 500/1047 (47.76%)
Current loss 0.10495533049106598 Current batch 600/1047 (57.31%)
Current loss 0.08339641243219376 Current batch 700/1047 (66.86%)
Current loss 0.13226784765720367 Current batch 800/1047 (76.41%)
Current loss 0.1315883994102478 Current batch 900/1047 (85.96%)
Current loss 0.0809614360332489 Current batch 1000/1047 (95.51%)
Validation set size: 262
### End of the epoch : Validation loss for 53 is 0.09232078492641449
Current loss 0.15444836020469666 Current batch 0/1047 (0.00%)
Current loss 0.08992721140384674 Current batch 100/1047 (9.55%)
Current loss 0.10036768764257431 Current batch 200/1047 (19.10%)
Current loss 0.09658879786729813 Current batch 300/1047 (28.65%)
Current loss 0.11177513003349304 Current batch 400/1047 (38.20%)
Current loss 0.0782577246427536 Current batch 500/1047 (47.76%)
Current loss 0.08406352996826172 Current batch 600/1047 (57.31%)
Current loss 0.09191908687353134 Current batch 700/1047 (66.86%)
Current loss 0.08633177727460861 Current batch 800/1047 (76.41%)
Current loss 0.11501079052686691 Current batch 900/1047 (85.96%)
Current loss 0.0969509705901146 Current batch 1000/1047 (95.51%)
Validation set size: 262
### End of the epoch : Validation loss for 54 is 0.10397497564554214
Current loss 0.10425428301095963 Current batch 0/1047 (0.00%)
Current loss 0.10763406753540039 Current batch 100/1047 (9.55%)
Current loss 0.10314963757991791 Current batch 200/1047 (19.10%)
Current loss 0.07000135630369186 Current batch 300/1047 (28.65%)
Current loss 0.09333112835884094 Current batch 400/1047 (38.20%)
Current loss 0.14504510164260864 Current batch 500/1047 (47.76%)
Current loss 0.1036137267947197 Current batch 600/1047 (57.31%)
Current loss 0.08863845467567444 Current batch 700/1047 (66.86%)
Current loss 0.10097184777259827 Current batch 800/1047 (76.41%)
Current loss 0.08952802419662476 Current batch 900/1047 (85.96%)
Current loss 0.07518403232097626 Current batch 1000/1047 (95.51%)
Validation set size: 262
### End of the epoch : Validation loss for 55 is 0.0924035832285881
Current loss 0.08639305084943771 Current batch 0/1047 (0.00%)
Current loss 0.11270321905612946 Current batch 100/1047 (9.55%)
Current loss 0.09168144315481186 Current batch 200/1047 (19.10%)
Current loss 0.08214675635099411 Current batch 300/1047 (28.65%)
Current loss 0.10562213510274887 Current batch 400/1047 (38.20%)
Current loss 0.09448087215423584 Current batch 500/1047 (47.76%)
Current loss 0.11825431883335114 Current batch 600/1047 (57.31%)
Current loss 0.07723041623830795 Current batch 700/1047 (66.86%)
Current loss 0.13282468914985657 Current batch 800/1047 (76.41%)
Current loss 0.15891286730766296 Current batch 900/1047 (85.96%)
Current loss 0.06418604403734207 Current batch 1000/1047 (95.51%)
Validation set size: 262
### End of the epoch : Validation loss for 56 is 0.09341004490852356
Current loss 0.11152622848749161 Current batch 0/1047 (0.00%)
Current loss 0.0930754542350769 Current batch 100/1047 (9.55%)
Current loss 0.08179771155118942 Current batch 200/1047 (19.10%)
Current loss 0.08683852851390839 Current batch 300/1047 (28.65%)
Current loss 0.09554240852594376 Current batch 400/1047 (38.20%)
Current loss 0.14860127866268158 Current batch 500/1047 (47.76%)
Current loss 0.08152448385953903 Current batch 600/1047 (57.31%)
Current loss 0.08590307086706161 Current batch 700/1047 (66.86%)
Current loss 0.09495498239994049 Current batch 800/1047 (76.41%)
Current loss 0.12484502792358398 Current batch 900/1047 (85.96%)
Current loss 0.0818573385477066 Current batch 1000/1047 (95.51%)
Validation set size: 262
### End of the epoch : Validation loss for 57 is 0.0926603302359581
Current loss 0.0950949639081955 Current batch 0/1047 (0.00%)
Current loss 0.09319888055324554 Current batch 100/1047 (9.55%)
Current loss 0.08552518486976624 Current batch 200/1047 (19.10%)
Current loss 0.07732965052127838 Current batch 300/1047 (28.65%)
Current loss 0.10611943900585175 Current batch 400/1047 (38.20%)
Current loss 0.10401059687137604 Current batch 500/1047 (47.76%)
Current loss 0.08618340641260147 Current batch 600/1047 (57.31%)
Current loss 0.10540147870779037 Current batch 700/1047 (66.86%)
Current loss 0.09198584407567978 Current batch 800/1047 (76.41%)
Current loss 0.1047678291797638 Current batch 900/1047 (85.96%)
Current loss 0.09583473205566406 Current batch 1000/1047 (95.51%)
Validation set size: 262
### End of the epoch : Validation loss for 58 is 0.09184826165437698
Current loss 0.08258560299873352 Current batch 0/1047 (0.00%)
Current loss 0.11429788917303085 Current batch 100/1047 (9.55%)
Current loss 0.08217683434486389 Current batch 200/1047 (19.10%)
Current loss 0.08204545825719833 Current batch 300/1047 (28.65%)
Current loss 0.08368510007858276 Current batch 400/1047 (38.20%)
Current loss 0.13737811148166656 Current batch 500/1047 (47.76%)
Current loss 0.11183258146047592 Current batch 600/1047 (57.31%)
Current loss 0.07571198046207428 Current batch 700/1047 (66.86%)
Current loss 0.10870277136564255 Current batch 800/1047 (76.41%)
Current loss 0.07195594906806946 Current batch 900/1047 (85.96%)
Current loss 0.11888226121664047 Current batch 1000/1047 (95.51%)
Validation set size: 262
### End of the epoch : Validation loss for 59 is 0.0925319716334343
Current loss 0.07309165596961975 Current batch 0/1047 (0.00%)
Current loss 0.08582177013158798 Current batch 100/1047 (9.55%)
Current loss 0.0756746307015419 Current batch 200/1047 (19.10%)
Current loss 0.07700257003307343 Current batch 300/1047 (28.65%)
Current loss 0.08665807545185089 Current batch 400/1047 (38.20%)
Current loss 0.1104619950056076 Current batch 500/1047 (47.76%)
Current loss 0.08592952787876129 Current batch 600/1047 (57.31%)
Current loss 0.09178809821605682 Current batch 700/1047 (66.86%)
Current loss 0.07245179265737534 Current batch 800/1047 (76.41%)
Current loss 0.1057395339012146 Current batch 900/1047 (85.96%)
Current loss 0.08383271843194962 Current batch 1000/1047 (95.51%)
Validation set size: 262
### End of the epoch : Validation loss for 60 is 0.09142211079597473
Current loss 0.09676071256399155 Current batch 0/1047 (0.00%)
Current loss 0.08945013582706451 Current batch 100/1047 (9.55%)
Current loss 0.09741304069757462 Current batch 200/1047 (19.10%)
Current loss 0.07536938041448593 Current batch 300/1047 (28.65%)
Current loss 0.0894889310002327 Current batch 400/1047 (38.20%)
Current loss 0.12158510833978653 Current batch 500/1047 (47.76%)
Current loss 0.08031749725341797 Current batch 600/1047 (57.31%)
Current loss 0.08057887852191925 Current batch 700/1047 (66.86%)
Current loss 0.1087145134806633 Current batch 800/1047 (76.41%)
Current loss 0.1165233850479126 Current batch 900/1047 (85.96%)
Current loss 0.12108932435512543 Current batch 1000/1047 (95.51%)
Validation set size: 262
### End of the epoch : Validation loss for 61 is 0.0917794406414032
Current loss 0.115825355052948 Current batch 0/1047 (0.00%)
Current loss 0.15932422876358032 Current batch 100/1047 (9.55%)
Current loss 0.13500866293907166 Current batch 200/1047 (19.10%)
Current loss 0.12096822261810303 Current batch 300/1047 (28.65%)
Current loss 0.08117536455392838 Current batch 400/1047 (38.20%)
Current loss 0.08236730098724365 Current batch 500/1047 (47.76%)
Current loss 0.07666861265897751 Current batch 600/1047 (57.31%)
Current loss 0.08399221301078796 Current batch 700/1047 (66.86%)
Current loss 0.13189929723739624 Current batch 800/1047 (76.41%)
Current loss 0.108760766685009 Current batch 900/1047 (85.96%)
Current loss 0.08440419286489487 Current batch 1000/1047 (95.51%)
Validation set size: 262
### End of the epoch : Validation loss for 62 is 0.09081653505563736
Current loss 0.10569961369037628 Current batch 0/1047 (0.00%)
Current loss 0.08525436371564865 Current batch 100/1047 (9.55%)
Current loss 0.09848352521657944 Current batch 200/1047 (19.10%)
Current loss 0.0973687693476677 Current batch 300/1047 (28.65%)
Current loss 0.08054334670305252 Current batch 400/1047 (38.20%)
Current loss 0.06052827090024948 Current batch 500/1047 (47.76%)
Current loss 0.11586137861013412 Current batch 600/1047 (57.31%)
Current loss 0.09649894386529922 Current batch 700/1047 (66.86%)
Current loss 0.09127706289291382 Current batch 800/1047 (76.41%)
Current loss 0.07031694054603577 Current batch 900/1047 (85.96%)
Current loss 0.10676903277635574 Current batch 1000/1047 (95.51%)
Validation set size: 262
### End of the epoch : Validation loss for 63 is 0.09064704179763794
Current loss 0.09502976387739182 Current batch 0/1047 (0.00%)
Current loss 0.08231402188539505 Current batch 100/1047 (9.55%)
Current loss 0.0874163955450058 Current batch 200/1047 (19.10%)
Current loss 0.07486424595117569 Current batch 300/1047 (28.65%)
Current loss 0.07579447329044342 Current batch 400/1047 (38.20%)
Current loss 0.10612713545560837 Current batch 500/1047 (47.76%)
Current loss 0.1056799665093422 Current batch 600/1047 (57.31%)
Current loss 0.07976097613573074 Current batch 700/1047 (66.86%)
Current loss 0.07206804305315018 Current batch 800/1047 (76.41%)
Current loss 0.08806455135345459 Current batch 900/1047 (85.96%)
Current loss 0.10534267872571945 Current batch 1000/1047 (95.51%)
Validation set size: 262
### End of the epoch : Validation loss for 64 is 0.09187748283147812
Current loss 0.08930404484272003 Current batch 0/1047 (0.00%)
Current loss 0.09297878295183182 Current batch 100/1047 (9.55%)
Current loss 0.09273191541433334 Current batch 200/1047 (19.10%)
Current loss 0.12259054183959961 Current batch 300/1047 (28.65%)
Current loss 0.12477176636457443 Current batch 400/1047 (38.20%)
Current loss 0.0962139144539833 Current batch 500/1047 (47.76%)
Current loss 0.1468338966369629 Current batch 600/1047 (57.31%)
Current loss 0.09131605178117752 Current batch 700/1047 (66.86%)
Current loss 0.09911082684993744 Current batch 800/1047 (76.41%)
Current loss 0.0739026591181755 Current batch 900/1047 (85.96%)
Current loss 0.11302193999290466 Current batch 1000/1047 (95.51%)
Validation set size: 262
### End of the epoch : Validation loss for 65 is 0.09113655984401703
Current loss 0.07985356450080872 Current batch 0/1047 (0.00%)
Current loss 0.08989249169826508 Current batch 100/1047 (9.55%)
Current loss 0.09341546893119812 Current batch 200/1047 (19.10%)
Current loss 0.06344873458147049 Current batch 300/1047 (28.65%)
Current loss 0.07061769813299179 Current batch 400/1047 (38.20%)
Current loss 0.07657583802938461 Current batch 500/1047 (47.76%)
Current loss 0.09048718959093094 Current batch 600/1047 (57.31%)
Current loss 0.09237001091241837 Current batch 700/1047 (66.86%)
Current loss 0.13696134090423584 Current batch 800/1047 (76.41%)
Current loss 0.07943300902843475 Current batch 900/1047 (85.96%)
Current loss 0.14465591311454773 Current batch 1000/1047 (95.51%)
Validation set size: 262
### End of the epoch : Validation loss for 66 is 0.09331883490085602
Current loss 0.10148546099662781 Current batch 0/1047 (0.00%)
Current loss 0.07755955308675766 Current batch 100/1047 (9.55%)
Current loss 0.07919640094041824 Current batch 200/1047 (19.10%)
Current loss 0.1171124055981636 Current batch 300/1047 (28.65%)
Current loss 0.07685446739196777 Current batch 400/1047 (38.20%)
Current loss 0.08195662498474121 Current batch 500/1047 (47.76%)
Current loss 0.0720260962843895 Current batch 600/1047 (57.31%)
Current loss 0.10961776226758957 Current batch 700/1047 (66.86%)
Current loss 0.11119132488965988 Current batch 800/1047 (76.41%)
Current loss 0.10710811614990234 Current batch 900/1047 (85.96%)
Current loss 0.07715706527233124 Current batch 1000/1047 (95.51%)
Validation set size: 262
### End of the epoch : Validation loss for 67 is 0.09642616659402847
Current loss 0.12482505291700363 Current batch 0/1047 (0.00%)
Current loss 0.06455349177122116 Current batch 100/1047 (9.55%)
Current loss 0.07054522633552551 Current batch 200/1047 (19.10%)
Current loss 0.10395766794681549 Current batch 300/1047 (28.65%)
Current loss 0.07420124858617783 Current batch 400/1047 (38.20%)
Current loss 0.08772608637809753 Current batch 500/1047 (47.76%)
Current loss 0.1059136912226677 Current batch 600/1047 (57.31%)
Current loss 0.08642171323299408 Current batch 700/1047 (66.86%)
Current loss 0.06631559878587723 Current batch 800/1047 (76.41%)
Current loss 0.10730268061161041 Current batch 900/1047 (85.96%)
Current loss 0.09324333816766739 Current batch 1000/1047 (95.51%)
Validation set size: 262
### End of the epoch : Validation loss for 68 is 0.0905613973736763
Current loss 0.0633002445101738 Current batch 0/1047 (0.00%)
Current loss 0.09573265165090561 Current batch 100/1047 (9.55%)
Current loss 0.07626636326313019 Current batch 200/1047 (19.10%)
Current loss 0.11067047715187073 Current batch 300/1047 (28.65%)
Current loss 0.06722614914178848 Current batch 400/1047 (38.20%)
Current loss 0.079414501786232 Current batch 500/1047 (47.76%)
Current loss 0.08389648050069809 Current batch 600/1047 (57.31%)
Current loss 0.09012094885110855 Current batch 700/1047 (66.86%)
Current loss 0.09356407076120377 Current batch 800/1047 (76.41%)
Current loss 0.09425749629735947 Current batch 900/1047 (85.96%)
Current loss 0.09865787625312805 Current batch 1000/1047 (95.51%)
Validation set size: 262
### End of the epoch : Validation loss for 69 is 0.09188148379325867
Current loss 0.17759421467781067 Current batch 0/1047 (0.00%)
Current loss 0.06515428423881531 Current batch 100/1047 (9.55%)
Current loss 0.1104888990521431 Current batch 200/1047 (19.10%)
Current loss 0.07648853212594986 Current batch 300/1047 (28.65%)
Current loss 0.07340913265943527 Current batch 400/1047 (38.20%)
Current loss 0.07625004649162292 Current batch 500/1047 (47.76%)
Current loss 0.10499532520771027 Current batch 600/1047 (57.31%)
Current loss 0.07970663905143738 Current batch 700/1047 (66.86%)
Current loss 0.10465909540653229 Current batch 800/1047 (76.41%)
Current loss 0.13360285758972168 Current batch 900/1047 (85.96%)
Current loss 0.08732333779335022 Current batch 1000/1047 (95.51%)
Validation set size: 262
### End of the epoch : Validation loss for 70 is 0.09160950034856796
Current loss 0.07341670989990234 Current batch 0/1047 (0.00%)
Current loss 0.1433977633714676 Current batch 100/1047 (9.55%)
Current loss 0.10209010541439056 Current batch 200/1047 (19.10%)
Current loss 0.062037210911512375 Current batch 300/1047 (28.65%)
Current loss 0.10637277364730835 Current batch 400/1047 (38.20%)
Current loss 0.12334656715393066 Current batch 500/1047 (47.76%)
Current loss 0.12496203184127808 Current batch 600/1047 (57.31%)
Current loss 0.08394273370504379 Current batch 700/1047 (66.86%)
Current loss 0.07914797961711884 Current batch 800/1047 (76.41%)
Current loss 0.10166534036397934 Current batch 900/1047 (85.96%)
Current loss 0.12029769271612167 Current batch 1000/1047 (95.51%)
Validation set size: 262
### End of the epoch : Validation loss for 71 is 0.10044342279434204
Current loss 0.0755617618560791 Current batch 0/1047 (0.00%)
Current loss 0.07892698794603348 Current batch 100/1047 (9.55%)
Current loss 0.09012740105390549 Current batch 200/1047 (19.10%)
Current loss 0.07825084775686264 Current batch 300/1047 (28.65%)
Current loss 0.09127582609653473 Current batch 400/1047 (38.20%)
Current loss 0.07535374164581299 Current batch 500/1047 (47.76%)
Current loss 0.08223695307970047 Current batch 600/1047 (57.31%)
Current loss 0.08733740448951721 Current batch 700/1047 (66.86%)
Current loss 0.10522321611642838 Current batch 800/1047 (76.41%)
Current loss 0.11343485862016678 Current batch 900/1047 (85.96%)
Current loss 0.0890122801065445 Current batch 1000/1047 (95.51%)
Validation set size: 262
### End of the epoch : Validation loss for 72 is 0.090752512216568
Current loss 0.08804582059383392 Current batch 0/1047 (0.00%)
Current loss 0.09723308682441711 Current batch 100/1047 (9.55%)
Current loss 0.06528037041425705 Current batch 200/1047 (19.10%)
Current loss 0.08487071096897125 Current batch 300/1047 (28.65%)
Current loss 0.09078060835599899 Current batch 400/1047 (38.20%)
Current loss 0.0901702493429184 Current batch 500/1047 (47.76%)
Current loss 0.11420261859893799 Current batch 600/1047 (57.31%)
Current loss 0.08630970865488052 Current batch 700/1047 (66.86%)
Current loss 0.09366971999406815 Current batch 800/1047 (76.41%)
Current loss 0.08498819172382355 Current batch 900/1047 (85.96%)
Current loss 0.08458977192640305 Current batch 1000/1047 (95.51%)
Validation set size: 262
### End of the epoch : Validation loss for 73 is 0.09214300662279129
Current loss 0.06793709844350815 Current batch 0/1047 (0.00%)
Current loss 0.0876985564827919 Current batch 100/1047 (9.55%)
Current loss 0.07316766679286957 Current batch 200/1047 (19.10%)
Current loss 0.16139739751815796 Current batch 300/1047 (28.65%)
Current loss 0.07357452809810638 Current batch 400/1047 (38.20%)
Current loss 0.12064826488494873 Current batch 500/1047 (47.76%)
Current loss 0.08881546556949615 Current batch 600/1047 (57.31%)
Current loss 0.08443352580070496 Current batch 700/1047 (66.86%)
Current loss 0.07840361446142197 Current batch 800/1047 (76.41%)
Current loss 0.09997116774320602 Current batch 900/1047 (85.96%)
Current loss 0.08231242746114731 Current batch 1000/1047 (95.51%)
Validation set size: 262
### End of the epoch : Validation loss for 74 is 0.09248757362365723
Current loss 0.10834504663944244 Current batch 0/1047 (0.00%)
Current loss 0.0927998423576355 Current batch 100/1047 (9.55%)
Current loss 0.07402335107326508 Current batch 200/1047 (19.10%)
Current loss 0.09708467125892639 Current batch 300/1047 (28.65%)
Current loss 0.08322300016880035 Current batch 400/1047 (38.20%)
Current loss 0.10351242125034332 Current batch 500/1047 (47.76%)
Current loss 0.0822889432311058 Current batch 600/1047 (57.31%)
Current loss 0.07494805008172989 Current batch 700/1047 (66.86%)
Current loss 0.07989363372325897 Current batch 800/1047 (76.41%)
Current loss 0.09877067059278488 Current batch 900/1047 (85.96%)
Current loss 0.108399398624897 Current batch 1000/1047 (95.51%)
Validation set size: 262
### End of the epoch : Validation loss for 75 is 0.08954369276762009
Current loss 0.06539526581764221 Current batch 0/1047 (0.00%)
Current loss 0.060518406331539154 Current batch 100/1047 (9.55%)
Current loss 0.09961562603712082 Current batch 200/1047 (19.10%)
Current loss 0.10067938268184662 Current batch 300/1047 (28.65%)
Current loss 0.11376020312309265 Current batch 400/1047 (38.20%)
Current loss 0.09313593059778214 Current batch 500/1047 (47.76%)
Current loss 0.08712884783744812 Current batch 600/1047 (57.31%)
Current loss 0.07712219655513763 Current batch 700/1047 (66.86%)
Current loss 0.07238266617059708 Current batch 800/1047 (76.41%)
Current loss 0.13611193001270294 Current batch 900/1047 (85.96%)
Current loss 0.07922618836164474 Current batch 1000/1047 (95.51%)
Validation set size: 262
### End of the epoch : Validation loss for 76 is 0.08966176211833954
Current loss 0.09056980162858963 Current batch 0/1047 (0.00%)
Current loss 0.08893600851297379 Current batch 100/1047 (9.55%)
Current loss 0.10505834966897964 Current batch 200/1047 (19.10%)
Current loss 0.08389309048652649 Current batch 300/1047 (28.65%)
Current loss 0.08617448806762695 Current batch 400/1047 (38.20%)
Current loss 0.0699777752161026 Current batch 500/1047 (47.76%)
Current loss 0.07863551378250122 Current batch 600/1047 (57.31%)
Current loss 0.10778236389160156 Current batch 700/1047 (66.86%)
Current loss 0.08894269913434982 Current batch 800/1047 (76.41%)
Current loss 0.07235918194055557 Current batch 900/1047 (85.96%)
Current loss 0.08886279910802841 Current batch 1000/1047 (95.51%)
Validation set size: 262
### End of the epoch : Validation loss for 77 is 0.09037638455629349
Current loss 0.07689168304204941 Current batch 0/1047 (0.00%)
Current loss 0.07171372324228287 Current batch 100/1047 (9.55%)
Current loss 0.06784271448850632 Current batch 200/1047 (19.10%)
Current loss 0.10338392108678818 Current batch 300/1047 (28.65%)
Current loss 0.15331774950027466 Current batch 400/1047 (38.20%)
Current loss 0.10321751981973648 Current batch 500/1047 (47.76%)
Current loss 0.1341407299041748 Current batch 600/1047 (57.31%)
Current loss 0.0791323259472847 Current batch 700/1047 (66.86%)
Current loss 0.08785808086395264 Current batch 800/1047 (76.41%)
Current loss 0.07466984540224075 Current batch 900/1047 (85.96%)
Current loss 0.11368583142757416 Current batch 1000/1047 (95.51%)
Validation set size: 262
### End of the epoch : Validation loss for 78 is 0.09124413877725601
Current loss 0.10703925788402557 Current batch 0/1047 (0.00%)
Current loss 0.07558239996433258 Current batch 100/1047 (9.55%)
Current loss 0.11601071059703827 Current batch 200/1047 (19.10%)
Current loss 0.08955197781324387 Current batch 300/1047 (28.65%)
Current loss 0.07195983827114105 Current batch 400/1047 (38.20%)
Current loss 0.07154202461242676 Current batch 500/1047 (47.76%)
Current loss 0.06907212734222412 Current batch 600/1047 (57.31%)
Current loss 0.09350699186325073 Current batch 700/1047 (66.86%)
Current loss 0.09097215533256531 Current batch 800/1047 (76.41%)
Current loss 0.12849198281764984 Current batch 900/1047 (85.96%)
Current loss 0.0880020335316658 Current batch 1000/1047 (95.51%)
Validation set size: 262
### End of the epoch : Validation loss for 79 is 0.09041274338960648
Current loss 0.09396705776453018 Current batch 0/1047 (0.00%)
Current loss 0.09001767635345459 Current batch 100/1047 (9.55%)
Current loss 0.09575155377388 Current batch 200/1047 (19.10%)
Current loss 0.0838477611541748 Current batch 300/1047 (28.65%)
Current loss 0.09040956199169159 Current batch 400/1047 (38.20%)
Current loss 0.09049931913614273 Current batch 500/1047 (47.76%)
Current loss 0.06351815909147263 Current batch 600/1047 (57.31%)
Current loss 0.0952240452170372 Current batch 700/1047 (66.86%)
Current loss 0.06767989695072174 Current batch 800/1047 (76.41%)
Current loss 0.07653964310884476 Current batch 900/1047 (85.96%)
Current loss 0.062443025410175323 Current batch 1000/1047 (95.51%)
Validation set size: 262
### End of the epoch : Validation loss for 80 is 0.08948653191328049
Current loss 0.10812856256961823 Current batch 0/1047 (0.00%)
Current loss 0.09572885930538177 Current batch 100/1047 (9.55%)
Current loss 0.09523168206214905 Current batch 200/1047 (19.10%)
Current loss 0.106857068836689 Current batch 300/1047 (28.65%)
Current loss 0.06175276264548302 Current batch 400/1047 (38.20%)
Current loss 0.11215253919363022 Current batch 500/1047 (47.76%)
Current loss 0.07744517922401428 Current batch 600/1047 (57.31%)
Current loss 0.06837733089923859 Current batch 700/1047 (66.86%)
Current loss 0.1019623726606369 Current batch 800/1047 (76.41%)
Current loss 0.0877033993601799 Current batch 900/1047 (85.96%)
Current loss 0.07202689349651337 Current batch 1000/1047 (95.51%)
Validation set size: 262
### End of the epoch : Validation loss for 81 is 0.08939678966999054
Current loss 0.0924798920750618 Current batch 0/1047 (0.00%)
Current loss 0.07999406009912491 Current batch 100/1047 (9.55%)
Current loss 0.09215058386325836 Current batch 200/1047 (19.10%)
Current loss 0.06795677542686462 Current batch 300/1047 (28.65%)
Current loss 0.073907271027565 Current batch 400/1047 (38.20%)
Current loss 0.08355825394392014 Current batch 500/1047 (47.76%)
Current loss 0.07344698905944824 Current batch 600/1047 (57.31%)
Current loss 0.1119871661067009 Current batch 700/1047 (66.86%)
Current loss 0.08015405386686325 Current batch 800/1047 (76.41%)
Current loss 0.08851728588342667 Current batch 900/1047 (85.96%)
Current loss 0.08765702694654465 Current batch 1000/1047 (95.51%)
Validation set size: 262
### End of the epoch : Validation loss for 82 is 0.0936342105269432
Current loss 0.07743389904499054 Current batch 0/1047 (0.00%)
Current loss 0.0747123584151268 Current batch 100/1047 (9.55%)
Current loss 0.08586283773183823 Current batch 200/1047 (19.10%)
Current loss 0.07261805981397629 Current batch 300/1047 (28.65%)
Current loss 0.09753748774528503 Current batch 400/1047 (38.20%)
Current loss 0.08042363822460175 Current batch 500/1047 (47.76%)
Current loss 0.07735586911439896 Current batch 600/1047 (57.31%)
Current loss 0.1105799451470375 Current batch 700/1047 (66.86%)
Current loss 0.08343302458524704 Current batch 800/1047 (76.41%)
Current loss 0.09208900481462479 Current batch 900/1047 (85.96%)
Current loss 0.10112030804157257 Current batch 1000/1047 (95.51%)
Validation set size: 262
### End of the epoch : Validation loss for 83 is 0.09017577022314072
Current loss 0.09797096252441406 Current batch 0/1047 (0.00%)
Current loss 0.07840058207511902 Current batch 100/1047 (9.55%)
Current loss 0.12096253782510757 Current batch 200/1047 (19.10%)
Current loss 0.08709035813808441 Current batch 300/1047 (28.65%)
Current loss 0.10436957329511642 Current batch 400/1047 (38.20%)
Current loss 0.0650336742401123 Current batch 500/1047 (47.76%)
Current loss 0.08833838999271393 Current batch 600/1047 (57.31%)
Current loss 0.06805037707090378 Current batch 700/1047 (66.86%)
Current loss 0.10776620358228683 Current batch 800/1047 (76.41%)
Current loss 0.08687707036733627 Current batch 900/1047 (85.96%)
Current loss 0.15839684009552002 Current batch 1000/1047 (95.51%)
Validation set size: 262
### End of the epoch : Validation loss for 84 is 0.0939970463514328
Current loss 0.08836959302425385 Current batch 0/1047 (0.00%)
Current loss 0.10937463492155075 Current batch 100/1047 (9.55%)
Current loss 0.10657159239053726 Current batch 200/1047 (19.10%)
Current loss 0.07786338031291962 Current batch 300/1047 (28.65%)
Current loss 0.08220560848712921 Current batch 400/1047 (38.20%)
Current loss 0.08096862584352493 Current batch 500/1047 (47.76%)
Current loss 0.09295746684074402 Current batch 600/1047 (57.31%)
Current loss 0.08214660733938217 Current batch 700/1047 (66.86%)
Current loss 0.09991668164730072 Current batch 800/1047 (76.41%)
Current loss 0.13110581040382385 Current batch 900/1047 (85.96%)
Current loss 0.08087018132209778 Current batch 1000/1047 (95.51%)
Validation set size: 262
### End of the epoch : Validation loss for 85 is 0.0891626700758934
Current loss 0.07322648167610168 Current batch 0/1047 (0.00%)
Current loss 0.07695136219263077 Current batch 100/1047 (9.55%)
Current loss 0.08283540606498718 Current batch 200/1047 (19.10%)
Current loss 0.0698947161436081 Current batch 300/1047 (28.65%)
Current loss 0.07060714066028595 Current batch 400/1047 (38.20%)
Current loss 0.07596639543771744 Current batch 500/1047 (47.76%)
Current loss 0.09947928041219711 Current batch 600/1047 (57.31%)
Current loss 0.11614871770143509 Current batch 700/1047 (66.86%)
Current loss 0.05993766710162163 Current batch 800/1047 (76.41%)
Current loss 0.0617704838514328 Current batch 900/1047 (85.96%)
Current loss 0.072346992790699 Current batch 1000/1047 (95.51%)
Validation set size: 262
### End of the epoch : Validation loss for 86 is 0.08886752277612686
Current loss 0.11148350685834885 Current batch 0/1047 (0.00%)
Current loss 0.08472369611263275 Current batch 100/1047 (9.55%)
Current loss 0.08372745662927628 Current batch 200/1047 (19.10%)
Current loss 0.07903052866458893 Current batch 300/1047 (28.65%)
Current loss 0.07665197551250458 Current batch 400/1047 (38.20%)
Current loss 0.10519004613161087 Current batch 500/1047 (47.76%)
Current loss 0.07961057126522064 Current batch 600/1047 (57.31%)
Current loss 0.06745543330907822 Current batch 700/1047 (66.86%)
Current loss 0.0879279300570488 Current batch 800/1047 (76.41%)
Current loss 0.10533545166254044 Current batch 900/1047 (85.96%)
Current loss 0.1046069785952568 Current batch 1000/1047 (95.51%)
Validation set size: 262
### End of the epoch : Validation loss for 87 is 0.08880174160003662
Current loss 0.07344116270542145 Current batch 0/1047 (0.00%)
Current loss 0.10179121047258377 Current batch 100/1047 (9.55%)
Current loss 0.11655481159687042 Current batch 200/1047 (19.10%)
Current loss 0.10566195100545883 Current batch 300/1047 (28.65%)
Current loss 0.08126532286405563 Current batch 400/1047 (38.20%)
Current loss 0.07561251521110535 Current batch 500/1047 (47.76%)
Current loss 0.08923707902431488 Current batch 600/1047 (57.31%)
Current loss 0.17012052237987518 Current batch 700/1047 (66.86%)
Current loss 0.0866839736700058 Current batch 800/1047 (76.41%)
Current loss 0.09141675382852554 Current batch 900/1047 (85.96%)
Current loss 0.0866142138838768 Current batch 1000/1047 (95.51%)
Validation set size: 262
### End of the epoch : Validation loss for 88 is 0.09193246066570282
Current loss 0.10424815863370895 Current batch 0/1047 (0.00%)
Current loss 0.09109660983085632 Current batch 100/1047 (9.55%)
Current loss 0.06569451093673706 Current batch 200/1047 (19.10%)
Current loss 0.08349697291851044 Current batch 300/1047 (28.65%)
Current loss 0.09655211120843887 Current batch 400/1047 (38.20%)
Current loss 0.1289956420660019 Current batch 500/1047 (47.76%)
Current loss 0.08403687924146652 Current batch 600/1047 (57.31%)
Current loss 0.08014314621686935 Current batch 700/1047 (66.86%)
Current loss 0.07380354404449463 Current batch 800/1047 (76.41%)
Current loss 0.08111041784286499 Current batch 900/1047 (85.96%)
Current loss 0.07729712873697281 Current batch 1000/1047 (95.51%)
Validation set size: 262
### End of the epoch : Validation loss for 89 is 0.0902213379740715
Current loss 0.10076623409986496 Current batch 0/1047 (0.00%)
Current loss 0.07743324339389801 Current batch 100/1047 (9.55%)
Current loss 0.09274724870920181 Current batch 200/1047 (19.10%)
Current loss 0.0819411426782608 Current batch 300/1047 (28.65%)
Current loss 0.07291796803474426 Current batch 400/1047 (38.20%)
Current loss 0.08265738934278488 Current batch 500/1047 (47.76%)
Current loss 0.08623950928449631 Current batch 600/1047 (57.31%)
Current loss 0.0760861486196518 Current batch 700/1047 (66.86%)
Current loss 0.05411110445857048 Current batch 800/1047 (76.41%)
Current loss 0.09135173261165619 Current batch 900/1047 (85.96%)
Current loss 0.12260736525058746 Current batch 1000/1047 (95.51%)
Validation set size: 262
### End of the epoch : Validation loss for 90 is 0.09337426722049713
Current loss 0.0912022590637207 Current batch 0/1047 (0.00%)
Current loss 0.11068829894065857 Current batch 100/1047 (9.55%)
Current loss 0.07085537165403366 Current batch 200/1047 (19.10%)
Current loss 0.08004172891378403 Current batch 300/1047 (28.65%)
Current loss 0.11621732264757156 Current batch 400/1047 (38.20%)
Current loss 0.08778552711009979 Current batch 500/1047 (47.76%)
Current loss 0.11702515929937363 Current batch 600/1047 (57.31%)
Current loss 0.1196812242269516 Current batch 700/1047 (66.86%)
Current loss 0.06951384246349335 Current batch 800/1047 (76.41%)
Current loss 0.10503487288951874 Current batch 900/1047 (85.96%)
Current loss 0.08286211639642715 Current batch 1000/1047 (95.51%)
Validation set size: 262
### End of the epoch : Validation loss for 91 is 0.08962719887495041
Current loss 0.06814398616552353 Current batch 0/1047 (0.00%)
Current loss 0.0558650940656662 Current batch 100/1047 (9.55%)
Current loss 0.07254501432180405 Current batch 200/1047 (19.10%)
Current loss 0.13106068968772888 Current batch 300/1047 (28.65%)
Current loss 0.11048965156078339 Current batch 400/1047 (38.20%)
Current loss 0.0869160071015358 Current batch 500/1047 (47.76%)
Current loss 0.08501924574375153 Current batch 600/1047 (57.31%)
Current loss 0.07451143115758896 Current batch 700/1047 (66.86%)
Current loss 0.0988401398062706 Current batch 800/1047 (76.41%)
Current loss 0.0906919613480568 Current batch 900/1047 (85.96%)
Current loss 0.09378369897603989 Current batch 1000/1047 (95.51%)
Validation set size: 262
### End of the epoch : Validation loss for 92 is 0.08971674740314484
Current loss 0.09987197816371918 Current batch 0/1047 (0.00%)
Current loss 0.09707587212324142 Current batch 100/1047 (9.55%)
Current loss 0.09854040294885635 Current batch 200/1047 (19.10%)
Current loss 0.11784587800502777 Current batch 300/1047 (28.65%)
Current loss 0.09746205806732178 Current batch 400/1047 (38.20%)
Current loss 0.07307320088148117 Current batch 500/1047 (47.76%)
Current loss 0.08158901333808899 Current batch 600/1047 (57.31%)
Current loss 0.07965300977230072 Current batch 700/1047 (66.86%)
Current loss 0.09649437665939331 Current batch 800/1047 (76.41%)
Current loss 0.0887916162610054 Current batch 900/1047 (85.96%)
Current loss 0.08244846761226654 Current batch 1000/1047 (95.51%)
Validation set size: 262
### End of the epoch : Validation loss for 93 is 0.08867158740758896
Current loss 0.06502795219421387 Current batch 0/1047 (0.00%)
Current loss 0.0934436172246933 Current batch 100/1047 (9.55%)
Current loss 0.0970749631524086 Current batch 200/1047 (19.10%)
Current loss 0.0879603773355484 Current batch 300/1047 (28.65%)
Current loss 0.10248005390167236 Current batch 400/1047 (38.20%)
Current loss 0.07464729994535446 Current batch 500/1047 (47.76%)
Current loss 0.13165821135044098 Current batch 600/1047 (57.31%)
Current loss 0.10066769272089005 Current batch 700/1047 (66.86%)
Current loss 0.07735072821378708 Current batch 800/1047 (76.41%)
Current loss 0.09993220865726471 Current batch 900/1047 (85.96%)
Current loss 0.09172246605157852 Current batch 1000/1047 (95.51%)
Validation set size: 262
### End of the epoch : Validation loss for 94 is 0.08859708905220032
Current loss 0.06677475571632385 Current batch 0/1047 (0.00%)
Current loss 0.1036154180765152 Current batch 100/1047 (9.55%)
Current loss 0.06393139064311981 Current batch 200/1047 (19.10%)
Current loss 0.07441698759794235 Current batch 300/1047 (28.65%)
Current loss 0.10595299303531647 Current batch 400/1047 (38.20%)
Current loss 0.06820555031299591 Current batch 500/1047 (47.76%)
Current loss 0.07562113553285599 Current batch 600/1047 (57.31%)
Current loss 0.09837695956230164 Current batch 700/1047 (66.86%)
Current loss 0.08576110750436783 Current batch 800/1047 (76.41%)
Current loss 0.07936263084411621 Current batch 900/1047 (85.96%)
Current loss 0.07889612019062042 Current batch 1000/1047 (95.51%)
Validation set size: 262
### End of the epoch : Validation loss for 95 is 0.09257291257381439
Current loss 0.073792964220047 Current batch 0/1047 (0.00%)
Current loss 0.0689752921462059 Current batch 100/1047 (9.55%)
Current loss 0.09135255962610245 Current batch 200/1047 (19.10%)
Current loss 0.07823039591312408 Current batch 300/1047 (28.65%)
Current loss 0.09123863279819489 Current batch 400/1047 (38.20%)
Current loss 0.09155210107564926 Current batch 500/1047 (47.76%)
Current loss 0.0758693516254425 Current batch 600/1047 (57.31%)
Current loss 0.09511655569076538 Current batch 700/1047 (66.86%)
Current loss 0.061697397381067276 Current batch 800/1047 (76.41%)
Current loss 0.096622996032238 Current batch 900/1047 (85.96%)
Current loss 0.11657821387052536 Current batch 1000/1047 (95.51%)
Validation set size: 262
### End of the epoch : Validation loss for 96 is 0.08819083124399185
Current loss 0.08950773626565933 Current batch 0/1047 (0.00%)
Current loss 0.08240222930908203 Current batch 100/1047 (9.55%)
Current loss 0.10629149526357651 Current batch 200/1047 (19.10%)
Current loss 0.0895548164844513 Current batch 300/1047 (28.65%)
Current loss 0.09773153811693192 Current batch 400/1047 (38.20%)
Current loss 0.07214777916669846 Current batch 500/1047 (47.76%)
Current loss 0.08191507309675217 Current batch 600/1047 (57.31%)
Current loss 0.08493600785732269 Current batch 700/1047 (66.86%)
Current loss 0.167486771941185 Current batch 800/1047 (76.41%)
Current loss 0.07136346399784088 Current batch 900/1047 (85.96%)
Current loss 0.08149978518486023 Current batch 1000/1047 (95.51%)
Validation set size: 262
### End of the epoch : Validation loss for 97 is 0.0883869007229805
Current loss 0.07099220156669617 Current batch 0/1047 (0.00%)
Current loss 0.07202167063951492 Current batch 100/1047 (9.55%)
Current loss 0.10492070764303207 Current batch 200/1047 (19.10%)
Current loss 0.07282236963510513 Current batch 300/1047 (28.65%)
Current loss 0.0540795773267746 Current batch 400/1047 (38.20%)
Current loss 0.11214073747396469 Current batch 500/1047 (47.76%)
Current loss 0.09692830592393875 Current batch 600/1047 (57.31%)
Current loss 0.10028724372386932 Current batch 700/1047 (66.86%)
Current loss 0.06795305758714676 Current batch 800/1047 (76.41%)
Current loss 0.06748251616954803 Current batch 900/1047 (85.96%)
Current loss 0.08422170579433441 Current batch 1000/1047 (95.51%)
Validation set size: 262
### End of the epoch : Validation loss for 98 is 0.09113562852144241
Current loss 0.07111116498708725 Current batch 0/1047 (0.00%)
Current loss 0.1262170374393463 Current batch 100/1047 (9.55%)
Current loss 0.10723817348480225 Current batch 200/1047 (19.10%)
Current loss 0.1088724285364151 Current batch 300/1047 (28.65%)
Current loss 0.05918643996119499 Current batch 400/1047 (38.20%)
Current loss 0.06684678792953491 Current batch 500/1047 (47.76%)
Current loss 0.1311127096414566 Current batch 600/1047 (57.31%)
Current loss 0.05742672458291054 Current batch 700/1047 (66.86%)
Current loss 0.07310957461595535 Current batch 800/1047 (76.41%)
Current loss 0.0909847691655159 Current batch 900/1047 (85.96%)
Current loss 0.08814805001020432 Current batch 1000/1047 (95.51%)
Validation set size: 262
### End of the epoch : Validation loss for 99 is 0.08770541101694107
Average test MAE loss: 0.2241831949726103
