cuda will be used for training the PaiNN model
Current loss 0.7784590125083923 Current batch 0/1047 (0.00%)
Current loss 0.004879971966147423 Current batch 100/1047 (9.55%)
Current loss 0.001739360042847693 Current batch 200/1047 (19.10%)
Current loss 0.0009693854954093695 Current batch 300/1047 (28.65%)
Current loss 0.0006595095619559288 Current batch 400/1047 (38.20%)
Current loss 0.0006406353204511106 Current batch 500/1047 (47.76%)
Current loss 0.0007910202257335186 Current batch 600/1047 (57.31%)
Current loss 0.0007100659422576427 Current batch 700/1047 (66.86%)
Current loss 0.0007470381096936762 Current batch 800/1047 (76.41%)
Current loss 0.0006081881001591682 Current batch 900/1047 (85.96%)
Current loss 0.0005918495007790625 Current batch 1000/1047 (95.51%)
Validation set size: 262
### End of the epoch : Validation loss for 0 is 0.0005379196954891086
Current loss 0.0005301200435496867 Current batch 0/1047 (0.00%)
Current loss 0.0005613304674625397 Current batch 100/1047 (9.55%)
Current loss 0.00038631120696663857 Current batch 200/1047 (19.10%)
Current loss 0.0005309790722094476 Current batch 300/1047 (28.65%)
Current loss 0.0004672652285080403 Current batch 400/1047 (38.20%)
Current loss 0.0005780118517577648 Current batch 500/1047 (47.76%)
Current loss 0.0006673966418020427 Current batch 600/1047 (57.31%)
Current loss 0.0009001147700473666 Current batch 700/1047 (66.86%)
Current loss 0.0005557590047828853 Current batch 800/1047 (76.41%)
Current loss 0.0005657303845509887 Current batch 900/1047 (85.96%)
Current loss 0.0006639154744334519 Current batch 1000/1047 (95.51%)
Validation set size: 262
### End of the epoch : Validation loss for 1 is 0.0006397970137186348
Current loss 0.0006921035819686949 Current batch 0/1047 (0.00%)
Current loss 0.0006337848026305437 Current batch 100/1047 (9.55%)
Current loss 0.0004729192878585309 Current batch 200/1047 (19.10%)
Current loss 0.0006294026970863342 Current batch 300/1047 (28.65%)
Current loss 0.0005672512925229967 Current batch 400/1047 (38.20%)
Current loss 0.0006554445717483759 Current batch 500/1047 (47.76%)
Current loss 0.0008866608841344714 Current batch 600/1047 (57.31%)
Current loss 0.0008621695451438427 Current batch 700/1047 (66.86%)
Current loss 0.0008539632544852793 Current batch 800/1047 (76.41%)
Current loss 0.0013222674606367946 Current batch 900/1047 (85.96%)
Current loss 0.0011098977411165833 Current batch 1000/1047 (95.51%)
Validation set size: 262
### End of the epoch : Validation loss for 2 is 0.0008996381657198071
Current loss 0.0009505392517894506 Current batch 0/1047 (0.00%)
Current loss 0.0009428700432181358 Current batch 100/1047 (9.55%)
Current loss 0.0008293463033623993 Current batch 200/1047 (19.10%)
Current loss 0.0010039451299235225 Current batch 300/1047 (28.65%)
Current loss 0.001137500279583037 Current batch 400/1047 (38.20%)
Current loss 0.001680444460362196 Current batch 500/1047 (47.76%)
Current loss 0.0008801200892776251 Current batch 600/1047 (57.31%)
Current loss 0.0010305929463356733 Current batch 700/1047 (66.86%)
Current loss 0.0011286253575235605 Current batch 800/1047 (76.41%)
Current loss 0.0011869348818436265 Current batch 900/1047 (85.96%)
Current loss 0.001069194171577692 Current batch 1000/1047 (95.51%)
Validation set size: 262
### End of the epoch : Validation loss for 3 is 0.0009893947280943394
Current loss 0.0007542758248746395 Current batch 0/1047 (0.00%)
Current loss 0.0009441141737625003 Current batch 100/1047 (9.55%)
Current loss 0.0009289246518164873 Current batch 200/1047 (19.10%)
Current loss 0.0014661193126812577 Current batch 300/1047 (28.65%)
Current loss 0.0008159067947417498 Current batch 400/1047 (38.20%)
Current loss 0.0011546009918674827 Current batch 500/1047 (47.76%)
Current loss 0.0010658098617568612 Current batch 600/1047 (57.31%)
Current loss 0.0011953638168051839 Current batch 700/1047 (66.86%)
Current loss 0.001394747057929635 Current batch 800/1047 (76.41%)
Current loss 0.0012837712420150638 Current batch 900/1047 (85.96%)
Current loss 0.0009897109121084213 Current batch 1000/1047 (95.51%)
Validation set size: 262
### End of the epoch : Validation loss for 4 is 0.001365075120702386
Current loss 0.001645223586820066 Current batch 0/1047 (0.00%)
Current loss 0.00156065309420228 Current batch 100/1047 (9.55%)
Current loss 0.0009195859311148524 Current batch 200/1047 (19.10%)
Current loss 0.0011327490210533142 Current batch 300/1047 (28.65%)
Current loss 0.0009474885882809758 Current batch 400/1047 (38.20%)
Current loss 0.0011338877957314253 Current batch 500/1047 (47.76%)
Current loss 0.0010213353671133518 Current batch 600/1047 (57.31%)
Current loss 0.0007950962753966451 Current batch 700/1047 (66.86%)
Current loss 0.0009997222805395722 Current batch 800/1047 (76.41%)
Current loss 0.0009161889902316034 Current batch 900/1047 (85.96%)
Current loss 0.0010232398053631186 Current batch 1000/1047 (95.51%)
Validation set size: 262
### End of the epoch : Validation loss for 5 is 0.0012192281428724527
Current loss 0.0011445251293480396 Current batch 0/1047 (0.00%)
Current loss 0.0008551400969736278 Current batch 100/1047 (9.55%)
Current loss 0.001127357129007578 Current batch 200/1047 (19.10%)
Current loss 0.0010828356025740504 Current batch 300/1047 (28.65%)
Current loss 0.0009114334243349731 Current batch 400/1047 (38.20%)
Current loss 0.0010054780868813396 Current batch 500/1047 (47.76%)
Current loss 0.0008215175475925207 Current batch 600/1047 (57.31%)
Current loss 0.000997497234493494 Current batch 700/1047 (66.86%)
Current loss 0.0009991246042773128 Current batch 800/1047 (76.41%)
Current loss 0.0008898039232008159 Current batch 900/1047 (85.96%)
Current loss 0.0007873701979406178 Current batch 1000/1047 (95.51%)
Validation set size: 262
### End of the epoch : Validation loss for 6 is 0.0008696321747265756
Current loss 0.0010684685548767447 Current batch 0/1047 (0.00%)
Current loss 0.00098322588019073 Current batch 100/1047 (9.55%)
Current loss 0.0007607665611431003 Current batch 200/1047 (19.10%)
Current loss 0.0009515255223959684 Current batch 300/1047 (28.65%)
Current loss 0.0010098018683493137 Current batch 400/1047 (38.20%)
Current loss 0.0011817115591838956 Current batch 500/1047 (47.76%)
Current loss 0.0010985300177708268 Current batch 600/1047 (57.31%)
Current loss 0.0007013595895841718 Current batch 700/1047 (66.86%)
Current loss 0.0006923346081748605 Current batch 800/1047 (76.41%)
Current loss 0.000730331230442971 Current batch 900/1047 (85.96%)
Current loss 0.000762204232160002 Current batch 1000/1047 (95.51%)
Validation set size: 262
### End of the epoch : Validation loss for 7 is 0.0009664340177550912
Current loss 0.0008837549248710275 Current batch 0/1047 (0.00%)
Current loss 0.0009582209168002009 Current batch 100/1047 (9.55%)
Current loss 0.0006980830803513527 Current batch 200/1047 (19.10%)
Current loss 0.00100562849547714 Current batch 300/1047 (28.65%)
Current loss 0.0008541421266272664 Current batch 400/1047 (38.20%)
Current loss 0.0006727066356688738 Current batch 500/1047 (47.76%)
Current loss 0.0005849130102433264 Current batch 600/1047 (57.31%)
Current loss 0.001329640974290669 Current batch 700/1047 (66.86%)
Current loss 0.0010525393299758434 Current batch 800/1047 (76.41%)
Current loss 0.0008528211619704962 Current batch 900/1047 (85.96%)
Current loss 0.0011488045565783978 Current batch 1000/1047 (95.51%)
Validation set size: 262
### End of the epoch : Validation loss for 8 is 0.00089742784621194
Current loss 0.0006382337887771428 Current batch 0/1047 (0.00%)
Current loss 0.0005988152115605772 Current batch 100/1047 (9.55%)
Current loss 0.0008919077808968723 Current batch 200/1047 (19.10%)
Current loss 0.0006136870360933244 Current batch 300/1047 (28.65%)
Current loss 0.0010807696962729096 Current batch 400/1047 (38.20%)
Current loss 0.0011910020839422941 Current batch 500/1047 (47.76%)
Current loss 0.0009623874793760478 Current batch 600/1047 (57.31%)
Current loss 0.0009689408470876515 Current batch 700/1047 (66.86%)
Current loss 0.0005374259199015796 Current batch 800/1047 (76.41%)
Current loss 0.0008791296859271824 Current batch 900/1047 (85.96%)
Current loss 0.000758476962801069 Current batch 1000/1047 (95.51%)
Validation set size: 262
### End of the epoch : Validation loss for 9 is 0.000982046709395945
Current loss 0.0017358051845803857 Current batch 0/1047 (0.00%)
Current loss 0.0009629724663682282 Current batch 100/1047 (9.55%)
Current loss 0.0009456839179620147 Current batch 200/1047 (19.10%)
Current loss 0.0010323518654331565 Current batch 300/1047 (28.65%)
Current loss 0.0009272845345549285 Current batch 400/1047 (38.20%)
Current loss 0.0007301100995391607 Current batch 500/1047 (47.76%)
Current loss 0.0008397861965931952 Current batch 600/1047 (57.31%)
Current loss 0.0010387125657871366 Current batch 700/1047 (66.86%)
Current loss 0.0009379304246976972 Current batch 800/1047 (76.41%)
Current loss 0.0009048026404343545 Current batch 900/1047 (85.96%)
Current loss 0.0012988566886633635 Current batch 1000/1047 (95.51%)
Validation set size: 262
### End of the epoch : Validation loss for 10 is 0.0009779828833416104
Current loss 0.0006275433115661144 Current batch 0/1047 (0.00%)
Current loss 0.000841836619656533 Current batch 100/1047 (9.55%)
Current loss 0.0012391756754368544 Current batch 200/1047 (19.10%)
Current loss 0.0008555467939004302 Current batch 300/1047 (28.65%)
Current loss 0.0007575526833534241 Current batch 400/1047 (38.20%)
Current loss 0.0010894292499870062 Current batch 500/1047 (47.76%)
Current loss 0.0006755876238457859 Current batch 600/1047 (57.31%)
Current loss 0.0008843336254358292 Current batch 700/1047 (66.86%)
Current loss 0.0011013061739504337 Current batch 800/1047 (76.41%)
Current loss 0.0008903779089450836 Current batch 900/1047 (85.96%)
Current loss 0.0006191544234752655 Current batch 1000/1047 (95.51%)
Validation set size: 262
### End of the epoch : Validation loss for 11 is 0.0010112260933965445
Current loss 0.0010716888355091214 Current batch 0/1047 (0.00%)
Current loss 0.0007003999198786914 Current batch 100/1047 (9.55%)
Current loss 0.001213214942254126 Current batch 200/1047 (19.10%)
Current loss 0.0014782798243686557 Current batch 300/1047 (28.65%)
Current loss 0.0013234048383310437 Current batch 400/1047 (38.20%)
Current loss 0.0014303597854450345 Current batch 500/1047 (47.76%)
Current loss 0.0007863179198466241 Current batch 600/1047 (57.31%)
Current loss 0.0008141503785736859 Current batch 700/1047 (66.86%)
Current loss 0.0008559233974665403 Current batch 800/1047 (76.41%)
Current loss 0.0010554093169048429 Current batch 900/1047 (85.96%)
Current loss 0.001105158356949687 Current batch 1000/1047 (95.51%)
Validation set size: 262
### End of the epoch : Validation loss for 12 is 0.0010230850894004107
Current loss 0.0007573545444756746 Current batch 0/1047 (0.00%)
Current loss 0.0008827766869217157 Current batch 100/1047 (9.55%)
Current loss 0.0006757765077054501 Current batch 200/1047 (19.10%)
Current loss 0.001611666171811521 Current batch 300/1047 (28.65%)
Current loss 0.0011467039585113525 Current batch 400/1047 (38.20%)
Current loss 0.0009708388824947178 Current batch 500/1047 (47.76%)
Current loss 0.0010518343187868595 Current batch 600/1047 (57.31%)
Current loss 0.0009627874824218452 Current batch 700/1047 (66.86%)
Current loss 0.0007889738772064447 Current batch 800/1047 (76.41%)
Current loss 0.0007636423106305301 Current batch 900/1047 (85.96%)
Current loss 0.0014279428869485855 Current batch 1000/1047 (95.51%)
Validation set size: 262
### End of the epoch : Validation loss for 13 is 0.0010282271541655064
Current loss 0.0010674474760890007 Current batch 0/1047 (0.00%)
Current loss 0.0008357430342584848 Current batch 100/1047 (9.55%)
Current loss 0.001048541977070272 Current batch 200/1047 (19.10%)
Current loss 0.0009692638413980603 Current batch 300/1047 (28.65%)
Current loss 0.001184572814963758 Current batch 400/1047 (38.20%)
Current loss 0.0009499731240794063 Current batch 500/1047 (47.76%)
Current loss 0.0010369656374678016 Current batch 600/1047 (57.31%)
Current loss 0.0013367937644943595 Current batch 700/1047 (66.86%)
Current loss 0.000835481274407357 Current batch 800/1047 (76.41%)
Current loss 0.001135249505750835 Current batch 900/1047 (85.96%)
Current loss 0.0009196942555718124 Current batch 1000/1047 (95.51%)
Validation set size: 262
### End of the epoch : Validation loss for 14 is 0.0010538705391809344
Current loss 0.0009737639920786023 Current batch 0/1047 (0.00%)
Current loss 0.0006997445016168058 Current batch 100/1047 (9.55%)
Current loss 0.0012387862661853433 Current batch 200/1047 (19.10%)
Current loss 0.0008312475983984768 Current batch 300/1047 (28.65%)
Current loss 0.0010827132500708103 Current batch 400/1047 (38.20%)
Current loss 0.0008333685691468418 Current batch 500/1047 (47.76%)
Current loss 0.0009705799748189747 Current batch 600/1047 (57.31%)
Current loss 0.0009220379288308322 Current batch 700/1047 (66.86%)
Current loss 0.0015080025186762214 Current batch 800/1047 (76.41%)
Current loss 0.0015592549461871386 Current batch 900/1047 (85.96%)
Current loss 0.0009470607037656009 Current batch 1000/1047 (95.51%)
Validation set size: 262
### End of the epoch : Validation loss for 15 is 0.0010524222161620855
Current loss 0.0008738155593164265 Current batch 0/1047 (0.00%)
Current loss 0.0011063796700909734 Current batch 100/1047 (9.55%)
Current loss 0.0006780183175578713 Current batch 200/1047 (19.10%)
Current loss 0.0007685564924031496 Current batch 300/1047 (28.65%)
Current loss 0.0008108153706416488 Current batch 400/1047 (38.20%)
Current loss 0.0008752546273171902 Current batch 500/1047 (47.76%)
Current loss 0.0011006201384589076 Current batch 600/1047 (57.31%)
Current loss 0.0013925103703513741 Current batch 700/1047 (66.86%)
Current loss 0.001179936109110713 Current batch 800/1047 (76.41%)
Current loss 0.0008105207816697657 Current batch 900/1047 (85.96%)
Current loss 0.0012593845603987575 Current batch 1000/1047 (95.51%)
Validation set size: 262
### End of the epoch : Validation loss for 16 is 0.0010708392364904284
Current loss 0.0007589629385620356 Current batch 0/1047 (0.00%)
Current loss 0.0007825188222341239 Current batch 100/1047 (9.55%)
Current loss 0.0009338835370726883 Current batch 200/1047 (19.10%)
Current loss 0.0010277819819748402 Current batch 300/1047 (28.65%)
Current loss 0.0007452020072378218 Current batch 400/1047 (38.20%)
Current loss 0.0009817671962082386 Current batch 500/1047 (47.76%)
Current loss 0.0012448072666302323 Current batch 600/1047 (57.31%)
Current loss 0.0008401019731536508 Current batch 700/1047 (66.86%)
Current loss 0.0009244042448699474 Current batch 800/1047 (76.41%)
Current loss 0.0009226176771335304 Current batch 900/1047 (85.96%)
Current loss 0.000913199211936444 Current batch 1000/1047 (95.51%)
Validation set size: 262
### End of the epoch : Validation loss for 17 is 0.001119500957429409
Current loss 0.0010451299604028463 Current batch 0/1047 (0.00%)
Current loss 0.0008532865322194993 Current batch 100/1047 (9.55%)
Current loss 0.0008519399561919272 Current batch 200/1047 (19.10%)
Current loss 0.0009933363180607557 Current batch 300/1047 (28.65%)
Current loss 0.0010940554784610868 Current batch 400/1047 (38.20%)
Current loss 0.0009294089977629483 Current batch 500/1047 (47.76%)
Current loss 0.0012348273303359747 Current batch 600/1047 (57.31%)
Current loss 0.0009335404611192644 Current batch 700/1047 (66.86%)
Current loss 0.0007773521356284618 Current batch 800/1047 (76.41%)
Current loss 0.0011430836748331785 Current batch 900/1047 (85.96%)
Current loss 0.000738831062335521 Current batch 1000/1047 (95.51%)
Validation set size: 262
### End of the epoch : Validation loss for 18 is 0.0010516280308365822
Current loss 0.0011304935906082392 Current batch 0/1047 (0.00%)
Current loss 0.0012866825563833117 Current batch 100/1047 (9.55%)
Current loss 0.0009354294161312282 Current batch 200/1047 (19.10%)
Current loss 0.0009889386128634214 Current batch 300/1047 (28.65%)
Current loss 0.001018949900753796 Current batch 400/1047 (38.20%)
Current loss 0.000901469262316823 Current batch 500/1047 (47.76%)
Current loss 0.0009069381630979478 Current batch 600/1047 (57.31%)
Current loss 0.0011243693297728896 Current batch 700/1047 (66.86%)
Current loss 0.0009696595370769501 Current batch 800/1047 (76.41%)
Current loss 0.0009628127445466816 Current batch 900/1047 (85.96%)
Current loss 0.0008527328027412295 Current batch 1000/1047 (95.51%)
Validation set size: 262
### End of the epoch : Validation loss for 19 is 0.0010507151018828154
Current loss 0.0008086498128250241 Current batch 0/1047 (0.00%)
Current loss 0.0011831268202513456 Current batch 100/1047 (9.55%)
Current loss 0.0005127245094627142 Current batch 200/1047 (19.10%)
Current loss 0.0012443220475688577 Current batch 300/1047 (28.65%)
Current loss 0.0009042355231940746 Current batch 400/1047 (38.20%)
Current loss 0.0013428543461486697 Current batch 500/1047 (47.76%)
Current loss 0.0009542199550196528 Current batch 600/1047 (57.31%)
Current loss 0.0011570657370612025 Current batch 700/1047 (66.86%)
Current loss 0.0009614619193598628 Current batch 800/1047 (76.41%)
Current loss 0.0009848587214946747 Current batch 900/1047 (85.96%)
Current loss 0.000972443784121424 Current batch 1000/1047 (95.51%)
Validation set size: 262
### End of the epoch : Validation loss for 20 is 0.0011034553172066808
Current loss 0.001186696463264525 Current batch 0/1047 (0.00%)
Current loss 0.0008456221548840404 Current batch 100/1047 (9.55%)
Current loss 0.001024757046252489 Current batch 200/1047 (19.10%)
Current loss 0.001166355679742992 Current batch 300/1047 (28.65%)
Current loss 0.0011812577722594142 Current batch 400/1047 (38.20%)
Current loss 0.0014766892418265343 Current batch 500/1047 (47.76%)
Current loss 0.0012961910106241703 Current batch 600/1047 (57.31%)
Current loss 0.0007098510977812111 Current batch 700/1047 (66.86%)
Current loss 0.001367785851471126 Current batch 800/1047 (76.41%)
Current loss 0.0008882035035640001 Current batch 900/1047 (85.96%)
Current loss 0.0009526076610200107 Current batch 1000/1047 (95.51%)
Validation set size: 262
### End of the epoch : Validation loss for 21 is 0.0010535191977396607
Current loss 0.0010462644277140498 Current batch 0/1047 (0.00%)
Current loss 0.0007989275036379695 Current batch 100/1047 (9.55%)
Current loss 0.0009899650467559695 Current batch 200/1047 (19.10%)
Current loss 0.0011005246778950095 Current batch 300/1047 (28.65%)
Current loss 0.0015572085976600647 Current batch 400/1047 (38.20%)
Current loss 0.000853913021273911 Current batch 500/1047 (47.76%)
Current loss 0.0013733827508985996 Current batch 600/1047 (57.31%)
Current loss 0.0007405990036204457 Current batch 700/1047 (66.86%)
Current loss 0.0010861415648832917 Current batch 800/1047 (76.41%)
Current loss 0.0009812344796955585 Current batch 900/1047 (85.96%)
Current loss 0.0009923307225108147 Current batch 1000/1047 (95.51%)
Validation set size: 262
### End of the epoch : Validation loss for 22 is 0.0010666556190699339
Current loss 0.0013060104101896286 Current batch 0/1047 (0.00%)
Current loss 0.0014108112081885338 Current batch 100/1047 (9.55%)
Current loss 0.000938728335313499 Current batch 200/1047 (19.10%)
Current loss 0.0012313335901126266 Current batch 300/1047 (28.65%)
Current loss 0.0011482818517833948 Current batch 400/1047 (38.20%)
Current loss 0.0008144230814650655 Current batch 500/1047 (47.76%)
Current loss 0.001056546694599092 Current batch 600/1047 (57.31%)
Current loss 0.0017767453100532293 Current batch 700/1047 (66.86%)
Current loss 0.0011423886753618717 Current batch 800/1047 (76.41%)
Current loss 0.0010401435429230332 Current batch 900/1047 (85.96%)
Current loss 0.001237134332768619 Current batch 1000/1047 (95.51%)
Validation set size: 262
### End of the epoch : Validation loss for 23 is 0.0010579897789284587
Current loss 0.0014807411935180426 Current batch 0/1047 (0.00%)
Current loss 0.0012403916334733367 Current batch 100/1047 (9.55%)
Current loss 0.0006726370775140822 Current batch 200/1047 (19.10%)
Current loss 0.0006643792730756104 Current batch 300/1047 (28.65%)
Current loss 0.0015093876281753182 Current batch 400/1047 (38.20%)
Current loss 0.0009277494973503053 Current batch 500/1047 (47.76%)
Current loss 0.0008667119545862079 Current batch 600/1047 (57.31%)
Current loss 0.0008141776197589934 Current batch 700/1047 (66.86%)
Current loss 0.0007282926817424595 Current batch 800/1047 (76.41%)
Current loss 0.0008982888539321721 Current batch 900/1047 (85.96%)
Current loss 0.0009913542307913303 Current batch 1000/1047 (95.51%)
Validation set size: 262
### End of the epoch : Validation loss for 24 is 0.0010540676303207874
Current loss 0.001192245865240693 Current batch 0/1047 (0.00%)
Current loss 0.0009454756509512663 Current batch 100/1047 (9.55%)
Current loss 0.001016509486362338 Current batch 200/1047 (19.10%)
Current loss 0.0007996507338248193 Current batch 300/1047 (28.65%)
Current loss 0.0013413152191787958 Current batch 400/1047 (38.20%)
Current loss 0.0008611819939687848 Current batch 500/1047 (47.76%)
Current loss 0.0008196929120458663 Current batch 600/1047 (57.31%)
Current loss 0.001002926379442215 Current batch 700/1047 (66.86%)
Current loss 0.0007969718426465988 Current batch 800/1047 (76.41%)
Current loss 0.0012044450268149376 Current batch 900/1047 (85.96%)
Current loss 0.0012670999858528376 Current batch 1000/1047 (95.51%)
Validation set size: 262
### End of the epoch : Validation loss for 25 is 0.0010554632171988487
Current loss 0.0009065252961590886 Current batch 0/1047 (0.00%)
Current loss 0.0009129474638029933 Current batch 100/1047 (9.55%)
Current loss 0.001249802764505148 Current batch 200/1047 (19.10%)
Current loss 0.0011967027094215155 Current batch 300/1047 (28.65%)
Current loss 0.0012852236395701766 Current batch 400/1047 (38.20%)
Current loss 0.0007514157914556563 Current batch 500/1047 (47.76%)
Current loss 0.001123582711443305 Current batch 600/1047 (57.31%)
Current loss 0.0010771596571430564 Current batch 700/1047 (66.86%)
Current loss 0.0011632468085736036 Current batch 800/1047 (76.41%)
Current loss 0.0010062578367069364 Current batch 900/1047 (85.96%)
Current loss 0.0014637134736403823 Current batch 1000/1047 (95.51%)
Validation set size: 262
### End of the epoch : Validation loss for 26 is 0.0010557557689025998
Current loss 0.0009401701972819865 Current batch 0/1047 (0.00%)
Current loss 0.0010310395155102015 Current batch 100/1047 (9.55%)
Current loss 0.001329571008682251 Current batch 200/1047 (19.10%)
Current loss 0.0008512197528034449 Current batch 300/1047 (28.65%)
Current loss 0.0008428586879745126 Current batch 400/1047 (38.20%)
Current loss 0.001107003539800644 Current batch 500/1047 (47.76%)
Current loss 0.0009193142759613693 Current batch 600/1047 (57.31%)
Current loss 0.0013266733149066567 Current batch 700/1047 (66.86%)
Current loss 0.0007926335092633963 Current batch 800/1047 (76.41%)
Current loss 0.0008866008720360696 Current batch 900/1047 (85.96%)
Current loss 0.0009492258541285992 Current batch 1000/1047 (95.51%)
Validation set size: 262
### End of the epoch : Validation loss for 27 is 0.0010575789492577314
Current loss 0.0009474882390350103 Current batch 0/1047 (0.00%)
Current loss 0.001205817679874599 Current batch 100/1047 (9.55%)
Current loss 0.0011995246168226004 Current batch 200/1047 (19.10%)
Current loss 0.0011117463000118732 Current batch 300/1047 (28.65%)
Current loss 0.0011223009787499905 Current batch 400/1047 (38.20%)
Current loss 0.001010594773106277 Current batch 500/1047 (47.76%)
Current loss 0.0013182803522795439 Current batch 600/1047 (57.31%)
Current loss 0.000845934497192502 Current batch 700/1047 (66.86%)
Current loss 0.0008565731695853174 Current batch 800/1047 (76.41%)
Current loss 0.0010971762239933014 Current batch 900/1047 (85.96%)
Current loss 0.0011896248906850815 Current batch 1000/1047 (95.51%)
Validation set size: 262
### End of the epoch : Validation loss for 28 is 0.0010682718129828572
Current loss 0.0008210542146116495 Current batch 0/1047 (0.00%)
Current loss 0.0013585207052528858 Current batch 100/1047 (9.55%)
Current loss 0.000884316221345216 Current batch 200/1047 (19.10%)
Current loss 0.0010379835730418563 Current batch 300/1047 (28.65%)
Current loss 0.0008217999129556119 Current batch 400/1047 (38.20%)
Current loss 0.0011380623327568173 Current batch 500/1047 (47.76%)
Current loss 0.0013526984257623553 Current batch 600/1047 (57.31%)
Current loss 0.0009634153102524579 Current batch 700/1047 (66.86%)
Current loss 0.0008943809079937637 Current batch 800/1047 (76.41%)
Current loss 0.0008025502902455628 Current batch 900/1047 (85.96%)
Current loss 0.0008152140653692186 Current batch 1000/1047 (95.51%)
Validation set size: 262
### End of the epoch : Validation loss for 29 is 0.0010570442536845803
Current loss 0.0012708303984254599 Current batch 0/1047 (0.00%)
Current loss 0.0011926244478672743 Current batch 100/1047 (9.55%)
Current loss 0.0010389628587290645 Current batch 200/1047 (19.10%)
Current loss 0.0011370450956746936 Current batch 300/1047 (28.65%)
Current loss 0.0013202446280047297 Current batch 400/1047 (38.20%)
Current loss 0.0015573721611872315 Current batch 500/1047 (47.76%)
Current loss 0.0009013516828417778 Current batch 600/1047 (57.31%)
Current loss 0.0014917546650394797 Current batch 700/1047 (66.86%)
Current loss 0.0010617646621540189 Current batch 800/1047 (76.41%)
Current loss 0.0008848660509102046 Current batch 900/1047 (85.96%)
Current loss 0.0009685538243502378 Current batch 1000/1047 (95.51%)
Validation set size: 262
### End of the epoch : Validation loss for 30 is 0.0010670713381841779
Average test MAE loss: 0.024960635519927186
